[0;30m[2020-11-30 16:14:05] [INFO] dataset : esr[0m
[0;30m[2020-11-30 16:14:05] [INFO] prototype number : 10[0m
[0;30m[2020-11-30 16:14:05] [INFO] batch_size : 3000[0m
[0;30m[2020-11-30 16:14:05] [INFO] epoch_size : 100[0m
[0;34m[2020-11-30 16:14:08] [DEBUG] =====starting on ['esr']=======[0m
[0;32m[2020-11-30 16:14:08] [WARNING] =====Mission: Classification=======[0m
[0;32m[2020-11-30 16:14:08] [WARNING] =====k_fold: 1=======[0m
[0;30m[2020-11-30 16:14:15] [INFO] Training acc of traditional FNN: 0.39978262782096863[0m
[0;30m[2020-11-30 16:14:15] [INFO] Test acc of test traditional FNN: 0.3518921434879303[0m
[0;30m[2020-11-30 16:14:19] [INFO] tensor([[0.0999, 0.0999, 0.0999, 0.1000, 0.1000, 0.1003, 0.1001, 0.0998, 0.1000,
         0.1000],
        [0.0999, 0.0999, 0.0999, 0.1000, 0.1000, 0.1003, 0.1001, 0.0998, 0.1000,
         0.1000],
        [0.0999, 0.0999, 0.0999, 0.1000, 0.1000, 0.1003, 0.1001, 0.0998, 0.1000,
         0.1000],
        [0.0999, 0.0999, 0.0999, 0.1000, 0.1000, 0.1003, 0.1001, 0.0998, 0.1000,
         0.1000],
        [0.0999, 0.0999, 0.0999, 0.1000, 0.1000, 0.1003, 0.1001, 0.0998, 0.1000,
         0.1000]], device='cuda:0')[0m
[0;30m[2020-11-30 16:14:19] [INFO] fpn epoch : 1, train acc : 0.23163044452667236, test acc : 0.2205306738615036[0m
[0;30m[2020-11-30 16:14:22] [INFO] tensor([[0.0998, 0.0999, 0.1000, 0.1001, 0.1001, 0.1005, 0.1002, 0.0995, 0.1000,
         0.1001],
        [0.0998, 0.0999, 0.1000, 0.1001, 0.1001, 0.1005, 0.1002, 0.0995, 0.1000,
         0.1001],
        [0.0998, 0.0999, 0.1000, 0.1001, 0.1001, 0.1005, 0.1002, 0.0995, 0.1000,
         0.1001],
        [0.0998, 0.0999, 0.1000, 0.1001, 0.1001, 0.1005, 0.1002, 0.0995, 0.1000,
         0.1001],
        [0.0998, 0.0999, 0.1000, 0.1001, 0.1001, 0.1005, 0.1002, 0.0995, 0.1000,
         0.1001]], device='cuda:0')[0m
[0;30m[2020-11-30 16:14:22] [INFO] fpn epoch : 2, train acc : 0.23456522822380066, test acc : 0.2335798144340515[0m
[0;30m[2020-11-30 16:14:25] [INFO] tensor([[0.0997, 0.0998, 0.1000, 0.1001, 0.1001, 0.1007, 0.1003, 0.0991, 0.1000,
         0.1002],
        [0.0997, 0.0998, 0.1000, 0.1001, 0.1001, 0.1007, 0.1003, 0.0991, 0.1000,
         0.1002],
        [0.0997, 0.0998, 0.1000, 0.1001, 0.1001, 0.1007, 0.1003, 0.0991, 0.1000,
         0.1002],
        [0.0997, 0.0998, 0.1000, 0.1001, 0.1001, 0.1007, 0.1003, 0.0991, 0.1000,
         0.1002],
        [0.0997, 0.0998, 0.1000, 0.1001, 0.1001, 0.1007, 0.1003, 0.0991, 0.1000,
         0.1002]], device='cuda:0')[0m
[0;30m[2020-11-30 16:14:25] [INFO] fpn epoch : 3, train acc : 0.25021740794181824, test acc : 0.2461940050125122[0m
[0;30m[2020-11-30 16:14:29] [INFO] tensor([[0.0996, 0.0997, 0.1000, 0.1002, 0.1002, 0.1010, 0.1004, 0.0987, 0.1000,
         0.1003],
        [0.0996, 0.0997, 0.1000, 0.1002, 0.1002, 0.1010, 0.1004, 0.0987, 0.1000,
         0.1003],
        [0.0996, 0.0997, 0.1000, 0.1002, 0.1002, 0.1010, 0.1004, 0.0987, 0.1000,
         0.1003],
        [0.0996, 0.0997, 0.1000, 0.1002, 0.1002, 0.1010, 0.1004, 0.0987, 0.1000,
         0.1003],
        [0.0996, 0.0997, 0.1000, 0.1002, 0.1002, 0.1010, 0.1004, 0.0987, 0.1000,
         0.1003]], device='cuda:0')[0m
[0;30m[2020-11-30 16:14:29] [INFO] fpn epoch : 4, train acc : 0.2455434799194336, test acc : 0.24053937196731567[0m
[0;30m[2020-11-30 16:14:32] [INFO] tensor([[0.0994, 0.0995, 0.1000, 0.1003, 0.1003, 0.1013, 0.1006, 0.0981, 0.1000,
         0.1005],
        [0.0994, 0.0995, 0.1000, 0.1003, 0.1003, 0.1013, 0.1006, 0.0981, 0.1000,
         0.1005],
        [0.0994, 0.0995, 0.1000, 0.1003, 0.1003, 0.1013, 0.1006, 0.0981, 0.1000,
         0.1005],
        [0.0994, 0.0995, 0.1000, 0.1003, 0.1003, 0.1014, 0.1006, 0.0981, 0.1000,
         0.1005],
        [0.0994, 0.0995, 0.1000, 0.1003, 0.1003, 0.1013, 0.1006, 0.0981, 0.1000,
         0.1005]], device='cuda:0')[0m
[0;30m[2020-11-30 16:14:32] [INFO] fpn epoch : 5, train acc : 0.24380435049533844, test acc : 0.2414093166589737[0m
[0;30m[2020-11-30 16:14:35] [INFO] tensor([[0.0992, 0.0992, 0.1000, 0.1006, 0.1004, 0.1018, 0.1009, 0.0973, 0.1000,
         0.1007],
        [0.0991, 0.0992, 0.1000, 0.1006, 0.1004, 0.1018, 0.1009, 0.0973, 0.1000,
         0.1007],
        [0.0992, 0.0992, 0.1000, 0.1006, 0.1004, 0.1018, 0.1009, 0.0973, 0.1000,
         0.1007],
        [0.0992, 0.0992, 0.1000, 0.1005, 0.1004, 0.1018, 0.1009, 0.0973, 0.1000,
         0.1007],
        [0.0992, 0.0992, 0.1000, 0.1006, 0.1004, 0.1018, 0.1009, 0.0973, 0.1000,
         0.1007]], device='cuda:0')[0m
[0;30m[2020-11-30 16:14:35] [INFO] fpn epoch : 6, train acc : 0.2460869550704956, test acc : 0.2457590252161026[0m
[0;30m[2020-11-30 16:14:39] [INFO] tensor([[0.0988, 0.0989, 0.1001, 0.1009, 0.1005, 0.1024, 0.1013, 0.0963, 0.0999,
         0.1008],
        [0.0986, 0.0989, 0.1001, 0.1009, 0.1006, 0.1025, 0.1014, 0.0963, 0.0999,
         0.1009],
        [0.0988, 0.0989, 0.1001, 0.1009, 0.1005, 0.1024, 0.1013, 0.0963, 0.0999,
         0.1008],
        [0.0988, 0.0989, 0.1001, 0.1009, 0.1005, 0.1025, 0.1013, 0.0963, 0.0999,
         0.1008],
        [0.0988, 0.0989, 0.1001, 0.1009, 0.1005, 0.1025, 0.1013, 0.0963, 0.0999,
         0.1008]], device='cuda:0')[0m
[0;30m[2020-11-30 16:14:39] [INFO] fpn epoch : 7, train acc : 0.24880434572696686, test acc : 0.24793389439582825[0m
[0;30m[2020-11-30 16:14:42] [INFO] tensor([[0.0983, 0.0984, 0.1004, 0.1013, 0.1008, 0.1032, 0.1019, 0.0950, 0.0997,
         0.1010],
        [0.0980, 0.0984, 0.1002, 0.1014, 0.1008, 0.1033, 0.1021, 0.0949, 0.0997,
         0.1010],
        [0.0983, 0.0984, 0.1003, 0.1014, 0.1008, 0.1033, 0.1019, 0.0950, 0.0997,
         0.1010],
        [0.0983, 0.0984, 0.1003, 0.1013, 0.1007, 0.1034, 0.1020, 0.0949, 0.0997,
         0.1010],
        [0.0983, 0.0984, 0.1002, 0.1013, 0.1008, 0.1034, 0.1019, 0.0950, 0.0997,
         0.1010]], device='cuda:0')[0m
[0;30m[2020-11-30 16:14:42] [INFO] fpn epoch : 8, train acc : 0.2509782612323761, test acc : 0.25489342212677[0m
[0;30m[2020-11-30 16:14:45] [INFO] tensor([[0.0976, 0.0978, 0.1007, 0.1020, 0.1010, 0.1044, 0.1028, 0.0933, 0.0993,
         0.1011],
        [0.0972, 0.0978, 0.1005, 0.1021, 0.1011, 0.1046, 0.1032, 0.0930, 0.0994,
         0.1010],
        [0.0975, 0.0978, 0.1006, 0.1020, 0.1010, 0.1044, 0.1028, 0.0933, 0.0993,
         0.1011],
        [0.0976, 0.0978, 0.1006, 0.1020, 0.1010, 0.1048, 0.1030, 0.0930, 0.0993,
         0.1010],
        [0.0975, 0.0978, 0.1005, 0.1020, 0.1010, 0.1047, 0.1028, 0.0933, 0.0993,
         0.1011]], device='cuda:0')[0m
[0;30m[2020-11-30 16:14:45] [INFO] fpn epoch : 9, train acc : 0.2559782564640045, test acc : 0.2575032711029053[0m
[0;30m[2020-11-30 16:14:49] [INFO] tensor([[0.0965, 0.0970, 0.1012, 0.1029, 0.1013, 0.1060, 0.1039, 0.0913, 0.0988,
         0.1011],
        [0.0960, 0.0970, 0.1009, 0.1031, 0.1015, 0.1065, 0.1047, 0.0905, 0.0990,
         0.1008],
        [0.0965, 0.0970, 0.1011, 0.1029, 0.1013, 0.1060, 0.1040, 0.0912, 0.0988,
         0.1011],
        [0.0965, 0.0969, 0.1011, 0.1029, 0.1012, 0.1067, 0.1045, 0.0906, 0.0987,
         0.1008],
        [0.0964, 0.0969, 0.1009, 0.1029, 0.1013, 0.1065, 0.1041, 0.0912, 0.0987,
         0.1011]], device='cuda:0')[0m
[0;30m[2020-11-30 16:14:49] [INFO] fpn epoch : 10, train acc : 0.260326087474823, test acc : 0.2596781253814697[0m
[0;30m[2020-11-30 16:14:52] [INFO] tensor([[0.0950, 0.0962, 0.1020, 0.1041, 0.1016, 0.1082, 0.1054, 0.0887, 0.0980,
         0.1009],
        [0.0944, 0.0960, 0.1016, 0.1045, 0.1020, 0.1089, 0.1068, 0.0873, 0.0984,
         0.1002],
        [0.0952, 0.0961, 0.1017, 0.1041, 0.1016, 0.1084, 0.1055, 0.0887, 0.0980,
         0.1008],
        [0.0949, 0.0958, 0.1019, 0.1041, 0.1013, 0.1095, 0.1069, 0.0874, 0.0977,
         0.1003],
        [0.0949, 0.0959, 0.1013, 0.1039, 0.1014, 0.1091, 0.1062, 0.0887, 0.0979,
         0.1007]], device='cuda:0')[0m
[0;30m[2020-11-30 16:14:52] [INFO] fpn epoch : 11, train acc : 0.26347827911376953, test acc : 0.2618529796600342[0m
[0;30m[2020-11-30 16:14:56] [INFO] tensor([[0.0930, 0.0953, 0.1030, 0.1054, 0.1016, 0.1113, 0.1074, 0.0860, 0.0970,
         0.1000],
        [0.0926, 0.0946, 0.1024, 0.1063, 0.1023, 0.1118, 0.1096, 0.0837, 0.0976,
         0.0991],
        [0.0935, 0.0949, 0.1026, 0.1053, 0.1017, 0.1116, 0.1073, 0.0860, 0.0970,
         0.1000],
        [0.0929, 0.0943, 0.1031, 0.1059, 0.1011, 0.1133, 0.1104, 0.0837, 0.0963,
         0.0989],
        [0.0931, 0.0946, 0.1020, 0.1050, 0.1013, 0.1124, 0.1090, 0.0861, 0.0967,
         0.0997]], device='cuda:0')[0m
[0;30m[2020-11-30 16:14:56] [INFO] fpn epoch : 12, train acc : 0.2682608664035797, test acc : 0.26141801476478577[0m
[0;30m[2020-11-30 16:14:59] [INFO] tensor([[0.0906, 0.0943, 0.1040, 0.1069, 0.1013, 0.1152, 0.1102, 0.0829, 0.0959,
         0.0987],
        [0.0908, 0.0924, 0.1034, 0.1086, 0.1024, 0.1153, 0.1132, 0.0800, 0.0966,
         0.0972],
        [0.0916, 0.0937, 0.1035, 0.1066, 0.1013, 0.1157, 0.1097, 0.0833, 0.0959,
         0.0987],
        [0.0904, 0.0925, 0.1047, 0.1084, 0.1003, 0.1179, 0.1150, 0.0797, 0.0945,
         0.0966],
        [0.0912, 0.0931, 0.1031, 0.1059, 0.1008, 0.1163, 0.1126, 0.0834, 0.0954,
         0.0981]], device='cuda:0')[0m
[0;30m[2020-11-30 16:14:59] [INFO] fpn epoch : 13, train acc : 0.26804348826408386, test acc : 0.2679425776004791[0m
[0;30m[2020-11-30 16:15:02] [INFO] tensor([[0.0882, 0.0934, 0.1048, 0.1084, 0.1006, 0.1191, 0.1133, 0.0802, 0.0949,
         0.0970],
        [0.0890, 0.0897, 0.1043, 0.1117, 0.1022, 0.1191, 0.1171, 0.0765, 0.0956,
         0.0948],
        [0.0898, 0.0924, 0.1042, 0.1076, 0.1005, 0.1199, 0.1127, 0.0809, 0.0949,
         0.0972],
        [0.0877, 0.0904, 0.1064, 0.1113, 0.0988, 0.1226, 0.1204, 0.0763, 0.0926,
         0.0936],
        [0.0895, 0.0915, 0.1047, 0.1065, 0.0997, 0.1202, 0.1168, 0.0808, 0.0941,
         0.0962]], device='cuda:0')[0m
[0;30m[2020-11-30 16:15:02] [INFO] fpn epoch : 14, train acc : 0.2696739137172699, test acc : 0.26968246698379517[0m
[0;30m[2020-11-30 16:15:06] [INFO] tensor([[0.0863, 0.0927, 0.1056, 0.1096, 0.0995, 0.1218, 0.1162, 0.0787, 0.0942,
         0.0955],
        [0.0873, 0.0869, 0.1049, 0.1147, 0.1018, 0.1218, 0.1212, 0.0741, 0.0949,
         0.0924],
        [0.0889, 0.0916, 0.1043, 0.1083, 0.0994, 0.1224, 0.1149, 0.0797, 0.0942,
         0.0962],
        [0.0853, 0.0879, 0.1084, 0.1135, 0.0967, 0.1265, 0.1260, 0.0743, 0.0908,
         0.0906],
        [0.0882, 0.0896, 0.1068, 0.1067, 0.0983, 0.1232, 0.1206, 0.0791, 0.0931,
         0.0944]], device='cuda:0')[0m
[0;30m[2020-11-30 16:15:06] [INFO] fpn epoch : 15, train acc : 0.27152174711227417, test acc : 0.2722923159599304[0m
[0;30m[2020-11-30 16:15:09] [INFO] tensor([[0.0847, 0.0916, 0.1072, 0.1104, 0.0983, 0.1233, 0.1185, 0.0781, 0.0939,
         0.0940],
        [0.0856, 0.0843, 0.1051, 0.1174, 0.1014, 0.1233, 0.1261, 0.0727, 0.0943,
         0.0899],
        [0.0882, 0.0915, 0.1041, 0.1087, 0.0984, 0.1234, 0.1163, 0.0797, 0.0941,
         0.0955],
        [0.0832, 0.0853, 0.1108, 0.1154, 0.0943, 0.1299, 0.1318, 0.0733, 0.0891,
         0.0870],
        [0.0867, 0.0874, 0.1091, 0.1065, 0.0969, 0.1259, 0.1243, 0.0780, 0.0926,
         0.0926]], device='cuda:0')[0m
[0;30m[2020-11-30 16:15:09] [INFO] fpn epoch : 16, train acc : 0.2766304314136505, test acc : 0.27707698941230774[0m
[0;30m[2020-11-30 16:15:13] [INFO] tensor([[0.0838, 0.0905, 0.1091, 0.1105, 0.0973, 0.1235, 0.1197, 0.0788, 0.0941,
         0.0927],
        [0.0842, 0.0823, 0.1054, 0.1194, 0.1008, 0.1240, 0.1305, 0.0723, 0.0932,
         0.0878],
        [0.0880, 0.0917, 0.1045, 0.1084, 0.0975, 0.1228, 0.1165, 0.0809, 0.0944,
         0.0952],
        [0.0815, 0.0828, 0.1132, 0.1167, 0.0918, 0.1325, 0.1369, 0.0730, 0.0877,
         0.0839],
        [0.0853, 0.0852, 0.1114, 0.1056, 0.0956, 0.1278, 0.1279, 0.0781, 0.0925,
         0.0906]], device='cuda:0')[0m
[0;30m[2020-11-30 16:15:13] [INFO] fpn epoch : 17, train acc : 0.2829347848892212, test acc : 0.2836015820503235[0m
[0;30m[2020-11-30 16:15:16] [INFO] tensor([[0.0842, 0.0907, 0.1097, 0.1100, 0.0965, 0.1222, 0.1188, 0.0809, 0.0947,
         0.0922],
        [0.0838, 0.0812, 0.1055, 0.1210, 0.1003, 0.1238, 0.1333, 0.0725, 0.0922,
         0.0865],
        [0.0893, 0.0926, 0.1040, 0.1075, 0.0969, 0.1205, 0.1149, 0.0834, 0.0952,
         0.0957],
        [0.0806, 0.0812, 0.1153, 0.1183, 0.0897, 0.1337, 0.1400, 0.0733, 0.0865,
         0.0816],
        [0.0852, 0.0844, 0.1126, 0.1043, 0.0947, 0.1279, 0.1293, 0.0796, 0.0929,
         0.0893]], device='cuda:0')[0m
[0;30m[2020-11-30 16:15:16] [INFO] fpn epoch : 18, train acc : 0.29250001907348633, test acc : 0.2888212203979492[0m
[0;30m[2020-11-30 16:15:19] [INFO] tensor([[0.0856, 0.0923, 0.1087, 0.1091, 0.0961, 0.1196, 0.1160, 0.0838, 0.0959,
         0.0928],
        [0.0840, 0.0810, 0.1050, 0.1222, 0.1000, 0.1231, 0.1340, 0.0732, 0.0914,
         0.0860],
        [0.0920, 0.0943, 0.1019, 0.1060, 0.0965, 0.1173, 0.1119, 0.0867, 0.0963,
         0.0971],
        [0.0807, 0.0805, 0.1165, 0.1203, 0.0880, 0.1335, 0.1407, 0.0739, 0.0858,
         0.0801],
        [0.0864, 0.0850, 0.1126, 0.1025, 0.0940, 0.1265, 0.1275, 0.0825, 0.0938,
         0.0893]], device='cuda:0')[0m
[0;30m[2020-11-30 16:15:19] [INFO] fpn epoch : 19, train acc : 0.30489131808280945, test acc : 0.29404088854789734[0m
[0;30m[2020-11-30 16:15:23] [INFO] tensor([[0.0877, 0.0954, 0.1063, 0.1073, 0.0958, 0.1157, 0.1122, 0.0876, 0.0976,
         0.0945],
        [0.0848, 0.0812, 0.1046, 0.1231, 0.1001, 0.1224, 0.1335, 0.0737, 0.0907,
         0.0859],
        [0.0964, 0.0969, 0.0985, 0.1040, 0.0964, 0.1127, 0.1073, 0.0906, 0.0981,
         0.0993],
        [0.0814, 0.0807, 0.1172, 0.1227, 0.0866, 0.1322, 0.1400, 0.0746, 0.0855,
         0.0792],
        [0.0885, 0.0867, 0.1113, 0.1003, 0.0937, 0.1241, 0.1237, 0.0861, 0.0952,
         0.0904]], device='cuda:0')[0m
[0;30m[2020-11-30 16:15:23] [INFO] fpn epoch : 20, train acc : 0.3199999928474426, test acc : 0.3053501546382904[0m
[0;30m[2020-11-30 16:15:26] [INFO] tensor([[0.0903, 0.0998, 0.1027, 0.1043, 0.0959, 0.1106, 0.1072, 0.0917, 0.1005,
         0.0970],
        [0.0859, 0.0821, 0.1041, 0.1224, 0.1009, 0.1221, 0.1320, 0.0741, 0.0903,
         0.0861],
        [0.1020, 0.1003, 0.0942, 0.1010, 0.0965, 0.1068, 0.1011, 0.0949, 0.1009,
         0.1022],
        [0.0829, 0.0816, 0.1180, 0.1240, 0.0855, 0.1298, 0.1379, 0.0755, 0.0857,
         0.0790],
        [0.0911, 0.0893, 0.1090, 0.0973, 0.0939, 0.1210, 0.1184, 0.0903, 0.0976,
         0.0921]], device='cuda:0')[0m
[0;30m[2020-11-30 16:15:26] [INFO] fpn epoch : 21, train acc : 0.3371739089488983, test acc : 0.31665942072868347[0m
[0;30m[2020-11-30 16:15:29] [INFO] tensor([[0.0939, 0.1057, 0.0977, 0.0993, 0.0965, 0.1039, 0.1001, 0.0967, 0.1054,
         0.1008],
        [0.0871, 0.0834, 0.1033, 0.1199, 0.1032, 0.1225, 0.1291, 0.0743, 0.0902,
         0.0869],
        [0.1085, 0.1055, 0.0883, 0.0965, 0.0972, 0.0990, 0.0929, 0.0997, 0.1061,
         0.1064],
        [0.0854, 0.0835, 0.1185, 0.1233, 0.0853, 0.1261, 0.1338, 0.0769, 0.0873,
         0.0800],
        [0.0944, 0.0928, 0.1059, 0.0932, 0.0947, 0.1165, 0.1114, 0.0947, 0.1015,
         0.0949]], device='cuda:0')[0m
[0;30m[2020-11-30 16:15:29] [INFO] fpn epoch : 22, train acc : 0.3583695590496063, test acc : 0.3349282443523407[0m
[0;30m[2020-11-30 16:15:33] [INFO] tensor([[0.0992, 0.1140, 0.0900, 0.0914, 0.0981, 0.0947, 0.0902, 0.1034, 0.1124,
         0.1066],
        [0.0894, 0.0855, 0.1011, 0.1147, 0.1077, 0.1222, 0.1236, 0.0754, 0.0913,
         0.0892],
        [0.1167, 0.1133, 0.0800, 0.0884, 0.0984, 0.0885, 0.0817, 0.1059, 0.1145,
         0.1126],
        [0.0897, 0.0874, 0.1172, 0.1197, 0.0864, 0.1198, 0.1267, 0.0800, 0.0903,
         0.0827],
        [0.0998, 0.0975, 0.1000, 0.0878, 0.0965, 0.1088, 0.1028, 0.1010, 0.1066,
         0.0994]], device='cuda:0')[0m
[0;30m[2020-11-30 16:15:33] [INFO] fpn epoch : 23, train acc : 0.37521740794181824, test acc : 0.35363203287124634[0m
[0;30m[2020-11-30 16:15:36] [INFO] tensor([[0.1056, 0.1248, 0.0806, 0.0807, 0.1008, 0.0828, 0.0778, 0.1125, 0.1200,
         0.1144],
        [0.0926, 0.0877, 0.0971, 0.1080, 0.1135, 0.1208, 0.1168, 0.0774, 0.0934,
         0.0926],
        [0.1259, 0.1238, 0.0690, 0.0769, 0.1000, 0.0753, 0.0686, 0.1140, 0.1263,
         0.1202],
        [0.0954, 0.0931, 0.1141, 0.1134, 0.0883, 0.1116, 0.1186, 0.0842, 0.0945,
         0.0869],
        [0.1074, 0.1033, 0.0911, 0.0807, 0.0998, 0.0982, 0.0913, 0.1101, 0.1131,
         0.1050]], device='cuda:0')[0m
[0;30m[2020-11-30 16:15:36] [INFO] fpn epoch : 24, train acc : 0.36934784054756165, test acc : 0.35058721899986267[0m
[0;30m[2020-11-30 16:15:40] [INFO] tensor([[0.1117, 0.1370, 0.0705, 0.0686, 0.1047, 0.0705, 0.0656, 0.1231, 0.1264,
         0.1219],
        [0.0958, 0.0889, 0.0921, 0.1023, 0.1195, 0.1201, 0.1113, 0.0794, 0.0945,
         0.0960],
        [0.1342, 0.1354, 0.0570, 0.0632, 0.1015, 0.0613, 0.0560, 0.1236, 0.1399,
         0.1279],
        [0.1003, 0.0981, 0.1123, 0.1076, 0.0902, 0.1035, 0.1121, 0.0877, 0.0970,
         0.0913],
        [0.1163, 0.1092, 0.0812, 0.0717, 0.1049, 0.0863, 0.0792, 0.1212, 0.1205,
         0.1096]], device='cuda:0')[0m
[0;30m[2020-11-30 16:15:40] [INFO] fpn epoch : 25, train acc : 0.3672826290130615, test acc : 0.3466724753379822[0m
[0;30m[2020-11-30 16:15:43] [INFO] tensor([[0.1162, 0.1479, 0.0613, 0.0579, 0.1097, 0.0596, 0.0557, 0.1341, 0.1308,
         0.1269],
        [0.0964, 0.0889, 0.0877, 0.0984, 0.1244, 0.1208, 0.1110, 0.0802, 0.0943,
         0.0980],
        [0.1392, 0.1454, 0.0467, 0.0507, 0.1025, 0.0492, 0.0459, 0.1346, 0.1519,
         0.1339],
        [0.1026, 0.1004, 0.1118, 0.1052, 0.0916, 0.0968, 0.1094, 0.0898, 0.0977,
         0.0947],
        [0.1229, 0.1131, 0.0723, 0.0624, 0.1116, 0.0755, 0.0697, 0.1335, 0.1269,
         0.1120]], device='cuda:0')[0m
[0;30m[2020-11-30 16:15:43] [INFO] fpn epoch : 26, train acc : 0.3729347884654999, test acc : 0.3514571487903595[0m
[0;30m[2020-11-30 16:15:46] [INFO] tensor([[0.1181, 0.1525, 0.0546, 0.0511, 0.1153, 0.0516, 0.0490, 0.1426, 0.1361,
         0.1291],
        [0.0929, 0.0877, 0.0844, 0.0982, 0.1252, 0.1242, 0.1171, 0.0797, 0.0928,
         0.0978],
        [0.1406, 0.1521, 0.0395, 0.0413, 0.1036, 0.0409, 0.0389, 0.1452, 0.1593,
         0.1387],
        [0.1028, 0.0982, 0.1134, 0.1049, 0.0924, 0.0932, 0.1099, 0.0906, 0.0991,
         0.0954],
        [0.1263, 0.1149, 0.0655, 0.0551, 0.1186, 0.0676, 0.0645, 0.1447, 0.1307,
         0.1122]], device='cuda:0')[0m
[0;30m[2020-11-30 16:15:46] [INFO] fpn epoch : 27, train acc : 0.382500022649765, test acc : 0.3640713393688202[0m
[0;30m[2020-11-30 16:15:50] [INFO] tensor([[0.1206, 0.1544, 0.0494, 0.0463, 0.1192, 0.0455, 0.0444, 0.1493, 0.1426,
         0.1284],
        [0.0879, 0.0864, 0.0827, 0.1004, 0.1190, 0.1291, 0.1264, 0.0799, 0.0906,
         0.0975],
        [0.1403, 0.1561, 0.0346, 0.0354, 0.1050, 0.0354, 0.0343, 0.1520, 0.1629,
         0.1439],
        [0.1028, 0.0956, 0.1164, 0.1054, 0.0914, 0.0908, 0.1118, 0.0908, 0.1007,
         0.0943],
        [0.1271, 0.1164, 0.0596, 0.0498, 0.1233, 0.0619, 0.0618, 0.1538, 0.1337,
         0.1124]], device='cuda:0')[0m
[0;30m[2020-11-30 16:15:50] [INFO] fpn epoch : 28, train acc : 0.39152175188064575, test acc : 0.37494564056396484[0m
[0;30m[2020-11-30 16:15:53] [INFO] tensor([[0.1237, 0.1553, 0.0450, 0.0433, 0.1179, 0.0407, 0.0401, 0.1559, 0.1503,
         0.1279],
        [0.0835, 0.0847, 0.0834, 0.1041, 0.1074, 0.1344, 0.1356, 0.0812, 0.0894,
         0.0963],
        [0.1410, 0.1588, 0.0313, 0.0319, 0.1042, 0.0316, 0.0310, 0.1565, 0.1652,
         0.1484],
        [0.1033, 0.0931, 0.1207, 0.1071, 0.0844, 0.0886, 0.1131, 0.0931, 0.1030,
         0.0935],
        [0.1277, 0.1181, 0.0548, 0.0468, 0.1242, 0.0568, 0.0589, 0.1616, 0.1374,
         0.1137]], device='cuda:0')[0m
[0;30m[2020-11-30 16:15:53] [INFO] fpn epoch : 29, train acc : 0.3966304361820221, test acc : 0.38755980134010315[0m
[0;30m[2020-11-30 16:15:56] [INFO] tensor([[0.1276, 0.1564, 0.0415, 0.0416, 0.1108, 0.0372, 0.0365, 0.1623, 0.1570,
         0.1291],
        [0.0786, 0.0826, 0.0860, 0.1115, 0.0937, 0.1407, 0.1421, 0.0825, 0.0880,
         0.0944],
        [0.1435, 0.1612, 0.0293, 0.0296, 0.1001, 0.0292, 0.0287, 0.1603, 0.1668,
         0.1514],
        [0.1047, 0.0914, 0.1246, 0.1111, 0.0746, 0.0863, 0.1116, 0.0966, 0.1062,
         0.0930],
        [0.1280, 0.1207, 0.0513, 0.0462, 0.1208, 0.0526, 0.0554, 0.1678, 0.1416,
         0.1156]], device='cuda:0')[0m
[0;30m[2020-11-30 16:15:56] [INFO] fpn epoch : 30, train acc : 0.40630435943603516, test acc : 0.3949543237686157[0m
[0;30m[2020-11-30 16:16:00] [INFO] tensor([[0.1325, 0.1581, 0.0383, 0.0403, 0.1008, 0.0346, 0.0335, 0.1674, 0.1626,
         0.1319],
        [0.0734, 0.0803, 0.0896, 0.1208, 0.0818, 0.1477, 0.1442, 0.0837, 0.0864,
         0.0922],
        [0.1470, 0.1630, 0.0278, 0.0281, 0.0944, 0.0276, 0.0270, 0.1629, 0.1678,
         0.1543],
        [0.1064, 0.0917, 0.1255, 0.1153, 0.0661, 0.0835, 0.1064, 0.1011, 0.1100,
         0.0940],
        [0.1278, 0.1245, 0.0484, 0.0470, 0.1140, 0.0489, 0.0512, 0.1733, 0.1461,
         0.1188]], device='cuda:0')[0m
[0;30m[2020-11-30 16:16:00] [INFO] fpn epoch : 31, train acc : 0.41858696937561035, test acc : 0.4119182229042053[0m
[0;30m[2020-11-30 16:16:03] [INFO] tensor([[0.1387, 0.1593, 0.0356, 0.0393, 0.0901, 0.0327, 0.0311, 0.1704, 0.1666,
         0.1362],
        [0.0679, 0.0774, 0.0938, 0.1313, 0.0722, 0.1565, 0.1441, 0.0835, 0.0836,
         0.0898],
        [0.1503, 0.1645, 0.0268, 0.0272, 0.0881, 0.0266, 0.0259, 0.1648, 0.1683,
         0.1575],
        [0.1087, 0.0935, 0.1235, 0.1190, 0.0588, 0.0803, 0.1008, 0.1055, 0.1148,
         0.0950],
        [0.1283, 0.1289, 0.0461, 0.0490, 0.1042, 0.0462, 0.0471, 0.1774, 0.1500,
         0.1228]], device='cuda:0')[0m
[0;30m[2020-11-30 16:16:03] [INFO] fpn epoch : 32, train acc : 0.42054349184036255, test acc : 0.4145280718803406[0m
[0;30m[2020-11-30 16:16:07] [INFO] tensor([[0.1447, 0.1608, 0.0331, 0.0387, 0.0793, 0.0311, 0.0293, 0.1721, 0.1695,
         0.1415],
        [0.0634, 0.0741, 0.0979, 0.1406, 0.0647, 0.1661, 0.1424, 0.0834, 0.0805,
         0.0869],
        [0.1540, 0.1662, 0.0260, 0.0267, 0.0790, 0.0259, 0.0252, 0.1668, 0.1693,
         0.1609],
        [0.1119, 0.0960, 0.1178, 0.1206, 0.0540, 0.0761, 0.0944, 0.1103, 0.1212,
         0.0976],
        [0.1289, 0.1346, 0.0435, 0.0514, 0.0921, 0.0440, 0.0432, 0.1806, 0.1542,
         0.1275]], device='cuda:0')[0m
[0;30m[2020-11-30 16:16:07] [INFO] fpn epoch : 33, train acc : 0.4213043451309204, test acc : 0.4188777804374695[0m
[0;30m[2020-11-30 16:16:10] [INFO] tensor([[0.1496, 0.1622, 0.0312, 0.0377, 0.0681, 0.0300, 0.0281, 0.1738, 0.1723,
         0.1469],
        [0.0603, 0.0707, 0.1024, 0.1487, 0.0594, 0.1754, 0.1422, 0.0817, 0.0762,
         0.0831],
        [0.1571, 0.1683, 0.0257, 0.0264, 0.0679, 0.0257, 0.0250, 0.1690, 0.1710,
         0.1640],
        [0.1144, 0.0987, 0.1114, 0.1181, 0.0513, 0.0722, 0.0893, 0.1162, 0.1279,
         0.1006],
        [0.1288, 0.1396, 0.0414, 0.0529, 0.0797, 0.0425, 0.0407, 0.1841, 0.1587,
         0.1316]], device='cuda:0')[0m
[0;30m[2020-11-30 16:16:10] [INFO] fpn epoch : 34, train acc : 0.4227173924446106, test acc : 0.4193127453327179[0m
[0;30m[2020-11-30 16:16:14] [INFO] tensor([[0.1545, 0.1630, 0.0299, 0.0362, 0.0576, 0.0293, 0.0273, 0.1752, 0.1744,
         0.1525],
        [0.0579, 0.0680, 0.1064, 0.1536, 0.0553, 0.1849, 0.1430, 0.0794, 0.0726,
         0.0789],
        [0.1603, 0.1702, 0.0255, 0.0261, 0.0578, 0.0255, 0.0249, 0.1710, 0.1724,
         0.1662],
        [0.1191, 0.1014, 0.1047, 0.1113, 0.0491, 0.0683, 0.0853, 0.1234, 0.1335,
         0.1038],
        [0.1295, 0.1432, 0.0401, 0.0531, 0.0689, 0.0413, 0.0389, 0.1872, 0.1635,
         0.1344]], device='cuda:0')[0m
[0;30m[2020-11-30 16:16:14] [INFO] fpn epoch : 35, train acc : 0.4222826063632965, test acc : 0.4145280718803406[0m
[0;30m[2020-11-30 16:16:17] [INFO] tensor([[0.1588, 0.1644, 0.0290, 0.0346, 0.0487, 0.0289, 0.0269, 0.1763, 0.1756,
         0.1568],
        [0.0557, 0.0660, 0.1107, 0.1557, 0.0519, 0.1951, 0.1444, 0.0768, 0.0693,
         0.0744],
        [0.1633, 0.1718, 0.0255, 0.0259, 0.0488, 0.0255, 0.0250, 0.1724, 0.1737,
         0.1682],
        [0.1254, 0.1051, 0.0984, 0.1033, 0.0473, 0.0658, 0.0819, 0.1292, 0.1369,
         0.1068],
        [0.1318, 0.1460, 0.0390, 0.0519, 0.0588, 0.0410, 0.0380, 0.1892, 0.1669,
         0.1375]], device='cuda:0')[0m
[0;30m[2020-11-30 16:16:17] [INFO] fpn epoch : 36, train acc : 0.42347827553749084, test acc : 0.41670292615890503[0m
[0;30m[2020-11-30 16:16:20] [INFO] tensor([[0.1622, 0.1658, 0.0283, 0.0331, 0.0413, 0.0287, 0.0267, 0.1773, 0.1768,
         0.1597],
        [0.0537, 0.0639, 0.1142, 0.1563, 0.0493, 0.2057, 0.1463, 0.0739, 0.0666,
         0.0701],
        [0.1660, 0.1733, 0.0255, 0.0257, 0.0408, 0.0256, 0.0250, 0.1737, 0.1748,
         0.1697],
        [0.1296, 0.1096, 0.0911, 0.0958, 0.0463, 0.0641, 0.0786, 0.1358, 0.1402,
         0.1089],
        [0.1342, 0.1478, 0.0379, 0.0499, 0.0500, 0.0415, 0.0376, 0.1913, 0.1697,
         0.1402]], device='cuda:0')[0m
[0;30m[2020-11-30 16:16:20] [INFO] fpn epoch : 37, train acc : 0.4253261089324951, test acc : 0.42105263471603394[0m
[0;30m[2020-11-30 16:16:24] [INFO] tensor([[0.1648, 0.1669, 0.0278, 0.0321, 0.0359, 0.0287, 0.0266, 0.1779, 0.1775,
         0.1619],
        [0.0516, 0.0616, 0.1169, 0.1573, 0.0470, 0.2156, 0.1479, 0.0717, 0.0645,
         0.0661],
        [0.1681, 0.1743, 0.0255, 0.0256, 0.0351, 0.0256, 0.0251, 0.1747, 0.1755,
         0.1706],
        [0.1314, 0.1142, 0.0844, 0.0898, 0.0451, 0.0623, 0.0752, 0.1440, 0.1435,
         0.1101],
        [0.1362, 0.1489, 0.0370, 0.0480, 0.0433, 0.0423, 0.0373, 0.1924, 0.1723,
         0.1422]], device='cuda:0')[0m
[0;30m[2020-11-30 16:16:24] [INFO] fpn epoch : 38, train acc : 0.426630437374115, test acc : 0.42235755920410156[0m
[0;30m[2020-11-30 16:16:27] [INFO] tensor([[0.1665, 0.1677, 0.0275, 0.0313, 0.0320, 0.0288, 0.0265, 0.1786, 0.1783,
         0.1627],
        [0.0500, 0.0595, 0.1182, 0.1588, 0.0455, 0.2245, 0.1483, 0.0701, 0.0629,
         0.0623],
        [0.1697, 0.1751, 0.0255, 0.0255, 0.0311, 0.0256, 0.0251, 0.1754, 0.1761,
         0.1710],
        [0.1308, 0.1185, 0.0788, 0.0851, 0.0446, 0.0613, 0.0722, 0.1542, 0.1461,
         0.1083],
        [0.1368, 0.1493, 0.0363, 0.0465, 0.0383, 0.0431, 0.0371, 0.1943, 0.1752,
         0.1432]], device='cuda:0')[0m
[0;30m[2020-11-30 16:16:27] [INFO] fpn epoch : 39, train acc : 0.42891305685043335, test acc : 0.4288821220397949[0m
[0;30m[2020-11-30 16:16:30] [INFO] tensor([[0.1677, 0.1683, 0.0273, 0.0307, 0.0296, 0.0289, 0.0265, 0.1792, 0.1786,
         0.1632],
        [0.0486, 0.0578, 0.1180, 0.1615, 0.0443, 0.2321, 0.1481, 0.0688, 0.0617,
         0.0592],
        [0.1708, 0.1755, 0.0254, 0.0254, 0.0287, 0.0257, 0.0251, 0.1759, 0.1765,
         0.1710],
        [0.1296, 0.1217, 0.0742, 0.0811, 0.0441, 0.0604, 0.0691, 0.1668, 0.1480,
         0.1051],
        [0.1366, 0.1490, 0.0357, 0.0454, 0.0353, 0.0437, 0.0368, 0.1957, 0.1779,
         0.1439]], device='cuda:0')[0m
[0;30m[2020-11-30 16:16:30] [INFO] fpn epoch : 40, train acc : 0.4331521689891815, test acc : 0.4293171167373657[0m
[0;30m[2020-11-30 16:16:34] [INFO] tensor([[0.1686, 0.1685, 0.0271, 0.0304, 0.0281, 0.0289, 0.0265, 0.1799, 0.1788,
         0.1631],
        [0.0473, 0.0562, 0.1177, 0.1656, 0.0433, 0.2374, 0.1478, 0.0678, 0.0603,
         0.0566],
        [0.1714, 0.1758, 0.0254, 0.0254, 0.0273, 0.0256, 0.0250, 0.1764, 0.1768,
         0.1710],
        [0.1270, 0.1244, 0.0711, 0.0782, 0.0435, 0.0593, 0.0666, 0.1800, 0.1488,
         0.1009],
        [0.1361, 0.1476, 0.0354, 0.0449, 0.0334, 0.0444, 0.0366, 0.1973, 0.1804,
         0.1440]], device='cuda:0')[0m
[0;30m[2020-11-30 16:16:34] [INFO] fpn epoch : 41, train acc : 0.4355434775352478, test acc : 0.43018704652786255[0m
[0;30m[2020-11-30 16:16:37] [INFO] tensor([[0.1693, 0.1688, 0.0271, 0.0302, 0.0272, 0.0288, 0.0265, 0.1806, 0.1792,
         0.1623],
        [0.0465, 0.0550, 0.1174, 0.1698, 0.0427, 0.2406, 0.1470, 0.0672, 0.0591,
         0.0546],
        [0.1718, 0.1759, 0.0254, 0.0254, 0.0264, 0.0256, 0.0250, 0.1767, 0.1770,
         0.1708],
        [0.1250, 0.1273, 0.0693, 0.0754, 0.0431, 0.0577, 0.0640, 0.1932, 0.1488,
         0.0961],
        [0.1362, 0.1455, 0.0351, 0.0446, 0.0324, 0.0445, 0.0363, 0.1994, 0.1826,
         0.1435]], device='cuda:0')[0m
[0;30m[2020-11-30 16:16:37] [INFO] fpn epoch : 42, train acc : 0.4381521940231323, test acc : 0.43018704652786255[0m
[0;30m[2020-11-30 16:16:41] [INFO] tensor([[0.1701, 0.1690, 0.0271, 0.0300, 0.0266, 0.0288, 0.0265, 0.1814, 0.1796,
         0.1608],
        [0.0456, 0.0538, 0.1190, 0.1741, 0.0422, 0.2421, 0.1465, 0.0662, 0.0580,
         0.0526],
        [0.1722, 0.1760, 0.0253, 0.0254, 0.0258, 0.0256, 0.0250, 0.1769, 0.1772,
         0.1706],
        [0.1239, 0.1296, 0.0686, 0.0732, 0.0426, 0.0561, 0.0621, 0.2043, 0.1485,
         0.0911],
        [0.1367, 0.1431, 0.0350, 0.0448, 0.0318, 0.0443, 0.0362, 0.2016, 0.1844,
         0.1420]], device='cuda:0')[0m
[0;30m[2020-11-30 16:16:41] [INFO] fpn epoch : 43, train acc : 0.43923914432525635, test acc : 0.4284471571445465[0m
[0;30m[2020-11-30 16:16:44] [INFO] tensor([[0.1708, 0.1694, 0.0271, 0.0300, 0.0263, 0.0287, 0.0265, 0.1822, 0.1802,
         0.1588],
        [0.0450, 0.0530, 0.1211, 0.1776, 0.0418, 0.2421, 0.1454, 0.0655, 0.0574,
         0.0510],
        [0.1727, 0.1760, 0.0253, 0.0255, 0.0254, 0.0255, 0.0250, 0.1770, 0.1774,
         0.1702],
        [0.1237, 0.1318, 0.0681, 0.0708, 0.0423, 0.0545, 0.0606, 0.2129, 0.1491,
         0.0863],
        [0.1372, 0.1406, 0.0350, 0.0448, 0.0316, 0.0437, 0.0361, 0.2044, 0.1865,
         0.1402]], device='cuda:0')[0m
[0;30m[2020-11-30 16:16:44] [INFO] fpn epoch : 44, train acc : 0.4404347836971283, test acc : 0.4293171167373657[0m
[0;30m[2020-11-30 16:16:47] [INFO] tensor([[0.1715, 0.1697, 0.0272, 0.0301, 0.0261, 0.0287, 0.0266, 0.1833, 0.1811,
         0.1557],
        [0.0445, 0.0521, 0.1237, 0.1810, 0.0417, 0.2414, 0.1444, 0.0649, 0.0568,
         0.0495],
        [0.1730, 0.1759, 0.0253, 0.0255, 0.0252, 0.0255, 0.0250, 0.1772, 0.1776,
         0.1697],
        [0.1231, 0.1333, 0.0685, 0.0686, 0.0421, 0.0531, 0.0597, 0.2200, 0.1505,
         0.0810],
        [0.1371, 0.1374, 0.0352, 0.0449, 0.0316, 0.0430, 0.0363, 0.2079, 0.1889,
         0.1377]], device='cuda:0')[0m
[0;30m[2020-11-30 16:16:47] [INFO] fpn epoch : 45, train acc : 0.44173914194107056, test acc : 0.4288821220397949[0m
[0;30m[2020-11-30 16:16:51] [INFO] tensor([[0.1725, 0.1701, 0.0274, 0.0302, 0.0260, 0.0286, 0.0268, 0.1844, 0.1820,
         0.1521],
        [0.0440, 0.0512, 0.1269, 0.1839, 0.0415, 0.2401, 0.1430, 0.0647, 0.0564,
         0.0482],
        [0.1733, 0.1759, 0.0254, 0.0256, 0.0250, 0.0255, 0.0250, 0.1773, 0.1777,
         0.1692],
        [0.1228, 0.1347, 0.0691, 0.0671, 0.0417, 0.0516, 0.0588, 0.2254, 0.1532,
         0.0756],
        [0.1373, 0.1344, 0.0354, 0.0451, 0.0317, 0.0425, 0.0364, 0.2112, 0.1914,
         0.1346]], device='cuda:0')[0m
[0;30m[2020-11-30 16:16:51] [INFO] fpn epoch : 46, train acc : 0.4419565200805664, test acc : 0.4284471571445465[0m
[0;30m[2020-11-30 16:16:54] [INFO] tensor([[0.1733, 0.1704, 0.0276, 0.0303, 0.0260, 0.0286, 0.0269, 0.1857, 0.1832,
         0.1480],
        [0.0436, 0.0504, 0.1303, 0.1858, 0.0414, 0.2391, 0.1415, 0.0647, 0.0560,
         0.0472],
        [0.1736, 0.1759, 0.0254, 0.0256, 0.0249, 0.0255, 0.0250, 0.1776, 0.1779,
         0.1685],
        [0.1218, 0.1351, 0.0698, 0.0657, 0.0414, 0.0505, 0.0581, 0.2303, 0.1565,
         0.0707],
        [0.1368, 0.1308, 0.0358, 0.0453, 0.0320, 0.0422, 0.0367, 0.2153, 0.1939,
         0.1313]], device='cuda:0')[0m
[0;30m[2020-11-30 16:16:54] [INFO] fpn epoch : 47, train acc : 0.44315218925476074, test acc : 0.42670726776123047[0m
[0;30m[2020-11-30 16:16:58] [INFO] tensor([[0.1739, 0.1706, 0.0278, 0.0304, 0.0260, 0.0287, 0.0271, 0.1869, 0.1843,
         0.1442],
        [0.0432, 0.0495, 0.1334, 0.1877, 0.0412, 0.2383, 0.1399, 0.0650, 0.0557,
         0.0462],
        [0.1738, 0.1760, 0.0254, 0.0257, 0.0248, 0.0255, 0.0250, 0.1778, 0.1781,
         0.1678],
        [0.1201, 0.1352, 0.0707, 0.0644, 0.0411, 0.0496, 0.0574, 0.2346, 0.1604,
         0.0664],
        [0.1357, 0.1271, 0.0362, 0.0454, 0.0322, 0.0421, 0.0370, 0.2191, 0.1963,
         0.1289]], device='cuda:0')[0m
[0;30m[2020-11-30 16:16:58] [INFO] fpn epoch : 48, train acc : 0.4438043534755707, test acc : 0.42670726776123047[0m
[0;30m[2020-11-30 16:17:01] [INFO] tensor([[0.1744, 0.1707, 0.0280, 0.0305, 0.0261, 0.0287, 0.0272, 0.1881, 0.1853,
         0.1409],
        [0.0427, 0.0484, 0.1357, 0.1898, 0.0409, 0.2375, 0.1390, 0.0654, 0.0552,
         0.0454],
        [0.1739, 0.1760, 0.0254, 0.0257, 0.0248, 0.0255, 0.0250, 0.1780, 0.1783,
         0.1673],
        [0.1171, 0.1348, 0.0716, 0.0633, 0.0410, 0.0489, 0.0569, 0.2390, 0.1646,
         0.0628],
        [0.1340, 0.1231, 0.0367, 0.0455, 0.0326, 0.0422, 0.0373, 0.2231, 0.1986,
         0.1269]], device='cuda:0')[0m
[0;30m[2020-11-30 16:17:01] [INFO] fpn epoch : 49, train acc : 0.44260871410369873, test acc : 0.43018704652786255[0m
[0;30m[2020-11-30 16:17:04] [INFO] tensor([[0.1747, 0.1706, 0.0282, 0.0306, 0.0261, 0.0288, 0.0273, 0.1891, 0.1863,
         0.1383],
        [0.0422, 0.0474, 0.1372, 0.1920, 0.0407, 0.2370, 0.1381, 0.0661, 0.0546,
         0.0447],
        [0.1739, 0.1760, 0.0254, 0.0257, 0.0247, 0.0255, 0.0250, 0.1782, 0.1785,
         0.1670],
        [0.1131, 0.1341, 0.0720, 0.0627, 0.0409, 0.0484, 0.0564, 0.2435, 0.1690,
         0.0599],
        [0.1321, 0.1189, 0.0372, 0.0455, 0.0329, 0.0424, 0.0376, 0.2269, 0.2008,
         0.1258]], device='cuda:0')[0m
[0;30m[2020-11-30 16:17:04] [INFO] fpn epoch : 50, train acc : 0.4440217614173889, test acc : 0.43062201142311096[0m
[0;30m[2020-11-30 16:17:08] [INFO] tensor([[0.1746, 0.1703, 0.0283, 0.0307, 0.0262, 0.0288, 0.0274, 0.1902, 0.1872,
         0.1363],
        [0.0418, 0.0465, 0.1379, 0.1936, 0.0405, 0.2370, 0.1376, 0.0670, 0.0541,
         0.0441],
        [0.1739, 0.1760, 0.0254, 0.0257, 0.0247, 0.0255, 0.0250, 0.1784, 0.1787,
         0.1667],
        [0.1090, 0.1322, 0.0723, 0.0626, 0.0411, 0.0483, 0.0563, 0.2481, 0.1726,
         0.0577],
        [0.1296, 0.1142, 0.0377, 0.0454, 0.0333, 0.0425, 0.0380, 0.2309, 0.2031,
         0.1254]], device='cuda:0')[0m
[0;30m[2020-11-30 16:17:08] [INFO] fpn epoch : 51, train acc : 0.44619566202163696, test acc : 0.432361900806427[0m
[0;30m[2020-11-30 16:17:11] [INFO] tensor([[0.1746, 0.1700, 0.0284, 0.0308, 0.0262, 0.0288, 0.0275, 0.1907, 0.1877,
         0.1353],
        [0.0412, 0.0455, 0.1389, 0.1952, 0.0400, 0.2366, 0.1373, 0.0683, 0.0537,
         0.0433],
        [0.1738, 0.1760, 0.0254, 0.0258, 0.0246, 0.0255, 0.0250, 0.1785, 0.1788,
         0.1667],
        [0.1059, 0.1301, 0.0722, 0.0628, 0.0410, 0.0480, 0.0561, 0.2513, 0.1767,
         0.0559],
        [0.1277, 0.1103, 0.0379, 0.0453, 0.0333, 0.0425, 0.0381, 0.2330, 0.2051,
         0.1267]], device='cuda:0')[0m
[0;30m[2020-11-30 16:17:11] [INFO] fpn epoch : 52, train acc : 0.4482608735561371, test acc : 0.43540671467781067[0m
[0;30m[2020-11-30 16:17:14] [INFO] tensor([[0.1746, 0.1698, 0.0285, 0.0309, 0.0263, 0.0288, 0.0275, 0.1914, 0.1883,
         0.1339],
        [0.0407, 0.0445, 0.1401, 0.1963, 0.0396, 0.2364, 0.1374, 0.0693, 0.0532,
         0.0426],
        [0.1736, 0.1759, 0.0254, 0.0258, 0.0246, 0.0255, 0.0250, 0.1786, 0.1789,
         0.1667],
        [0.1025, 0.1271, 0.0726, 0.0632, 0.0411, 0.0479, 0.0561, 0.2545, 0.1807,
         0.0545],
        [0.1255, 0.1058, 0.0382, 0.0453, 0.0335, 0.0425, 0.0383, 0.2355, 0.2076,
         0.1279]], device='cuda:0')[0m
[0;30m[2020-11-30 16:17:14] [INFO] fpn epoch : 53, train acc : 0.4482608735561371, test acc : 0.4362766444683075[0m
[0;30m[2020-11-30 16:17:18] [INFO] tensor([[0.1745, 0.1696, 0.0286, 0.0309, 0.0264, 0.0288, 0.0276, 0.1925, 0.1894,
         0.1316],
        [0.0405, 0.0438, 0.1409, 0.1962, 0.0395, 0.2365, 0.1367, 0.0706, 0.0531,
         0.0422],
        [0.1734, 0.1758, 0.0254, 0.0258, 0.0246, 0.0255, 0.0250, 0.1788, 0.1792,
         0.1665],
        [0.0989, 0.1225, 0.0725, 0.0636, 0.0415, 0.0480, 0.0562, 0.2587, 0.1848,
         0.0534],
        [0.1227, 0.0995, 0.0385, 0.0453, 0.0339, 0.0426, 0.0385, 0.2393, 0.2111,
         0.1285]], device='cuda:0')[0m
[0;30m[2020-11-30 16:17:18] [INFO] fpn epoch : 54, train acc : 0.4503260850906372, test acc : 0.4371466040611267[0m
[0;30m[2020-11-30 16:17:21] [INFO] tensor([[0.1743, 0.1693, 0.0287, 0.0311, 0.0265, 0.0289, 0.0277, 0.1934, 0.1903,
         0.1298],
        [0.0399, 0.0429, 0.1426, 0.1962, 0.0391, 0.2359, 0.1371, 0.0719, 0.0529,
         0.0415],
        [0.1732, 0.1757, 0.0253, 0.0258, 0.0246, 0.0255, 0.0250, 0.1790, 0.1794,
         0.1665],
        [0.0954, 0.1177, 0.0731, 0.0644, 0.0417, 0.0481, 0.0564, 0.2618, 0.1891,
         0.0523],
        [0.1199, 0.0928, 0.0390, 0.0455, 0.0342, 0.0428, 0.0389, 0.2427, 0.2147,
         0.1295]], device='cuda:0')[0m
[0;30m[2020-11-30 16:17:21] [INFO] fpn epoch : 55, train acc : 0.4514130651950836, test acc : 0.43932145833969116[0m
[0;30m[2020-11-30 16:17:24] [INFO] tensor([[0.1736, 0.1688, 0.0288, 0.0312, 0.0265, 0.0289, 0.0278, 0.1942, 0.1910,
         0.1292],
        [0.0394, 0.0421, 0.1441, 0.1956, 0.0387, 0.2351, 0.1376, 0.0735, 0.0530,
         0.0409],
        [0.1731, 0.1755, 0.0253, 0.0258, 0.0246, 0.0255, 0.0250, 0.1792, 0.1795,
         0.1666],
        [0.0916, 0.1125, 0.0734, 0.0653, 0.0419, 0.0482, 0.0566, 0.2652, 0.1937,
         0.0517],
        [0.1161, 0.0863, 0.0394, 0.0457, 0.0346, 0.0430, 0.0393, 0.2461, 0.2185,
         0.1309]], device='cuda:0')[0m
[0;30m[2020-11-30 16:17:24] [INFO] fpn epoch : 56, train acc : 0.4527173936367035, test acc : 0.44193127751350403[0m
[0;30m[2020-11-30 16:17:28] [INFO] tensor([[0.1726, 0.1674, 0.0289, 0.0312, 0.0267, 0.0290, 0.0279, 0.1953, 0.1920,
         0.1289],
        [0.0392, 0.0415, 0.1452, 0.1949, 0.0386, 0.2351, 0.1376, 0.0744, 0.0529,
         0.0405],
        [0.1729, 0.1753, 0.0253, 0.0258, 0.0246, 0.0255, 0.0250, 0.1794, 0.1798,
         0.1666],
        [0.0874, 0.1064, 0.0734, 0.0662, 0.0424, 0.0486, 0.0570, 0.2695, 0.1978,
         0.0513],
        [0.1112, 0.0795, 0.0400, 0.0460, 0.0352, 0.0434, 0.0398, 0.2507, 0.2225,
         0.1319]], device='cuda:0')[0m
[0;30m[2020-11-30 16:17:28] [INFO] fpn epoch : 57, train acc : 0.4548913240432739, test acc : 0.4441061317920685[0m
[0;30m[2020-11-30 16:17:31] [INFO] tensor([[0.1715, 0.1660, 0.0290, 0.0313, 0.0268, 0.0290, 0.0280, 0.1962, 0.1929,
         0.1292],
        [0.0389, 0.0409, 0.1465, 0.1944, 0.0384, 0.2347, 0.1378, 0.0756, 0.0528,
         0.0400],
        [0.1727, 0.1750, 0.0253, 0.0257, 0.0246, 0.0255, 0.0250, 0.1796, 0.1799,
         0.1667],
        [0.0839, 0.1003, 0.0735, 0.0671, 0.0427, 0.0489, 0.0574, 0.2734, 0.2019,
         0.0510],
        [0.1070, 0.0727, 0.0404, 0.0462, 0.0356, 0.0437, 0.0403, 0.2545, 0.2261,
         0.1336]], device='cuda:0')[0m
[0;30m[2020-11-30 16:17:31] [INFO] fpn epoch : 58, train acc : 0.45500001311302185, test acc : 0.44758591055870056[0m
[0;30m[2020-11-30 16:17:35] [INFO] tensor([[0.1708, 0.1647, 0.0291, 0.0314, 0.0268, 0.0291, 0.0280, 0.1967, 0.1934,
         0.1301],
        [0.0385, 0.0402, 0.1479, 0.1938, 0.0381, 0.2342, 0.1378, 0.0770, 0.0530,
         0.0395],
        [0.1726, 0.1747, 0.0253, 0.0257, 0.0246, 0.0255, 0.0249, 0.1797, 0.1800,
         0.1671],
        [0.0813, 0.0944, 0.0733, 0.0678, 0.0428, 0.0491, 0.0576, 0.2768, 0.2061,
         0.0506],
        [0.1042, 0.0666, 0.0407, 0.0463, 0.0359, 0.0438, 0.0406, 0.2571, 0.2291,
         0.1357]], device='cuda:0')[0m
[0;30m[2020-11-30 16:17:35] [INFO] fpn epoch : 59, train acc : 0.4568478465080261, test acc : 0.45150065422058105[0m
[0;30m[2020-11-30 16:17:38] [INFO] tensor([[0.1703, 0.1625, 0.0291, 0.0314, 0.0269, 0.0291, 0.0281, 0.1977, 0.1943,
         0.1303],
        [0.0383, 0.0397, 0.1491, 0.1932, 0.0380, 0.2343, 0.1372, 0.0780, 0.0530,
         0.0392],
        [0.1725, 0.1744, 0.0252, 0.0257, 0.0246, 0.0255, 0.0249, 0.1799, 0.1802,
         0.1670],
        [0.0786, 0.0882, 0.0730, 0.0687, 0.0432, 0.0495, 0.0581, 0.2810, 0.2094,
         0.0503],
        [0.1011, 0.0611, 0.0411, 0.0464, 0.0363, 0.0440, 0.0409, 0.2604, 0.2322,
         0.1366]], device='cuda:0')[0m
[0;30m[2020-11-30 16:17:38] [INFO] fpn epoch : 60, train acc : 0.4588043689727783, test acc : 0.45063072443008423[0m
[0;30m[2020-11-30 16:17:41] [INFO] tensor([[0.1702, 0.1599, 0.0292, 0.0315, 0.0271, 0.0292, 0.0282, 0.1987, 0.1952,
         0.1309],
        [0.0382, 0.0393, 0.1502, 0.1924, 0.0379, 0.2344, 0.1361, 0.0793, 0.0533,
         0.0390],
        [0.1726, 0.1742, 0.0252, 0.0257, 0.0246, 0.0255, 0.0249, 0.1801, 0.1803,
         0.1670],
        [0.0761, 0.0829, 0.0725, 0.0695, 0.0436, 0.0499, 0.0583, 0.2850, 0.2122,
         0.0500],
        [0.0991, 0.0561, 0.0413, 0.0463, 0.0366, 0.0441, 0.0411, 0.2632, 0.2348,
         0.1374]], device='cuda:0')[0m
[0;30m[2020-11-30 16:17:41] [INFO] fpn epoch : 61, train acc : 0.4595652222633362, test acc : 0.449760764837265[0m
[0;30m[2020-11-30 16:17:45] [INFO] tensor([[0.1701, 0.1565, 0.0292, 0.0316, 0.0272, 0.0293, 0.0282, 0.1996, 0.1960,
         0.1323],
        [0.0379, 0.0388, 0.1517, 0.1919, 0.0376, 0.2345, 0.1358, 0.0802, 0.0530,
         0.0386],
        [0.1726, 0.1739, 0.0252, 0.0257, 0.0246, 0.0255, 0.0249, 0.1802, 0.1803,
         0.1672],
        [0.0737, 0.0783, 0.0724, 0.0705, 0.0438, 0.0503, 0.0586, 0.2887, 0.2140,
         0.0497],
        [0.0975, 0.0520, 0.0415, 0.0464, 0.0368, 0.0441, 0.0413, 0.2652, 0.2365,
         0.1386]], device='cuda:0')[0m
[0;30m[2020-11-30 16:17:45] [INFO] fpn epoch : 62, train acc : 0.4616304337978363, test acc : 0.4532405436038971[0m
[0;30m[2020-11-30 16:17:48] [INFO] tensor([[0.1701, 0.1519, 0.0293, 0.0318, 0.0272, 0.0294, 0.0283, 0.2002, 0.1966,
         0.1353],
        [0.0377, 0.0384, 0.1529, 0.1914, 0.0374, 0.2344, 0.1352, 0.0815, 0.0526,
         0.0383],
        [0.1725, 0.1738, 0.0251, 0.0256, 0.0246, 0.0255, 0.0249, 0.1802, 0.1802,
         0.1676],
        [0.0716, 0.0747, 0.0722, 0.0713, 0.0440, 0.0505, 0.0587, 0.2922, 0.2152,
         0.0496],
        [0.0965, 0.0488, 0.0415, 0.0462, 0.0369, 0.0439, 0.0414, 0.2660, 0.2375,
         0.1413]], device='cuda:0')[0m
[0;30m[2020-11-30 16:17:48] [INFO] fpn epoch : 63, train acc : 0.4644565284252167, test acc : 0.45628535747528076[0m
[0;30m[2020-11-30 16:17:52] [INFO] tensor([[0.1700, 0.1457, 0.0294, 0.0320, 0.0275, 0.0295, 0.0285, 0.2022, 0.1983,
         0.1368],
        [0.0377, 0.0384, 0.1533, 0.1910, 0.0376, 0.2356, 0.1340, 0.0820, 0.0521,
         0.0384],
        [0.1723, 0.1736, 0.0251, 0.0256, 0.0246, 0.0255, 0.0248, 0.1804, 0.1804,
         0.1676],
        [0.0691, 0.0713, 0.0717, 0.0720, 0.0446, 0.0510, 0.0588, 0.2971, 0.2150,
         0.0494],
        [0.0942, 0.0463, 0.0416, 0.0461, 0.0372, 0.0437, 0.0415, 0.2683, 0.2387,
         0.1424]], device='cuda:0')[0m
[0;30m[2020-11-30 16:17:52] [INFO] fpn epoch : 64, train acc : 0.46478262543678284, test acc : 0.4571552872657776[0m
[0;30m[2020-11-30 16:17:55] [INFO] tensor([[0.1705, 0.1395, 0.0296, 0.0322, 0.0277, 0.0297, 0.0286, 0.2036, 0.1996,
         0.1390],
        [0.0376, 0.0381, 0.1540, 0.1910, 0.0374, 0.2361, 0.1333, 0.0827, 0.0516,
         0.0382],
        [0.1722, 0.1734, 0.0251, 0.0256, 0.0246, 0.0255, 0.0248, 0.1805, 0.1804,
         0.1679],
        [0.0670, 0.0690, 0.0715, 0.0730, 0.0447, 0.0512, 0.0588, 0.3002, 0.2155,
         0.0492],
        [0.0922, 0.0444, 0.0415, 0.0460, 0.0372, 0.0434, 0.0415, 0.2690, 0.2393,
         0.1454]], device='cuda:0')[0m
[0;30m[2020-11-30 16:17:55] [INFO] fpn epoch : 65, train acc : 0.46586957573890686, test acc : 0.457590252161026[0m
[0;30m[2020-11-30 16:17:58] [INFO] tensor([[0.1710, 0.1330, 0.0298, 0.0325, 0.0279, 0.0299, 0.0288, 0.2052, 0.2011,
         0.1408],
        [0.0374, 0.0378, 0.1548, 0.1915, 0.0372, 0.2365, 0.1329, 0.0829, 0.0510,
         0.0379],
        [0.1720, 0.1732, 0.0251, 0.0256, 0.0246, 0.0255, 0.0248, 0.1806, 0.1804,
         0.1682],
        [0.0651, 0.0673, 0.0714, 0.0742, 0.0447, 0.0514, 0.0588, 0.3029, 0.2154,
         0.0489],
        [0.0903, 0.0430, 0.0415, 0.0460, 0.0372, 0.0432, 0.0415, 0.2694, 0.2394,
         0.1485]], device='cuda:0')[0m
[0;30m[2020-11-30 16:17:58] [INFO] fpn epoch : 66, train acc : 0.4660869538784027, test acc : 0.4610700309276581[0m
[0;30m[2020-11-30 16:18:02] [INFO] tensor([[0.1717, 0.1259, 0.0300, 0.0327, 0.0282, 0.0302, 0.0291, 0.2074, 0.2030,
         0.1420],
        [0.0374, 0.0378, 0.1549, 0.1916, 0.0373, 0.2377, 0.1317, 0.0833, 0.0505,
         0.0379],
        [0.1717, 0.1731, 0.0250, 0.0256, 0.0246, 0.0255, 0.0248, 0.1808, 0.1805,
         0.1682],
        [0.0636, 0.0659, 0.0708, 0.0749, 0.0450, 0.0516, 0.0585, 0.3060, 0.2148,
         0.0488],
        [0.0886, 0.0420, 0.0414, 0.0459, 0.0373, 0.0430, 0.0415, 0.2705, 0.2392,
         0.1508]], device='cuda:0')[0m
[0;30m[2020-11-30 16:18:02] [INFO] fpn epoch : 67, train acc : 0.46630436182022095, test acc : 0.4619399905204773[0m
[0;30m[2020-11-30 16:18:05] [INFO] tensor([[0.1724, 0.1192, 0.0302, 0.0330, 0.0284, 0.0305, 0.0293, 0.2092, 0.2046,
         0.1433],
        [0.0373, 0.0376, 0.1554, 0.1918, 0.0372, 0.2385, 0.1308, 0.0840, 0.0498,
         0.0378],
        [0.1715, 0.1730, 0.0250, 0.0256, 0.0246, 0.0255, 0.0248, 0.1810, 0.1806,
         0.1683],
        [0.0624, 0.0647, 0.0707, 0.0760, 0.0450, 0.0518, 0.0584, 0.3081, 0.2142,
         0.0486],
        [0.0871, 0.0412, 0.0413, 0.0459, 0.0374, 0.0427, 0.0415, 0.2714, 0.2388,
         0.1527]], device='cuda:0')[0m
[0;30m[2020-11-30 16:18:05] [INFO] fpn epoch : 68, train acc : 0.4669565260410309, test acc : 0.4628099203109741[0m
[0;30m[2020-11-30 16:18:08] [INFO] tensor([[0.1728, 0.1135, 0.0304, 0.0333, 0.0286, 0.0307, 0.0295, 0.2106, 0.2058,
         0.1449],
        [0.0371, 0.0374, 0.1558, 0.1919, 0.0370, 0.2392, 0.1299, 0.0850, 0.0491,
         0.0376],
        [0.1714, 0.1729, 0.0250, 0.0256, 0.0246, 0.0255, 0.0248, 0.1811, 0.1807,
         0.1683],
        [0.0616, 0.0638, 0.0705, 0.0771, 0.0450, 0.0519, 0.0582, 0.3099, 0.2136,
         0.0483],
        [0.0864, 0.0406, 0.0412, 0.0458, 0.0374, 0.0425, 0.0415, 0.2720, 0.2381,
         0.1545]], device='cuda:0')[0m
[0;30m[2020-11-30 16:18:08] [INFO] fpn epoch : 69, train acc : 0.46641305088996887, test acc : 0.4662896990776062[0m
[0;30m[2020-11-30 16:18:12] [INFO] tensor([[0.1724, 0.1085, 0.0306, 0.0335, 0.0288, 0.0309, 0.0297, 0.2124, 0.2074,
         0.1460],
        [0.0371, 0.0373, 0.1558, 0.1921, 0.0370, 0.2404, 0.1287, 0.0854, 0.0485,
         0.0375],
        [0.1714, 0.1728, 0.0250, 0.0256, 0.0246, 0.0255, 0.0248, 0.1812, 0.1807,
         0.1684],
        [0.0607, 0.0629, 0.0704, 0.0780, 0.0452, 0.0521, 0.0581, 0.3126, 0.2116,
         0.0483],
        [0.0856, 0.0403, 0.0412, 0.0458, 0.0376, 0.0423, 0.0415, 0.2733, 0.2371,
         0.1553]], device='cuda:0')[0m
[0;30m[2020-11-30 16:18:12] [INFO] fpn epoch : 70, train acc : 0.46673914790153503, test acc : 0.46802958846092224[0m
[0;30m[2020-11-30 16:18:15] [INFO] tensor([[0.1718, 0.1046, 0.0307, 0.0337, 0.0290, 0.0311, 0.0298, 0.2138, 0.2085,
         0.1469],
        [0.0371, 0.0373, 0.1556, 0.1923, 0.0370, 0.2417, 0.1280, 0.0856, 0.0480,
         0.0374],
        [0.1715, 0.1725, 0.0250, 0.0256, 0.0246, 0.0255, 0.0248, 0.1813, 0.1808,
         0.1685],
        [0.0598, 0.0622, 0.0703, 0.0790, 0.0454, 0.0523, 0.0581, 0.3153, 0.2094,
         0.0483],
        [0.0856, 0.0400, 0.0412, 0.0458, 0.0377, 0.0421, 0.0416, 0.2742, 0.2356,
         0.1563]], device='cuda:0')[0m
[0;30m[2020-11-30 16:18:15] [INFO] fpn epoch : 71, train acc : 0.4665217399597168, test acc : 0.46802958846092224[0m
[0;30m[2020-11-30 16:18:18] [INFO] tensor([[0.1714, 0.1020, 0.0308, 0.0339, 0.0291, 0.0312, 0.0299, 0.2148, 0.2092,
         0.1476],
        [0.0370, 0.0372, 0.1551, 0.1925, 0.0369, 0.2429, 0.1275, 0.0859, 0.0477,
         0.0373],
        [0.1716, 0.1722, 0.0250, 0.0256, 0.0246, 0.0255, 0.0248, 0.1813, 0.1808,
         0.1686],
        [0.0590, 0.0616, 0.0701, 0.0801, 0.0456, 0.0524, 0.0580, 0.3178, 0.2072,
         0.0482],
        [0.0863, 0.0397, 0.0411, 0.0457, 0.0377, 0.0419, 0.0415, 0.2747, 0.2337,
         0.1577]], device='cuda:0')[0m
[0;30m[2020-11-30 16:18:18] [INFO] fpn epoch : 72, train acc : 0.4671739339828491, test acc : 0.467159628868103[0m
[0;30m[2020-11-30 16:18:22] [INFO] tensor([[0.1712, 0.0994, 0.0309, 0.0340, 0.0293, 0.0314, 0.0301, 0.2160, 0.2101,
         0.1477],
        [0.0370, 0.0372, 0.1541, 0.1928, 0.0370, 0.2444, 0.1268, 0.0860, 0.0473,
         0.0373],
        [0.1716, 0.1719, 0.0250, 0.0256, 0.0246, 0.0255, 0.0248, 0.1814, 0.1808,
         0.1687],
        [0.0581, 0.0612, 0.0699, 0.0811, 0.0459, 0.0526, 0.0580, 0.3207, 0.2042,
         0.0483],
        [0.0870, 0.0396, 0.0410, 0.0457, 0.0378, 0.0418, 0.0415, 0.2755, 0.2314,
         0.1586]], device='cuda:0')[0m
[0;30m[2020-11-30 16:18:22] [INFO] fpn epoch : 73, train acc : 0.467934787273407, test acc : 0.46846455335617065[0m
[0;30m[2020-11-30 16:18:25] [INFO] tensor([[0.1707, 0.0977, 0.0310, 0.0341, 0.0294, 0.0315, 0.0302, 0.2169, 0.2106,
         0.1479],
        [0.0370, 0.0372, 0.1528, 0.1930, 0.0370, 0.2459, 0.1261, 0.0866, 0.0470,
         0.0373],
        [0.1716, 0.1717, 0.0249, 0.0256, 0.0246, 0.0255, 0.0248, 0.1815, 0.1809,
         0.1689],
        [0.0574, 0.0609, 0.0697, 0.0823, 0.0461, 0.0528, 0.0579, 0.3235, 0.2010,
         0.0484],
        [0.0883, 0.0394, 0.0409, 0.0457, 0.0379, 0.0417, 0.0414, 0.2760, 0.2285,
         0.1601]], device='cuda:0')[0m
[0;30m[2020-11-30 16:18:25] [INFO] fpn epoch : 74, train acc : 0.468478262424469, test acc : 0.46889951825141907[0m
[0;30m[2020-11-30 16:18:29] [INFO] tensor([[0.1706, 0.0965, 0.0310, 0.0342, 0.0295, 0.0315, 0.0302, 0.2176, 0.2107,
         0.1482],
        [0.0371, 0.0372, 0.1515, 0.1933, 0.0370, 0.2472, 0.1254, 0.0872, 0.0468,
         0.0373],
        [0.1716, 0.1714, 0.0249, 0.0256, 0.0246, 0.0255, 0.0248, 0.1816, 0.1809,
         0.1691],
        [0.0569, 0.0606, 0.0697, 0.0837, 0.0464, 0.0529, 0.0580, 0.3264, 0.1970,
         0.0486],
        [0.0897, 0.0393, 0.0409, 0.0458, 0.0379, 0.0416, 0.0414, 0.2767, 0.2248,
         0.1618]], device='cuda:0')[0m
[0;30m[2020-11-30 16:18:29] [INFO] fpn epoch : 75, train acc : 0.46782609820365906, test acc : 0.4667246639728546[0m
[0;30m[2020-11-30 16:18:32] [INFO] tensor([[0.1707, 0.0952, 0.0310, 0.0343, 0.0296, 0.0316, 0.0303, 0.2181, 0.2107,
         0.1485],
        [0.0371, 0.0373, 0.1497, 0.1936, 0.0371, 0.2490, 0.1243, 0.0879, 0.0466,
         0.0374],
        [0.1715, 0.1711, 0.0249, 0.0256, 0.0246, 0.0255, 0.0248, 0.1817, 0.1809,
         0.1694],
        [0.0564, 0.0603, 0.0695, 0.0850, 0.0467, 0.0530, 0.0579, 0.3294, 0.1929,
         0.0488],
        [0.0908, 0.0393, 0.0409, 0.0459, 0.0381, 0.0415, 0.0414, 0.2778, 0.2204,
         0.1639]], device='cuda:0')[0m
[0;30m[2020-11-30 16:18:32] [INFO] fpn epoch : 76, train acc : 0.46673914790153503, test acc : 0.4649847745895386[0m
[0;30m[2020-11-30 16:18:35] [INFO] tensor([[0.1710, 0.0937, 0.0310, 0.0345, 0.0296, 0.0316, 0.0303, 0.2186, 0.2105,
         0.1492],
        [0.0372, 0.0373, 0.1479, 0.1938, 0.0372, 0.2507, 0.1233, 0.0888, 0.0463,
         0.0374],
        [0.1714, 0.1709, 0.0249, 0.0256, 0.0246, 0.0255, 0.0248, 0.1818, 0.1809,
         0.1697],
        [0.0560, 0.0600, 0.0696, 0.0866, 0.0471, 0.0532, 0.0580, 0.3325, 0.1881,
         0.0490],
        [0.0919, 0.0393, 0.0409, 0.0461, 0.0382, 0.0415, 0.0415, 0.2789, 0.2154,
         0.1663]], device='cuda:0')[0m
[0;30m[2020-11-30 16:18:35] [INFO] fpn epoch : 77, train acc : 0.46771740913391113, test acc : 0.46454980969429016[0m
[0;30m[2020-11-30 16:18:39] [INFO] tensor([[0.1712, 0.0924, 0.0310, 0.0346, 0.0297, 0.0316, 0.0303, 0.2190, 0.2102,
         0.1499],
        [0.0373, 0.0374, 0.1463, 0.1936, 0.0373, 0.2526, 0.1222, 0.0897, 0.0460,
         0.0375],
        [0.1714, 0.1707, 0.0249, 0.0255, 0.0247, 0.0255, 0.0248, 0.1818, 0.1809,
         0.1699],
        [0.0558, 0.0598, 0.0699, 0.0881, 0.0474, 0.0533, 0.0581, 0.3359, 0.1825,
         0.0493],
        [0.0923, 0.0394, 0.0410, 0.0464, 0.0384, 0.0416, 0.0416, 0.2806, 0.2099,
         0.1689]], device='cuda:0')[0m
[0;30m[2020-11-30 16:18:39] [INFO] fpn epoch : 78, train acc : 0.4680434763431549, test acc : 0.4649847745895386[0m
[0;30m[2020-11-30 16:18:42] [INFO] tensor([[0.1711, 0.0915, 0.0310, 0.0348, 0.0297, 0.0316, 0.0304, 0.2195, 0.2096,
         0.1507],
        [0.0375, 0.0375, 0.1450, 0.1934, 0.0374, 0.2545, 0.1212, 0.0902, 0.0457,
         0.0377],
        [0.1714, 0.1707, 0.0249, 0.0255, 0.0247, 0.0255, 0.0248, 0.1818, 0.1808,
         0.1700],
        [0.0556, 0.0596, 0.0704, 0.0897, 0.0478, 0.0536, 0.0582, 0.3394, 0.1763,
         0.0496],
        [0.0921, 0.0397, 0.0412, 0.0469, 0.0387, 0.0417, 0.0418, 0.2830, 0.2034,
         0.1715]], device='cuda:0')[0m
[0;30m[2020-11-30 16:18:42] [INFO] fpn epoch : 79, train acc : 0.4680434763431549, test acc : 0.46802958846092224[0m
[0;30m[2020-11-30 16:18:45] [INFO] tensor([[0.1708, 0.0911, 0.0310, 0.0349, 0.0298, 0.0316, 0.0304, 0.2199, 0.2088,
         0.1518],
        [0.0376, 0.0376, 0.1436, 0.1931, 0.0375, 0.2562, 0.1202, 0.0908, 0.0456,
         0.0378],
        [0.1714, 0.1707, 0.0249, 0.0255, 0.0247, 0.0255, 0.0247, 0.1818, 0.1807,
         0.1701],
        [0.0554, 0.0595, 0.0709, 0.0912, 0.0482, 0.0538, 0.0582, 0.3428, 0.1700,
         0.0499],
        [0.0918, 0.0399, 0.0414, 0.0474, 0.0390, 0.0419, 0.0420, 0.2855, 0.1964,
         0.1744]], device='cuda:0')[0m
[0;30m[2020-11-30 16:18:45] [INFO] fpn epoch : 80, train acc : 0.46782609820365906, test acc : 0.46846455335617065[0m
[0;30m[2020-11-30 16:18:49] [INFO] tensor([[0.1705, 0.0907, 0.0310, 0.0350, 0.0298, 0.0316, 0.0304, 0.2203, 0.2078,
         0.1529],
        [0.0377, 0.0377, 0.1425, 0.1928, 0.0376, 0.2579, 0.1193, 0.0912, 0.0454,
         0.0379],
        [0.1715, 0.1708, 0.0249, 0.0255, 0.0247, 0.0255, 0.0247, 0.1819, 0.1806,
         0.1701],
        [0.0552, 0.0594, 0.0715, 0.0929, 0.0486, 0.0541, 0.0583, 0.3463, 0.1634,
         0.0502],
        [0.0917, 0.0403, 0.0417, 0.0480, 0.0394, 0.0422, 0.0423, 0.2885, 0.1885,
         0.1774]], device='cuda:0')[0m
[0;30m[2020-11-30 16:18:49] [INFO] fpn epoch : 81, train acc : 0.4681521952152252, test acc : 0.46759462356567383[0m
[0;30m[2020-11-30 16:18:52] [INFO] tensor([[0.1704, 0.0898, 0.0310, 0.0352, 0.0299, 0.0317, 0.0305, 0.2209, 0.2066,
         0.1541],
        [0.0378, 0.0379, 0.1414, 0.1920, 0.0378, 0.2597, 0.1182, 0.0917, 0.0454,
         0.0380],
        [0.1716, 0.1708, 0.0249, 0.0255, 0.0247, 0.0255, 0.0247, 0.1819, 0.1805,
         0.1700],
        [0.0551, 0.0592, 0.0718, 0.0946, 0.0490, 0.0544, 0.0583, 0.3500, 0.1569,
         0.0505],
        [0.0921, 0.0407, 0.0420, 0.0485, 0.0399, 0.0425, 0.0426, 0.2917, 0.1795,
         0.1805]], device='cuda:0')[0m
[0;30m[2020-11-30 16:18:52] [INFO] fpn epoch : 82, train acc : 0.468478262424469, test acc : 0.4667246639728546[0m
[0;30m[2020-11-30 16:18:56] [INFO] tensor([[0.1703, 0.0886, 0.0311, 0.0354, 0.0300, 0.0318, 0.0305, 0.2217, 0.2051,
         0.1555],
        [0.0380, 0.0380, 0.1402, 0.1912, 0.0379, 0.2613, 0.1174, 0.0923, 0.0456,
         0.0381],
        [0.1717, 0.1706, 0.0249, 0.0255, 0.0247, 0.0254, 0.0247, 0.1820, 0.1804,
         0.1701],
        [0.0552, 0.0590, 0.0718, 0.0964, 0.0494, 0.0547, 0.0584, 0.3538, 0.1504,
         0.0509],
        [0.0931, 0.0410, 0.0423, 0.0490, 0.0403, 0.0428, 0.0430, 0.2949, 0.1699,
         0.1837]], device='cuda:0')[0m
[0;30m[2020-11-30 16:18:56] [INFO] fpn epoch : 83, train acc : 0.469565212726593, test acc : 0.467159628868103[0m
[0;30m[2020-11-30 16:18:59] [INFO] tensor([[0.1695, 0.0875, 0.0312, 0.0357, 0.0302, 0.0319, 0.0307, 0.2228, 0.2035,
         0.1571],
        [0.0381, 0.0381, 0.1392, 0.1902, 0.0381, 0.2627, 0.1166, 0.0931, 0.0458,
         0.0383],
        [0.1718, 0.1704, 0.0249, 0.0255, 0.0247, 0.0254, 0.0248, 0.1821, 0.1803,
         0.1702],
        [0.0552, 0.0588, 0.0718, 0.0986, 0.0498, 0.0549, 0.0585, 0.3574, 0.1439,
         0.0512],
        [0.0941, 0.0414, 0.0426, 0.0495, 0.0407, 0.0431, 0.0433, 0.2980, 0.1600,
         0.1872]], device='cuda:0')[0m
[0;30m[2020-11-30 16:18:59] [INFO] fpn epoch : 84, train acc : 0.46978262066841125, test acc : 0.4658547341823578[0m
[0;30m[2020-11-30 16:19:02] [INFO] tensor([[0.1687, 0.0866, 0.0314, 0.0359, 0.0304, 0.0320, 0.0308, 0.2242, 0.2016,
         0.1585],
        [0.0382, 0.0383, 0.1382, 0.1890, 0.0382, 0.2640, 0.1159, 0.0938, 0.0459,
         0.0384],
        [0.1719, 0.1701, 0.0249, 0.0255, 0.0247, 0.0254, 0.0248, 0.1823, 0.1802,
         0.1702],
        [0.0552, 0.0587, 0.0718, 0.1010, 0.0502, 0.0552, 0.0586, 0.3609, 0.1369,
         0.0515],
        [0.0949, 0.0418, 0.0430, 0.0501, 0.0411, 0.0435, 0.0437, 0.3015, 0.1499,
         0.1905]], device='cuda:0')[0m
[0;30m[2020-11-30 16:19:02] [INFO] fpn epoch : 85, train acc : 0.4698913097381592, test acc : 0.4654197692871094[0m
[0;30m[2020-11-30 16:19:06] [INFO] tensor([[0.1682, 0.0860, 0.0315, 0.0362, 0.0305, 0.0321, 0.0310, 0.2255, 0.1991,
         0.1599],
        [0.0383, 0.0384, 0.1376, 0.1877, 0.0383, 0.2654, 0.1155, 0.0941, 0.0461,
         0.0385],
        [0.1721, 0.1699, 0.0249, 0.0255, 0.0247, 0.0254, 0.0248, 0.1824, 0.1801,
         0.1703],
        [0.0554, 0.0588, 0.0718, 0.1035, 0.0507, 0.0555, 0.0588, 0.3649, 0.1289,
         0.0519],
        [0.0954, 0.0422, 0.0434, 0.0506, 0.0416, 0.0439, 0.0441, 0.3050, 0.1401,
         0.1936]], device='cuda:0')[0m
[0;30m[2020-11-30 16:19:06] [INFO] fpn epoch : 86, train acc : 0.4694565236568451, test acc : 0.46411484479904175[0m
[0;30m[2020-11-30 16:19:09] [INFO] tensor([[0.1684, 0.0855, 0.0317, 0.0365, 0.0307, 0.0323, 0.0312, 0.2269, 0.1959,
         0.1610],
        [0.0384, 0.0385, 0.1372, 0.1865, 0.0384, 0.2668, 0.1151, 0.0944, 0.0462,
         0.0386],
        [0.1724, 0.1697, 0.0249, 0.0255, 0.0247, 0.0254, 0.0248, 0.1824, 0.1799,
         0.1703],
        [0.0555, 0.0589, 0.0718, 0.1061, 0.0511, 0.0558, 0.0590, 0.3688, 0.1207,
         0.0523],
        [0.0956, 0.0426, 0.0438, 0.0511, 0.0421, 0.0443, 0.0445, 0.3083, 0.1310,
         0.1967]], device='cuda:0')[0m
[0;30m[2020-11-30 16:19:09] [INFO] fpn epoch : 87, train acc : 0.4698913097381592, test acc : 0.46367987990379333[0m
[0;30m[2020-11-30 16:19:12] [INFO] tensor([[0.1692, 0.0848, 0.0319, 0.0368, 0.0310, 0.0325, 0.0314, 0.2287, 0.1916,
         0.1621],
        [0.0385, 0.0386, 0.1365, 0.1854, 0.0385, 0.2684, 0.1144, 0.0945, 0.0465,
         0.0387],
        [0.1726, 0.1696, 0.0249, 0.0255, 0.0247, 0.0254, 0.0248, 0.1826, 0.1797,
         0.1704],
        [0.0556, 0.0591, 0.0718, 0.1085, 0.0515, 0.0560, 0.0592, 0.3724, 0.1132,
         0.0526],
        [0.0955, 0.0431, 0.0442, 0.0517, 0.0425, 0.0446, 0.0449, 0.3116, 0.1223,
         0.1998]], device='cuda:0')[0m
[0;30m[2020-11-30 16:19:12] [INFO] fpn epoch : 88, train acc : 0.47065219283103943, test acc : 0.46367987990379333[0m
[0;30m[2020-11-30 16:19:16] [INFO] tensor([[0.1701, 0.0839, 0.0321, 0.0373, 0.0313, 0.0327, 0.0316, 0.2308, 0.1869,
         0.1633],
        [0.0387, 0.0387, 0.1356, 0.1846, 0.0387, 0.2702, 0.1135, 0.0944, 0.0467,
         0.0388],
        [0.1728, 0.1694, 0.0249, 0.0255, 0.0247, 0.0254, 0.0248, 0.1827, 0.1795,
         0.1704],
        [0.0557, 0.0591, 0.0716, 0.1110, 0.0519, 0.0562, 0.0593, 0.3755, 0.1067,
         0.0529],
        [0.0959, 0.0434, 0.0446, 0.0523, 0.0429, 0.0449, 0.0453, 0.3146, 0.1140,
         0.2022]], device='cuda:0')[0m
[0;30m[2020-11-30 16:19:16] [INFO] fpn epoch : 89, train acc : 0.4726087152957916, test acc : 0.46367987990379333[0m
[0;30m[2020-11-30 16:19:19] [INFO] tensor([[0.1707, 0.0833, 0.0324, 0.0377, 0.0315, 0.0329, 0.0319, 0.2327, 0.1817,
         0.1651],
        [0.0387, 0.0388, 0.1354, 0.1842, 0.0387, 0.2715, 0.1130, 0.0937, 0.0471,
         0.0389],
        [0.1730, 0.1693, 0.0249, 0.0255, 0.0248, 0.0254, 0.0248, 0.1827, 0.1792,
         0.1705],
        [0.0557, 0.0591, 0.0713, 0.1141, 0.0520, 0.0562, 0.0593, 0.3773, 0.1020,
         0.0530],
        [0.0963, 0.0437, 0.0448, 0.0530, 0.0432, 0.0452, 0.0455, 0.3170, 0.1064,
         0.2048]], device='cuda:0')[0m
[0;30m[2020-11-30 16:19:19] [INFO] fpn epoch : 90, train acc : 0.4738043546676636, test acc : 0.4649847745895386[0m
[0;30m[2020-11-30 16:19:23] [INFO] tensor([[0.1699, 0.0828, 0.0327, 0.0382, 0.0318, 0.0332, 0.0321, 0.2350, 0.1771,
         0.1672],
        [0.0388, 0.0389, 0.1352, 0.1836, 0.0388, 0.2730, 0.1124, 0.0926, 0.0476,
         0.0390],
        [0.1731, 0.1692, 0.0249, 0.0255, 0.0248, 0.0254, 0.0248, 0.1828, 0.1790,
         0.1706],
        [0.0555, 0.0590, 0.0709, 0.1165, 0.0522, 0.0562, 0.0592, 0.3785, 0.0990,
         0.0530],
        [0.0956, 0.0440, 0.0451, 0.0536, 0.0435, 0.0454, 0.0458, 0.3193, 0.1005,
         0.2072]], device='cuda:0')[0m
[0;30m[2020-11-30 16:19:23] [INFO] fpn epoch : 91, train acc : 0.4740217626094818, test acc : 0.4649847745895386[0m
[0;30m[2020-11-30 16:19:26] [INFO] tensor([[0.1690, 0.0822, 0.0330, 0.0387, 0.0322, 0.0335, 0.0325, 0.2374, 0.1726,
         0.1688],
        [0.0390, 0.0390, 0.1354, 0.1830, 0.0390, 0.2748, 0.1119, 0.0907, 0.0481,
         0.0391],
        [0.1732, 0.1691, 0.0249, 0.0255, 0.0248, 0.0254, 0.0248, 0.1829, 0.1789,
         0.1705],
        [0.0554, 0.0588, 0.0706, 0.1185, 0.0523, 0.0562, 0.0591, 0.3796, 0.0964,
         0.0531],
        [0.0943, 0.0444, 0.0454, 0.0541, 0.0439, 0.0457, 0.0460, 0.3218, 0.0951,
         0.2093]], device='cuda:0')[0m
[0;30m[2020-11-30 16:19:26] [INFO] fpn epoch : 92, train acc : 0.47369566559791565, test acc : 0.46454980969429016[0m
[0;30m[2020-11-30 16:19:29] [INFO] tensor([[0.1689, 0.0824, 0.0332, 0.0391, 0.0324, 0.0337, 0.0327, 0.2392, 0.1680,
         0.1705],
        [0.0391, 0.0391, 0.1358, 0.1821, 0.0391, 0.2762, 0.1115, 0.0892, 0.0488,
         0.0392],
        [0.1734, 0.1691, 0.0249, 0.0255, 0.0248, 0.0254, 0.0248, 0.1830, 0.1788,
         0.1704],
        [0.0552, 0.0586, 0.0703, 0.1204, 0.0524, 0.0562, 0.0590, 0.3805, 0.0943,
         0.0531],
        [0.0937, 0.0446, 0.0456, 0.0544, 0.0441, 0.0458, 0.0462, 0.3234, 0.0906,
         0.2117]], device='cuda:0')[0m
[0;30m[2020-11-30 16:19:29] [INFO] fpn epoch : 93, train acc : 0.4739130437374115, test acc : 0.46759462356567383[0m
[0;30m[2020-11-30 16:19:33] [INFO] tensor([[0.1688, 0.0825, 0.0335, 0.0395, 0.0327, 0.0340, 0.0329, 0.2412, 0.1629,
         0.1720],
        [0.0392, 0.0392, 0.1362, 0.1808, 0.0392, 0.2779, 0.1112, 0.0876, 0.0494,
         0.0394],
        [0.1734, 0.1692, 0.0249, 0.0255, 0.0248, 0.0254, 0.0248, 0.1831, 0.1786,
         0.1703],
        [0.0551, 0.0584, 0.0699, 0.1228, 0.0525, 0.0562, 0.0590, 0.3815, 0.0915,
         0.0532],
        [0.0928, 0.0448, 0.0458, 0.0548, 0.0443, 0.0460, 0.0463, 0.3250, 0.0863,
         0.2139]], device='cuda:0')[0m
[0;30m[2020-11-30 16:19:33] [INFO] fpn epoch : 94, train acc : 0.4744565188884735, test acc : 0.467159628868103[0m
[0;30m[2020-11-30 16:19:36] [INFO] tensor([[0.1685, 0.0825, 0.0337, 0.0399, 0.0330, 0.0343, 0.0332, 0.2434, 0.1581,
         0.1734],
        [0.0394, 0.0394, 0.1361, 0.1795, 0.0394, 0.2798, 0.1106, 0.0863, 0.0501,
         0.0395],
        [0.1734, 0.1692, 0.0249, 0.0255, 0.0248, 0.0254, 0.0248, 0.1832, 0.1785,
         0.1702],
        [0.0550, 0.0582, 0.0692, 0.1251, 0.0526, 0.0562, 0.0589, 0.3825, 0.0891,
         0.0532],
        [0.0915, 0.0450, 0.0460, 0.0551, 0.0446, 0.0461, 0.0465, 0.3268, 0.0824,
         0.2160]], device='cuda:0')[0m
[0;30m[2020-11-30 16:19:36] [INFO] fpn epoch : 95, train acc : 0.47619566321372986, test acc : 0.46759462356567383[0m
[0;30m[2020-11-30 16:19:39] [INFO] tensor([[0.1684, 0.0825, 0.0339, 0.0403, 0.0332, 0.0344, 0.0334, 0.2448, 0.1543,
         0.1748],
        [0.0394, 0.0395, 0.1362, 0.1784, 0.0394, 0.2810, 0.1103, 0.0852, 0.0509,
         0.0396],
        [0.1734, 0.1692, 0.0249, 0.0255, 0.0248, 0.0254, 0.0248, 0.1832, 0.1784,
         0.1703],
        [0.0549, 0.0579, 0.0686, 0.1278, 0.0526, 0.0561, 0.0587, 0.3828, 0.0875,
         0.0532],
        [0.0906, 0.0451, 0.0461, 0.0554, 0.0447, 0.0462, 0.0466, 0.3279, 0.0794,
         0.2180]], device='cuda:0')[0m
[0;30m[2020-11-30 16:19:39] [INFO] fpn epoch : 96, train acc : 0.4772826135158539, test acc : 0.467159628868103[0m
[0;30m[2020-11-30 16:19:43] [INFO] tensor([[0.1673, 0.0823, 0.0341, 0.0406, 0.0334, 0.0347, 0.0336, 0.2465, 0.1514,
         0.1761],
        [0.0395, 0.0396, 0.1363, 0.1774, 0.0395, 0.2822, 0.1097, 0.0842, 0.0519,
         0.0397],
        [0.1734, 0.1692, 0.0249, 0.0255, 0.0248, 0.0254, 0.0249, 0.1833, 0.1783,
         0.1702],
        [0.0547, 0.0575, 0.0680, 0.1299, 0.0526, 0.0560, 0.0586, 0.3832, 0.0863,
         0.0532],
        [0.0895, 0.0453, 0.0462, 0.0556, 0.0449, 0.0462, 0.0467, 0.3290, 0.0768,
         0.2199]], device='cuda:0')[0m
[0;30m[2020-11-30 16:19:43] [INFO] fpn epoch : 97, train acc : 0.4769565463066101, test acc : 0.467159628868103[0m
[0;30m[2020-11-30 16:19:46] [INFO] tensor([[0.1664, 0.0819, 0.0343, 0.0409, 0.0336, 0.0349, 0.0338, 0.2482, 0.1488,
         0.1772],
        [0.0396, 0.0396, 0.1362, 0.1770, 0.0396, 0.2830, 0.1093, 0.0833, 0.0528,
         0.0397],
        [0.1732, 0.1692, 0.0249, 0.0255, 0.0248, 0.0255, 0.0249, 0.1834, 0.1783,
         0.1703],
        [0.0546, 0.0571, 0.0675, 0.1317, 0.0526, 0.0558, 0.0585, 0.3837, 0.0853,
         0.0532],
        [0.0877, 0.0455, 0.0464, 0.0557, 0.0451, 0.0463, 0.0468, 0.3302, 0.0745,
         0.2219]], device='cuda:0')[0m
[0;30m[2020-11-30 16:19:46] [INFO] fpn epoch : 98, train acc : 0.4778260886669159, test acc : 0.4667246639728546[0m
[0;30m[2020-11-30 16:19:50] [INFO] tensor([[0.1669, 0.0806, 0.0345, 0.0411, 0.0338, 0.0350, 0.0340, 0.2496, 0.1463,
         0.1782],
        [0.0396, 0.0396, 0.1362, 0.1769, 0.0396, 0.2837, 0.1090, 0.0821, 0.0536,
         0.0397],
        [0.1731, 0.1693, 0.0249, 0.0255, 0.0248, 0.0255, 0.0249, 0.1834, 0.1782,
         0.1703],
        [0.0545, 0.0567, 0.0671, 0.1329, 0.0527, 0.0557, 0.0585, 0.3843, 0.0845,
         0.0532],
        [0.0868, 0.0456, 0.0464, 0.0558, 0.0452, 0.0464, 0.0469, 0.3310, 0.0722,
         0.2238]], device='cuda:0')[0m
[0;30m[2020-11-30 16:19:50] [INFO] fpn epoch : 99, train acc : 0.47869566082954407, test acc : 0.4662896990776062[0m
[0;30m[2020-11-30 16:19:53] [INFO] tensor([[0.1679, 0.0787, 0.0347, 0.0413, 0.0340, 0.0352, 0.0342, 0.2513, 0.1436,
         0.1790],
        [0.0396, 0.0396, 0.1363, 0.1770, 0.0396, 0.2845, 0.1088, 0.0805, 0.0543,
         0.0398],
        [0.1731, 0.1693, 0.0250, 0.0255, 0.0249, 0.0255, 0.0249, 0.1835, 0.1781,
         0.1702],
        [0.0545, 0.0564, 0.0669, 0.1338, 0.0527, 0.0556, 0.0586, 0.3849, 0.0834,
         0.0532],
        [0.0861, 0.0457, 0.0466, 0.0558, 0.0453, 0.0465, 0.0470, 0.3321, 0.0700,
         0.2250]], device='cuda:0')[0m
[0;30m[2020-11-30 16:19:53] [INFO] fpn epoch : 100, train acc : 0.4792391359806061, test acc : 0.46889951825141907[0m
[0;30m[2020-11-30 16:19:53] [INFO] mlp epoch : 1, train acc : 0.3569565415382385, test acc : 0.35058721899986267[0m
[0;30m[2020-11-30 16:19:54] [INFO] mlp epoch : 2, train acc : 0.3690217435359955, test acc : 0.36189648509025574[0m
[0;30m[2020-11-30 16:19:54] [INFO] mlp epoch : 3, train acc : 0.3857608735561371, test acc : 0.37407568097114563[0m
[0;30m[2020-11-30 16:19:54] [INFO] mlp epoch : 4, train acc : 0.4315217435359955, test acc : 0.41322314739227295[0m
[0;30m[2020-11-30 16:19:55] [INFO] mlp epoch : 5, train acc : 0.40228262543678284, test acc : 0.3819051682949066[0m
[0;30m[2020-11-30 16:19:55] [INFO] mlp epoch : 6, train acc : 0.4005434811115265, test acc : 0.3858199417591095[0m
[0;30m[2020-11-30 16:19:55] [INFO] mlp epoch : 7, train acc : 0.40489131212234497, test acc : 0.399304062128067[0m
[0;30m[2020-11-30 16:19:56] [INFO] mlp epoch : 8, train acc : 0.417391300201416, test acc : 0.4062635898590088[0m
[0;30m[2020-11-30 16:19:56] [INFO] mlp epoch : 9, train acc : 0.44467392563819885, test acc : 0.4441061317920685[0m
[0;30m[2020-11-30 16:19:56] [INFO] mlp epoch : 10, train acc : 0.4650000035762787, test acc : 0.46020010113716125[0m
[0;30m[2020-11-30 16:19:57] [INFO] mlp epoch : 11, train acc : 0.4701087176799774, test acc : 0.47194433212280273[0m
[0;30m[2020-11-30 16:19:57] [INFO] mlp epoch : 12, train acc : 0.4775000214576721, test acc : 0.4754241108894348[0m
[0;30m[2020-11-30 16:19:57] [INFO] mlp epoch : 13, train acc : 0.48695653676986694, test acc : 0.47281426191329956[0m
[0;30m[2020-11-30 16:19:58] [INFO] mlp epoch : 14, train acc : 0.4895652234554291, test acc : 0.47194433212280273[0m
[0;30m[2020-11-30 16:19:58] [INFO] mlp epoch : 15, train acc : 0.49000000953674316, test acc : 0.4736842215061188[0m
[0;30m[2020-11-30 16:19:58] [INFO] mlp epoch : 16, train acc : 0.49239131808280945, test acc : 0.4754241108894348[0m
[0;30m[2020-11-30 16:19:59] [INFO] mlp epoch : 17, train acc : 0.49478262662887573, test acc : 0.47716400027275085[0m
[0;30m[2020-11-30 16:19:59] [INFO] mlp epoch : 18, train acc : 0.49923914670944214, test acc : 0.48064377903938293[0m
[0;30m[2020-11-30 16:19:59] [INFO] mlp epoch : 19, train acc : 0.5045652389526367, test acc : 0.4832535982131958[0m
[0;30m[2020-11-30 16:20:00] [INFO] mlp epoch : 20, train acc : 0.5083695650100708, test acc : 0.48934319615364075[0m
[0;30m[2020-11-30 16:20:00] [INFO] mlp epoch : 21, train acc : 0.5142391324043274, test acc : 0.5028273463249207[0m
[0;30m[2020-11-30 16:20:00] [INFO] mlp epoch : 22, train acc : 0.5168478488922119, test acc : 0.5050022006034851[0m
[0;30m[2020-11-30 16:20:01] [INFO] mlp epoch : 23, train acc : 0.5203260779380798, test acc : 0.5106568336486816[0m
[0;30m[2020-11-30 16:20:01] [INFO] mlp epoch : 24, train acc : 0.5245652198791504, test acc : 0.5176163911819458[0m
[0;30m[2020-11-30 16:20:01] [INFO] mlp epoch : 25, train acc : 0.5325000286102295, test acc : 0.5184863209724426[0m
[0;30m[2020-11-30 16:20:02] [INFO] mlp epoch : 26, train acc : 0.5368478298187256, test acc : 0.5219660997390747[0m
[0;30m[2020-11-30 16:20:02] [INFO] mlp epoch : 27, train acc : 0.5384782552719116, test acc : 0.5276207327842712[0m
[0;30m[2020-11-30 16:20:02] [INFO] mlp epoch : 28, train acc : 0.5416304469108582, test acc : 0.5254458785057068[0m
[0;30m[2020-11-30 16:20:03] [INFO] mlp epoch : 29, train acc : 0.5506522059440613, test acc : 0.5367551445960999[0m
[0;30m[2020-11-30 16:20:03] [INFO] mlp epoch : 30, train acc : 0.5545652508735657, test acc : 0.5428447127342224[0m
[0;30m[2020-11-30 16:20:04] [INFO] mlp epoch : 31, train acc : 0.5618478655815125, test acc : 0.5511091947555542[0m
[0;30m[2020-11-30 16:20:04] [INFO] mlp epoch : 32, train acc : 0.5652173757553101, test acc : 0.5528490543365479[0m
[0;30m[2020-11-30 16:20:04] [INFO] mlp epoch : 33, train acc : 0.5653260946273804, test acc : 0.5480644106864929[0m
[0;30m[2020-11-30 16:20:05] [INFO] mlp epoch : 34, train acc : 0.5715217590332031, test acc : 0.5567638278007507[0m
[0;30m[2020-11-30 16:20:05] [INFO] mlp epoch : 35, train acc : 0.5840217471122742, test acc : 0.5637233853340149[0m
[0;30m[2020-11-30 16:20:05] [INFO] mlp epoch : 36, train acc : 0.5872825980186462, test acc : 0.570682942867279[0m
[0;30m[2020-11-30 16:20:06] [INFO] mlp epoch : 37, train acc : 0.5895652174949646, test acc : 0.570682942867279[0m
[0;30m[2020-11-30 16:20:06] [INFO] mlp epoch : 38, train acc : 0.5888043642044067, test acc : 0.567638099193573[0m
[0;30m[2020-11-30 16:20:06] [INFO] mlp epoch : 39, train acc : 0.5938043594360352, test acc : 0.5793823599815369[0m
[0;30m[2020-11-30 16:20:07] [INFO] mlp epoch : 40, train acc : 0.6000000238418579, test acc : 0.5859069228172302[0m
[0;30m[2020-11-30 16:20:07] [INFO] mlp epoch : 41, train acc : 0.6067391633987427, test acc : 0.5889517068862915[0m
[0;30m[2020-11-30 16:20:07] [INFO] mlp epoch : 42, train acc : 0.6084782481193542, test acc : 0.5902566313743591[0m
[0;30m[2020-11-30 16:20:08] [INFO] mlp epoch : 43, train acc : 0.6110869646072388, test acc : 0.5841670632362366[0m
[0;30m[2020-11-30 16:20:08] [INFO] mlp epoch : 44, train acc : 0.6106522083282471, test acc : 0.583297073841095[0m
[0;30m[2020-11-30 16:20:08] [INFO] mlp epoch : 45, train acc : 0.5984782576560974, test acc : 0.570682942867279[0m
[0;30m[2020-11-30 16:20:09] [INFO] mlp epoch : 46, train acc : 0.6013043522834778, test acc : 0.57851243019104[0m
[0;30m[2020-11-30 16:20:09] [INFO] mlp epoch : 47, train acc : 0.6203261017799377, test acc : 0.5963462591171265[0m
[0;30m[2020-11-30 16:20:09] [INFO] mlp epoch : 48, train acc : 0.6265217661857605, test acc : 0.6141800880432129[0m
[0;30m[2020-11-30 16:20:10] [INFO] mlp epoch : 49, train acc : 0.6195652484893799, test acc : 0.6115702390670776[0m
[0;30m[2020-11-30 16:20:10] [INFO] mlp epoch : 50, train acc : 0.6269565224647522, test acc : 0.6141800880432129[0m
[0;30m[2020-11-30 16:20:10] [INFO] mlp epoch : 51, train acc : 0.6338043808937073, test acc : 0.6259243488311768[0m
[0;30m[2020-11-30 16:20:11] [INFO] mlp epoch : 52, train acc : 0.6363043785095215, test acc : 0.6241844296455383[0m
[0;30m[2020-11-30 16:20:11] [INFO] mlp epoch : 53, train acc : 0.6359782814979553, test acc : 0.6146150827407837[0m
[0;30m[2020-11-30 16:20:11] [INFO] mlp epoch : 54, train acc : 0.6334782838821411, test acc : 0.6072205305099487[0m
[0;30m[2020-11-30 16:20:12] [INFO] mlp epoch : 55, train acc : 0.6269565224647522, test acc : 0.5989561080932617[0m
[0;30m[2020-11-30 16:20:12] [INFO] mlp epoch : 56, train acc : 0.612500011920929, test acc : 0.5919965505599976[0m
[0;30m[2020-11-30 16:20:12] [INFO] mlp epoch : 57, train acc : 0.6270652413368225, test acc : 0.6006959676742554[0m
[0;30m[2020-11-30 16:20:13] [INFO] mlp epoch : 58, train acc : 0.6491304636001587, test acc : 0.6354936957359314[0m
[0;30m[2020-11-30 16:20:13] [INFO] mlp epoch : 59, train acc : 0.645652174949646, test acc : 0.6385384798049927[0m
[0;30m[2020-11-30 16:20:13] [INFO] mlp epoch : 60, train acc : 0.6484782695770264, test acc : 0.6424532532691956[0m
[0;30m[2020-11-30 16:20:14] [INFO] mlp epoch : 61, train acc : 0.6535869836807251, test acc : 0.6420182585716248[0m
[0;30m[2020-11-30 16:20:14] [INFO] mlp epoch : 62, train acc : 0.657608687877655, test acc : 0.6398434042930603[0m
[0;30m[2020-11-30 16:20:15] [INFO] mlp epoch : 63, train acc : 0.6518478393554688, test acc : 0.6320139169692993[0m
[0;30m[2020-11-30 16:20:15] [INFO] mlp epoch : 64, train acc : 0.6466304659843445, test acc : 0.6207046508789062[0m
[0;30m[2020-11-30 16:20:16] [INFO] mlp epoch : 65, train acc : 0.6373913288116455, test acc : 0.6111353039741516[0m
[0;30m[2020-11-30 16:20:16] [INFO] mlp epoch : 66, train acc : 0.6352174282073975, test acc : 0.6067855954170227[0m
[0;30m[2020-11-30 16:20:16] [INFO] mlp epoch : 67, train acc : 0.6505435109138489, test acc : 0.6280992031097412[0m
[0;30m[2020-11-30 16:20:17] [INFO] mlp epoch : 68, train acc : 0.6680434942245483, test acc : 0.6502827405929565[0m
[0;30m[2020-11-30 16:20:17] [INFO] mlp epoch : 69, train acc : 0.66847825050354, test acc : 0.6563723683357239[0m
[0;30m[2020-11-30 16:20:17] [INFO] mlp epoch : 70, train acc : 0.6672826409339905, test acc : 0.6585472226142883[0m
[0;30m[2020-11-30 16:20:18] [INFO] mlp epoch : 71, train acc : 0.6733695864677429, test acc : 0.6620270013809204[0m
[0;30m[2020-11-30 16:20:18] [INFO] mlp epoch : 72, train acc : 0.6745652556419373, test acc : 0.6550674438476562[0m
[0;30m[2020-11-30 16:20:18] [INFO] mlp epoch : 73, train acc : 0.6739130616188049, test acc : 0.6546324491500854[0m
[0;30m[2020-11-30 16:20:19] [INFO] mlp epoch : 74, train acc : 0.6701087355613708, test acc : 0.6468029618263245[0m
[0;30m[2020-11-30 16:20:19] [INFO] mlp epoch : 75, train acc : 0.6632608771324158, test acc : 0.6311439871788025[0m
[0;30m[2020-11-30 16:20:19] [INFO] mlp epoch : 76, train acc : 0.6507608890533447, test acc : 0.6193997263908386[0m
[0;30m[2020-11-30 16:20:20] [INFO] mlp epoch : 77, train acc : 0.6333695650100708, test acc : 0.6028708219528198[0m
[0;30m[2020-11-30 16:20:20] [INFO] mlp epoch : 78, train acc : 0.6469565629959106, test acc : 0.6163549423217773[0m
[0;30m[2020-11-30 16:20:20] [INFO] mlp epoch : 79, train acc : 0.6816304326057434, test acc : 0.6594171524047852[0m
[0;30m[2020-11-30 16:20:21] [INFO] mlp epoch : 80, train acc : 0.6734782457351685, test acc : 0.659852147102356[0m
[0;30m[2020-11-30 16:20:21] [INFO] mlp epoch : 81, train acc : 0.6814130544662476, test acc : 0.6668116450309753[0m
[0;30m[2020-11-30 16:20:21] [INFO] mlp epoch : 82, train acc : 0.6878260970115662, test acc : 0.6642018556594849[0m
[0;30m[2020-11-30 16:20:22] [INFO] mlp epoch : 83, train acc : 0.6792391538619995, test acc : 0.6507177352905273[0m
[0;30m[2020-11-30 16:20:22] [INFO] mlp epoch : 84, train acc : 0.6661956906318665, test acc : 0.6315789818763733[0m
[0;30m[2020-11-30 16:20:22] [INFO] mlp epoch : 85, train acc : 0.6608695983886719, test acc : 0.6250543594360352[0m
[0;30m[2020-11-30 16:20:23] [INFO] mlp epoch : 86, train acc : 0.6685869693756104, test acc : 0.6333188414573669[0m
[0;30m[2020-11-30 16:20:23] [INFO] mlp epoch : 87, train acc : 0.6866304278373718, test acc : 0.6515876650810242[0m
[0;30m[2020-11-30 16:20:23] [INFO] mlp epoch : 88, train acc : 0.6943478584289551, test acc : 0.6737712025642395[0m
[0;30m[2020-11-30 16:20:24] [INFO] mlp epoch : 89, train acc : 0.6947826147079468, test acc : 0.6781209111213684[0m
[0;30m[2020-11-30 16:20:24] [INFO] mlp epoch : 90, train acc : 0.6959782838821411, test acc : 0.6798608303070068[0m
[0;30m[2020-11-30 16:20:24] [INFO] mlp epoch : 91, train acc : 0.6986956596374512, test acc : 0.6781209111213684[0m
[0;30m[2020-11-30 16:20:25] [INFO] mlp epoch : 92, train acc : 0.697282612323761, test acc : 0.6755111217498779[0m
[0;30m[2020-11-30 16:20:25] [INFO] mlp epoch : 93, train acc : 0.6968478560447693, test acc : 0.6702914237976074[0m
[0;30m[2020-11-30 16:20:26] [INFO] mlp epoch : 94, train acc : 0.6929348111152649, test acc : 0.6628969311714172[0m
[0;30m[2020-11-30 16:20:26] [INFO] mlp epoch : 95, train acc : 0.6870652437210083, test acc : 0.6494128108024597[0m
[0;30m[2020-11-30 16:20:26] [INFO] mlp epoch : 96, train acc : 0.6759783029556274, test acc : 0.6381035447120667[0m
[0;30m[2020-11-30 16:20:27] [INFO] mlp epoch : 97, train acc : 0.6592391729354858, test acc : 0.6163549423217773[0m
[0;30m[2020-11-30 16:20:27] [INFO] mlp epoch : 98, train acc : 0.6551086902618408, test acc : 0.6163549423217773[0m
[0;30m[2020-11-30 16:20:27] [INFO] mlp epoch : 99, train acc : 0.6890217661857605, test acc : 0.6481078863143921[0m
[0;30m[2020-11-30 16:20:28] [INFO] mlp epoch : 100, train acc : 0.7054347991943359, test acc : 0.6829056143760681[0m
[0;30m[2020-11-30 16:20:28] [INFO] finished[0m
