[0;30m[2020-11-30 16:09:01] [INFO] dataset : esr[0m
[0;30m[2020-11-30 16:09:01] [INFO] prototype number : 10[0m
[0;30m[2020-11-30 16:09:01] [INFO] batch_size : 300[0m
[0;30m[2020-11-30 16:09:01] [INFO] epoch_size : 100[0m
[0;34m[2020-11-30 16:09:04] [DEBUG] =====starting on ['esr']=======[0m
[0;32m[2020-11-30 16:09:04] [WARNING] =====Mission: Classification=======[0m
[0;32m[2020-11-30 16:09:04] [WARNING] =====k_fold: 1=======[0m
[0;30m[2020-11-30 16:09:11] [INFO] Training acc of traditional FNN: 0.39978262782096863[0m
[0;30m[2020-11-30 16:09:11] [INFO] Test acc of test traditional FNN: 0.3518921434879303[0m
[0;30m[2020-11-30 16:09:12] [INFO] tensor([[0.0199, 0.0441, 0.5772, 0.1084, 0.0755, 0.0215, 0.0681, 0.0254, 0.0436,
         0.0162],
        [0.0203, 0.0295, 0.5846, 0.1157, 0.0880, 0.0198, 0.0699, 0.0184, 0.0408,
         0.0130],
        [0.0225, 0.0469, 0.5328, 0.1123, 0.0900, 0.0223, 0.0630, 0.0300, 0.0602,
         0.0200],
        [0.0235, 0.0312, 0.5533, 0.1158, 0.0800, 0.0234, 0.1061, 0.0168, 0.0382,
         0.0118],
        [0.0209, 0.0313, 0.5670, 0.1222, 0.0938, 0.0209, 0.0666, 0.0201, 0.0437,
         0.0136]], device='cuda:0')[0m
[0;30m[2020-11-30 16:09:12] [INFO] fpn epoch : 1, train acc : 0.31869566440582275, test acc : 0.2931709587574005[0m
[0;30m[2020-11-30 16:09:13] [INFO] tensor([[1.1006e-08, 1.4692e-01, 8.5182e-01, 4.0590e-05, 2.9905e-05, 8.8336e-10,
         7.7042e-04, 9.0261e-08, 4.2051e-04, 3.0863e-06],
        [1.7257e-08, 4.3727e-03, 9.9304e-01, 2.8857e-05, 2.2768e-05, 1.1424e-09,
         2.2280e-03, 1.8354e-08, 3.0570e-04, 1.2339e-06],
        [2.6123e-08, 1.0616e-01, 8.8999e-01, 8.1600e-05, 6.1693e-05, 2.1350e-09,
         1.1757e-03, 2.2678e-07, 2.5213e-03, 1.4248e-05],
        [4.5627e-08, 8.8247e-03, 9.7759e-01, 4.8378e-05, 3.7732e-05, 2.2218e-09,
         1.3318e-02, 1.7078e-08, 1.8019e-04, 6.1203e-07],
        [1.2872e-08, 6.4745e-03, 9.9226e-01, 2.9342e-05, 2.2415e-05, 9.9713e-10,
         9.6392e-04, 2.0739e-08, 2.4967e-04, 1.0783e-06]], device='cuda:0')[0m
[0;30m[2020-11-30 16:09:13] [INFO] fpn epoch : 2, train acc : 0.4094565212726593, test acc : 0.4140930771827698[0m
[0;30m[2020-11-30 16:09:13] [INFO] tensor([[2.8666e-10, 1.6785e-01, 8.0268e-01, 1.3802e-05, 8.3136e-06, 2.9160e-12,
         2.8934e-02, 1.4230e-08, 5.2035e-04, 7.3678e-07],
        [1.3930e-10, 1.6737e-03, 9.8733e-01, 3.8399e-06, 2.2844e-06, 1.3683e-12,
         1.0860e-02, 9.3148e-10, 1.2694e-04, 1.0432e-07],
        [5.3585e-10, 1.6077e-01, 8.1343e-01, 2.7292e-05, 1.6066e-05, 6.5736e-12,
         2.2016e-02, 3.7606e-08, 3.7426e-03, 4.5658e-06],
        [3.2268e-10, 1.4399e-03, 9.4911e-01, 5.0709e-06, 3.2247e-06, 2.3675e-12,
         4.9400e-02, 7.8201e-10, 3.9143e-05, 2.9141e-08],
        [1.4607e-10, 2.9594e-03, 9.9238e-01, 5.8179e-06, 3.4247e-06, 1.8143e-12,
         4.5119e-03, 1.6977e-09, 1.3660e-04, 1.3175e-07]], device='cuda:0')[0m
[0;30m[2020-11-30 16:09:13] [INFO] fpn epoch : 3, train acc : 0.43097826838493347, test acc : 0.43366682529449463[0m
[0;30m[2020-11-30 16:09:14] [INFO] tensor([[4.2791e-11, 1.3461e-01, 8.4933e-01, 3.4843e-06, 1.7885e-06, 1.0950e-13,
         1.5974e-02, 2.0190e-09, 7.9149e-05, 1.2352e-07],
        [3.2991e-11, 1.2091e-03, 9.9060e-01, 1.7416e-06, 8.5998e-07, 9.7892e-14,
         8.1535e-03, 2.3911e-10, 3.1730e-05, 3.0686e-08],
        [4.0418e-11, 4.0393e-02, 9.5427e-01, 3.7514e-06, 1.8867e-06, 1.4709e-13,
         5.0575e-03, 3.2370e-09, 2.7537e-04, 3.9836e-07],
        [1.0991e-10, 7.8713e-03, 9.5258e-01, 3.4132e-06, 1.9159e-06, 2.3240e-13,
         3.9521e-02, 5.2253e-10, 2.0901e-05, 1.8262e-08],
        [4.5010e-11, 3.6789e-03, 9.9182e-01, 3.2886e-06, 1.6647e-06, 1.5782e-13,
         4.4558e-03, 6.2703e-10, 4.4121e-05, 4.9140e-08]], device='cuda:0')[0m
[0;30m[2020-11-30 16:09:14] [INFO] fpn epoch : 4, train acc : 0.43771740794181824, test acc : 0.43453675508499146[0m
[0;30m[2020-11-30 16:09:15] [INFO] tensor([[4.1987e-11, 5.8666e-03, 9.5602e-01, 2.9989e-06, 1.5790e-06, 7.3820e-14,
         3.8064e-02, 1.8425e-09, 4.4321e-05, 6.1688e-08],
        [1.9107e-11, 6.7176e-05, 9.9250e-01, 1.1313e-06, 5.5733e-07, 4.5846e-14,
         7.4181e-03, 1.7924e-10, 1.2388e-05, 1.1595e-08],
        [2.5158e-11, 2.4141e-03, 9.9034e-01, 2.3160e-06, 1.1956e-06, 6.5855e-14,
         7.1326e-03, 2.2713e-09, 1.0567e-04, 1.4566e-07],
        [7.7164e-11, 3.6041e-04, 9.6892e-01, 2.5558e-06, 1.5022e-06, 1.3565e-13,
         3.0709e-02, 5.4742e-10, 9.8391e-06, 8.8931e-09],
        [3.3852e-11, 1.7100e-04, 9.9461e-01, 2.5967e-06, 1.3412e-06, 9.5052e-14,
         5.1985e-03, 5.3069e-10, 2.0893e-05, 2.3371e-08]], device='cuda:0')[0m
[0;30m[2020-11-30 16:09:15] [INFO] fpn epoch : 5, train acc : 0.4409782588481903, test acc : 0.43497171998023987[0m
[0;30m[2020-11-30 16:09:16] [INFO] tensor([[9.9534e-11, 7.9653e-02, 8.5516e-01, 6.0615e-06, 3.3189e-06, 1.1344e-13,
         6.5086e-02, 8.4788e-09, 8.9293e-05, 1.6896e-07],
        [3.7675e-11, 7.5854e-04, 9.8895e-01, 2.3928e-06, 1.1719e-06, 6.0275e-14,
         1.0269e-02, 8.3408e-10, 2.3684e-05, 3.1013e-08],
        [7.4457e-11, 3.3219e-02, 9.5345e-01, 6.8876e-06, 3.6009e-06, 1.3385e-13,
         1.3043e-02, 1.4624e-08, 2.7671e-04, 5.1051e-07],
        [1.7262e-10, 3.8606e-03, 9.4345e-01, 5.7909e-06, 3.4483e-06, 2.0572e-13,
         5.2657e-02, 2.8105e-09, 1.8631e-05, 2.5278e-08],
        [7.5667e-11, 2.1642e-03, 9.9067e-01, 5.7894e-06, 3.0271e-06, 1.4452e-13,
         7.1136e-03, 2.5930e-09, 4.2623e-05, 6.8490e-08]], device='cuda:0')[0m
[0;30m[2020-11-30 16:09:16] [INFO] fpn epoch : 6, train acc : 0.4508695602416992, test acc : 0.44193127751350403[0m
[0;30m[2020-11-30 16:09:16] [INFO] tensor([[1.7141e-10, 3.2275e-02, 9.0915e-01, 6.0677e-06, 3.1610e-06, 1.1263e-13,
         5.8514e-02, 6.5103e-09, 5.6824e-05, 1.2395e-07],
        [7.5845e-11, 6.0164e-04, 9.8496e-01, 2.9485e-06, 1.4419e-06, 7.5864e-14,
         1.4416e-02, 8.7222e-10, 1.9364e-05, 3.0354e-08],
        [1.1016e-10, 1.4301e-02, 9.7102e-01, 5.5895e-06, 2.9099e-06, 1.1152e-13,
         1.4539e-02, 9.7768e-09, 1.3184e-04, 2.9253e-07],
        [3.2841e-10, 3.3496e-03, 9.5496e-01, 6.2124e-06, 3.7004e-06, 2.1510e-13,
         4.1666e-02, 2.8363e-09, 1.4282e-05, 2.4250e-08],
        [1.5922e-10, 1.4758e-03, 9.8810e-01, 6.6350e-06, 3.4931e-06, 1.6858e-13,
         1.0384e-02, 2.4138e-09, 3.1642e-05, 6.0179e-08]], device='cuda:0')[0m
[0;30m[2020-11-30 16:09:16] [INFO] fpn epoch : 7, train acc : 0.45108696818351746, test acc : 0.4488908350467682[0m
[0;30m[2020-11-30 16:09:17] [INFO] tensor([[1.8967e-10, 2.6162e-03, 9.8724e-01, 6.8845e-06, 3.2403e-06, 1.6916e-13,
         1.0099e-02, 5.6981e-09, 3.3993e-05, 6.9231e-08],
        [9.0679e-11, 7.3452e-05, 9.9393e-01, 3.6560e-06, 1.7050e-06, 1.3462e-13,
         5.9803e-03, 8.4425e-10, 1.2230e-05, 1.6511e-08],
        [8.2621e-11, 9.4637e-04, 9.9543e-01, 3.8720e-06, 1.8948e-06, 1.1028e-13,
         3.5703e-03, 5.0186e-09, 4.4127e-05, 8.9949e-08],
        [5.9323e-10, 5.5522e-04, 9.8323e-01, 1.0394e-05, 5.9608e-06, 5.2966e-13,
         1.6189e-02, 4.0069e-09, 1.3871e-05, 2.1191e-08],
        [2.6074e-10, 1.8634e-04, 9.9533e-01, 1.0086e-05, 5.0471e-06, 3.6436e-13,
         4.4413e-03, 2.7208e-09, 2.4988e-05, 4.2664e-08]], device='cuda:0')[0m
[0;30m[2020-11-30 16:09:17] [INFO] fpn epoch : 8, train acc : 0.455326110124588, test acc : 0.43888649344444275[0m
[0;30m[2020-11-30 16:09:18] [INFO] tensor([[4.2763e-10, 3.5340e-02, 9.5277e-01, 1.3766e-05, 6.9148e-06, 2.3179e-13,
         1.1801e-02, 2.9462e-08, 6.9001e-05, 1.8748e-07],
        [1.7877e-10, 5.6425e-04, 9.9312e-01, 6.6063e-06, 3.2683e-06, 1.5000e-13,
         6.2852e-03, 3.9213e-09, 2.1412e-05, 3.5582e-08],
        [2.4581e-10, 8.7560e-03, 9.8430e-01, 1.0349e-05, 5.4627e-06, 2.0455e-13,
         6.8180e-03, 2.9696e-08, 1.1050e-04, 2.7732e-07],
        [1.4721e-09, 5.6066e-03, 9.7400e-01, 2.3860e-05, 1.4522e-05, 7.6892e-13,
         2.0319e-02, 2.1463e-08, 3.3079e-05, 6.5166e-08],
        [5.0068e-10, 1.4928e-03, 9.9384e-01, 1.7567e-05, 9.5927e-06, 4.1716e-13,
         4.5967e-03, 1.1179e-08, 4.5951e-05, 9.8355e-08]], device='cuda:0')[0m
[0;30m[2020-11-30 16:09:18] [INFO] fpn epoch : 9, train acc : 0.46000000834465027, test acc : 0.44715094566345215[0m
[0;30m[2020-11-30 16:09:19] [INFO] tensor([[4.0069e-10, 5.6085e-03, 9.7114e-01, 1.1629e-05, 6.1498e-06, 2.4528e-13,
         2.3199e-02, 2.5202e-08, 3.1034e-05, 9.1637e-08],
        [1.9660e-10, 1.9137e-04, 9.8711e-01, 6.2658e-06, 3.3060e-06, 1.7779e-13,
         1.2680e-02, 4.5416e-09, 1.1930e-05, 2.2715e-08],
        [2.7998e-10, 3.1742e-03, 9.8237e-01, 1.0130e-05, 5.7102e-06, 2.4285e-13,
         1.4375e-02, 3.4271e-08, 6.1837e-05, 1.8323e-07],
        [1.6589e-09, 1.9211e-03, 9.4862e-01, 2.3135e-05, 1.4774e-05, 9.5017e-13,
         4.9405e-02, 2.5518e-08, 1.9027e-05, 3.8692e-08],
        [5.4679e-10, 5.2336e-04, 9.8807e-01, 1.7264e-05, 9.9983e-06, 5.0077e-13,
         1.1354e-02, 1.2899e-08, 2.7041e-05, 6.3137e-08]], device='cuda:0')[0m
[0;30m[2020-11-30 16:09:19] [INFO] fpn epoch : 10, train acc : 0.46967393159866333, test acc : 0.4488908350467682[0m
[0;30m[2020-11-30 16:09:19] [INFO] tensor([[3.0807e-10, 7.3417e-03, 9.5987e-01, 9.8178e-06, 5.3568e-06, 1.2474e-13,
         3.2751e-02, 2.3357e-08, 2.0646e-05, 6.6330e-08],
        [1.5722e-10, 2.3192e-04, 9.8378e-01, 5.5542e-06, 2.9827e-06, 9.7804e-14,
         1.5971e-02, 4.3501e-09, 8.3769e-06, 1.6812e-08],
        [2.5889e-10, 4.2447e-03, 9.7334e-01, 1.0173e-05, 5.8738e-06, 1.5562e-13,
         2.2349e-02, 3.6962e-08, 4.6386e-05, 1.5570e-07],
        [1.3216e-09, 3.0348e-03, 9.2995e-01, 1.9772e-05, 1.2938e-05, 5.0130e-13,
         6.6969e-02, 2.6931e-08, 1.3516e-05, 2.7799e-08],
        [3.8345e-10, 5.6939e-04, 9.8443e-01, 1.4094e-05, 8.2697e-06, 2.4489e-13,
         1.4961e-02, 1.1207e-08, 1.7326e-05, 4.1524e-08]], device='cuda:0')[0m
[0;30m[2020-11-30 16:09:19] [INFO] fpn epoch : 11, train acc : 0.47423914074897766, test acc : 0.45976513624191284[0m
[0;30m[2020-11-30 16:09:20] [INFO] tensor([[2.3214e-10, 4.7656e-03, 9.3591e-01, 8.3436e-06, 4.6653e-06, 7.6279e-14,
         5.9298e-02, 1.5000e-08, 1.3616e-05, 3.5263e-08],
        [1.0387e-10, 1.2854e-04, 9.7431e-01, 4.0998e-06, 2.2392e-06, 5.1847e-14,
         2.5546e-02, 2.4479e-09, 5.0907e-06, 7.8322e-09],
        [1.7998e-10, 2.9889e-03, 9.5825e-01, 7.8097e-06, 4.6853e-06, 8.5810e-14,
         3.8716e-02, 2.2794e-08, 2.9143e-05, 8.1410e-08],
        [1.0951e-09, 2.4289e-03, 8.5850e-01, 1.7147e-05, 1.1644e-05, 3.4400e-13,
         1.3903e-01, 2.0862e-08, 9.9514e-06, 1.4499e-08],
        [2.7845e-10, 3.8749e-04, 9.7064e-01, 1.1796e-05, 7.0342e-06, 1.4740e-13,
         2.8942e-02, 7.4730e-09, 1.2021e-05, 2.1295e-08]], device='cuda:0')[0m
[0;30m[2020-11-30 16:09:20] [INFO] fpn epoch : 12, train acc : 0.47858697175979614, test acc : 0.4654197692871094[0m
[0;30m[2020-11-30 16:09:21] [INFO] tensor([[9.4037e-11, 3.8659e-03, 9.1771e-01, 5.6744e-06, 3.1237e-06, 1.8714e-14,
         7.8407e-02, 1.0902e-08, 8.2078e-06, 1.8320e-08],
        [3.3502e-11, 6.6372e-05, 9.7694e-01, 2.2920e-06, 1.1889e-06, 1.0973e-14,
         2.2991e-02, 1.3281e-09, 2.4305e-06, 3.2533e-09],
        [6.0868e-11, 1.8809e-03, 9.6025e-01, 4.5062e-06, 2.5726e-06, 1.8415e-14,
         3.7847e-02, 1.3771e-08, 1.4601e-05, 3.7777e-08],
        [4.1947e-10, 1.8244e-03, 8.5318e-01, 1.1030e-05, 7.2675e-06, 8.8670e-14,
         1.4498e-01, 1.5206e-08, 5.5553e-06, 6.7733e-09],
        [9.4118e-11, 2.3599e-04, 9.6983e-01, 7.2525e-06, 4.1052e-06, 3.3609e-14,
         2.9913e-02, 4.6700e-09, 6.6170e-06, 9.9459e-09]], device='cuda:0')[0m
[0;30m[2020-11-30 16:09:21] [INFO] fpn epoch : 13, train acc : 0.479347825050354, test acc : 0.467159628868103[0m
[0;30m[2020-11-30 16:09:22] [INFO] tensor([[3.1658e-11, 2.8696e-03, 9.4122e-01, 3.2070e-06, 1.8004e-06, 4.6455e-15,
         5.5897e-02, 4.6264e-09, 4.4143e-06, 7.3872e-09],
        [1.1336e-11, 4.6234e-05, 9.8005e-01, 1.2685e-06, 6.6502e-07, 2.7999e-15,
         1.9898e-02, 5.4955e-10, 1.3427e-06, 1.3558e-09],
        [2.0631e-11, 1.6036e-03, 9.6236e-01, 2.5556e-06, 1.4717e-06, 4.6491e-15,
         3.6027e-02, 6.3229e-09, 8.5272e-06, 1.7513e-08],
        [1.7858e-10, 1.9079e-03, 8.8396e-01, 7.6688e-06, 5.1600e-06, 3.1009e-14,
         1.1412e-01, 9.3056e-09, 3.8601e-06, 3.3508e-09],
        [3.4727e-11, 2.2435e-04, 9.7477e-01, 4.5554e-06, 2.5956e-06, 9.6584e-15,
         2.4997e-02, 2.4202e-09, 4.3041e-06, 4.9821e-09]], device='cuda:0')[0m
[0;30m[2020-11-30 16:09:22] [INFO] fpn epoch : 14, train acc : 0.48608696460723877, test acc : 0.46802958846092224[0m
[0;30m[2020-11-30 16:09:22] [INFO] tensor([[1.0772e-11, 2.2321e-03, 9.1392e-01, 2.2576e-06, 1.2321e-06, 1.4396e-15,
         8.3838e-02, 2.6741e-09, 2.9535e-06, 4.2557e-09],
        [3.0002e-12, 2.8449e-05, 9.7853e-01, 6.6670e-07, 3.4427e-07, 6.6261e-16,
         2.1440e-02, 2.1205e-10, 6.7059e-07, 5.6910e-10],
        [4.9255e-12, 1.0874e-03, 9.5822e-01, 1.2099e-06, 6.7690e-07, 9.5809e-16,
         4.0682e-02, 2.5181e-09, 4.1276e-06, 7.5353e-09],
        [5.9410e-11, 1.3648e-03, 8.3348e-01, 4.9420e-06, 3.3182e-06, 1.0355e-14,
         1.6514e-01, 6.2187e-09, 2.6012e-06, 1.6944e-09],
        [1.1054e-11, 1.7906e-04, 9.6371e-01, 2.9703e-06, 1.6211e-06, 2.9292e-15,
         3.6108e-02, 1.3527e-09, 2.9792e-06, 2.6380e-09]], device='cuda:0')[0m
[0;30m[2020-11-30 16:09:22] [INFO] fpn epoch : 15, train acc : 0.4906521737575531, test acc : 0.46846455335617065[0m
[0;30m[2020-11-30 16:09:23] [INFO] tensor([[3.4952e-12, 2.5699e-03, 9.4653e-01, 1.2874e-06, 6.7554e-07, 3.4676e-16,
         5.0894e-02, 1.1211e-09, 1.5249e-06, 1.8823e-09],
        [8.2379e-13, 2.7237e-05, 9.8632e-01, 3.1301e-07, 1.6153e-07, 1.3554e-16,
         1.3657e-02, 7.7939e-11, 3.1607e-07, 2.0529e-10],
        [1.3389e-12, 1.2106e-03, 9.7081e-01, 5.4326e-07, 3.0207e-07, 1.8740e-16,
         2.7981e-02, 9.6287e-10, 1.9566e-06, 3.0027e-09],
        [2.2938e-11, 1.6950e-03, 8.9003e-01, 3.0607e-06, 2.0884e-06, 3.2124e-15,
         1.0827e-01, 3.4186e-09, 1.7061e-06, 7.8057e-10],
        [3.9162e-12, 2.3064e-04, 9.7274e-01, 1.7489e-06, 9.5127e-07, 8.1823e-16,
         2.7028e-02, 6.8733e-10, 1.8885e-06, 1.2660e-09]], device='cuda:0')[0m
[0;30m[2020-11-30 16:09:23] [INFO] fpn epoch : 16, train acc : 0.4893478453159332, test acc : 0.47237929701805115[0m
[0;30m[2020-11-30 16:09:24] [INFO] tensor([[1.7591e-12, 2.5339e-03, 9.2516e-01, 9.8991e-07, 5.3346e-07, 1.1582e-16,
         7.2307e-02, 8.2460e-10, 1.1365e-06, 1.3713e-09],
        [3.6864e-13, 2.3635e-05, 9.8173e-01, 2.0280e-07, 1.0905e-07, 4.1146e-17,
         1.8242e-02, 4.4972e-11, 2.0685e-07, 1.2156e-10],
        [5.1535e-13, 1.0801e-03, 9.6433e-01, 3.0177e-07, 1.7219e-07, 4.6642e-17,
         3.4584e-02, 5.2856e-10, 1.1371e-06, 1.6997e-09],
        [1.1724e-11, 1.8865e-03, 8.4273e-01, 2.2236e-06, 1.5506e-06, 1.1603e-15,
         1.5538e-01, 3.0538e-09, 1.3112e-06, 5.1466e-10],
        [1.7123e-12, 2.0562e-04, 9.6027e-01, 1.1424e-06, 6.3927e-07, 2.4687e-16,
         3.9519e-02, 4.4106e-10, 1.2852e-06, 8.1262e-10]], device='cuda:0')[0m
[0;30m[2020-11-30 16:09:24] [INFO] fpn epoch : 17, train acc : 0.49978262186050415, test acc : 0.4736842215061188[0m
[0;30m[2020-11-30 16:09:25] [INFO] tensor([[4.7496e-13, 2.3499e-03, 9.4612e-01, 5.1673e-07, 2.4112e-07, 2.6352e-17,
         5.1534e-02, 2.9810e-10, 4.6352e-07, 4.5030e-10],
        [1.1334e-13, 2.8511e-05, 9.8440e-01, 1.1630e-07, 5.5141e-08, 1.0257e-17,
         1.5575e-02, 1.8013e-11, 1.0094e-07, 4.2423e-11],
        [1.3039e-13, 1.2380e-03, 9.6990e-01, 1.3721e-07, 7.0858e-08, 9.4001e-18,
         2.8860e-02, 1.6612e-10, 4.5377e-07, 5.3392e-10],
        [4.2891e-12, 2.4762e-03, 8.7300e-01, 1.4323e-06, 9.3394e-07, 3.6835e-16,
         1.2452e-01, 1.5716e-09, 7.9385e-07, 2.0648e-10],
        [6.1529e-13, 2.9621e-04, 9.6217e-01, 7.5244e-07, 3.8197e-07, 7.8513e-17,
         3.7534e-02, 2.0607e-10, 7.5151e-07, 3.4558e-10]], device='cuda:0')[0m
[0;30m[2020-11-30 16:09:25] [INFO] fpn epoch : 18, train acc : 0.4991304576396942, test acc : 0.4754241108894348[0m
[0;30m[2020-11-30 16:09:25] [INFO] tensor([[2.3372e-13, 4.4174e-03, 8.9737e-01, 3.9404e-07, 1.8332e-07, 7.1666e-18,
         9.8213e-02, 1.9439e-10, 3.4902e-07, 3.3456e-10],
        [5.1594e-14, 4.0229e-05, 9.7403e-01, 7.7639e-08, 3.8203e-08, 2.5594e-18,
         2.5929e-02, 9.5018e-12, 7.1719e-08, 2.7019e-11],
        [4.8425e-14, 1.6882e-03, 9.5847e-01, 7.5527e-08, 3.9228e-08, 1.8591e-18,
         3.9841e-02, 7.6758e-11, 2.7234e-07, 3.0358e-10],
        [2.0187e-12, 5.3831e-03, 8.0834e-01, 9.8908e-07, 6.7252e-07, 9.9253e-17,
         1.8627e-01, 1.3163e-09, 6.4652e-07, 1.3856e-10],
        [2.6138e-13, 3.9422e-04, 9.4729e-01, 4.9099e-07, 2.5233e-07, 1.7965e-17,
         5.2313e-02, 1.0971e-10, 5.6292e-07, 2.1885e-10]], device='cuda:0')[0m
[0;30m[2020-11-30 16:09:25] [INFO] fpn epoch : 19, train acc : 0.5047826170921326, test acc : 0.4832535982131958[0m
[0;30m[2020-11-30 16:09:26] [INFO] tensor([[9.6190e-14, 3.0409e-03, 9.2150e-01, 2.4539e-07, 1.0089e-07, 2.0008e-18,
         7.5460e-02, 6.1157e-11, 8.9440e-08, 6.6210e-11],
        [2.1885e-14, 4.8827e-05, 9.7628e-01, 4.6541e-08, 2.0276e-08, 6.9178e-19,
         2.3669e-02, 4.0997e-12, 2.6018e-08, 6.5023e-12],
        [1.5808e-14, 1.8400e-03, 9.6426e-01, 3.5009e-08, 1.6608e-08, 3.7208e-19,
         3.3903e-02, 2.4400e-11, 8.1667e-08, 6.1146e-11],
        [9.4451e-13, 5.5609e-03, 8.3786e-01, 6.6817e-07, 4.2110e-07, 3.1252e-17,
         1.5658e-01, 5.9671e-10, 2.2557e-07, 3.2084e-11],
        [1.1932e-13, 4.8656e-04, 9.5340e-01, 3.3115e-07, 1.5592e-07, 5.6604e-18,
         4.6117e-02, 4.9609e-11, 2.2505e-07, 6.1578e-11]], device='cuda:0')[0m
[0;30m[2020-11-30 16:09:26] [INFO] fpn epoch : 20, train acc : 0.5052173733711243, test acc : 0.48064377903938293[0m
[0;30m[2020-11-30 16:09:27] [INFO] tensor([[3.1102e-14, 9.3435e-03, 8.5521e-01, 1.5007e-07, 6.1000e-08, 4.7328e-19,
         1.3545e-01, 1.7716e-11, 5.4856e-08, 3.5036e-11],
        [6.9855e-15, 9.4771e-05, 9.6275e-01, 2.4939e-08, 1.0839e-08, 1.5201e-19,
         3.7155e-02, 1.0699e-12, 1.5367e-08, 3.0398e-12],
        [4.1131e-15, 3.2203e-03, 9.5051e-01, 1.5376e-08, 7.2404e-09, 6.5156e-20,
         4.6274e-02, 5.0917e-12, 4.0914e-08, 2.3720e-11],
        [2.9608e-13, 1.0056e-02, 7.6722e-01, 3.6312e-07, 2.2223e-07, 7.1075e-18,
         2.2272e-01, 1.8263e-10, 1.3289e-07, 1.3484e-11],
        [4.0033e-14, 8.0142e-04, 9.3138e-01, 1.9842e-07, 9.0176e-08, 1.3215e-18,
         6.7820e-02, 1.2908e-11, 1.4321e-07, 2.8081e-11]], device='cuda:0')[0m
[0;30m[2020-11-30 16:09:27] [INFO] fpn epoch : 21, train acc : 0.5056521892547607, test acc : 0.4845585227012634[0m
[0;30m[2020-11-30 16:09:28] [INFO] tensor([[1.1198e-14, 2.8159e-03, 8.4937e-01, 9.1287e-08, 3.2003e-08, 1.5205e-19,
         1.4781e-01, 2.7491e-12, 1.2931e-08, 4.5608e-12],
        [2.7736e-15, 1.2030e-04, 9.5688e-01, 1.5268e-08, 5.9081e-09, 4.4266e-20,
         4.2999e-02, 3.1409e-13, 5.1318e-09, 6.6332e-13],
        [1.1739e-15, 2.4239e-03, 9.5577e-01, 6.5027e-09, 2.8906e-09, 1.3024e-20,
         4.1802e-02, 9.2513e-13, 1.1038e-08, 3.8587e-12],
        [1.2388e-13, 8.2876e-03, 7.0895e-01, 2.3095e-07, 1.2475e-07, 2.1435e-18,
         2.8276e-01, 4.7282e-11, 4.1065e-08, 3.0631e-12],
        [1.9358e-14, 9.6671e-04, 9.1701e-01, 1.5290e-07, 6.1922e-08, 4.7952e-19,
         8.2021e-02, 3.9463e-12, 5.9685e-08, 8.2813e-12]], device='cuda:0')[0m
[0;30m[2020-11-30 16:09:28] [INFO] fpn epoch : 22, train acc : 0.512499988079071, test acc : 0.491953045129776[0m
[0;30m[2020-11-30 16:09:29] [INFO] tensor([[6.1480e-15, 9.5475e-03, 8.4286e-01, 6.0479e-08, 2.1966e-08, 4.8658e-20,
         1.4759e-01, 1.9798e-12, 1.0779e-08, 1.4947e-12],
        [1.8305e-15, 3.1461e-04, 9.3471e-01, 1.0348e-08, 4.2293e-09, 1.7172e-20,
         6.4979e-02, 2.9325e-13, 4.2379e-09, 2.1442e-13],
        [5.4718e-16, 6.2428e-03, 9.5462e-01, 3.2488e-09, 1.5272e-09, 3.1066e-21,
         3.9134e-02, 5.6006e-13, 6.6908e-09, 9.3479e-13],
        [6.1099e-14, 2.3172e-02, 7.1038e-01, 1.2343e-07, 6.7210e-08, 6.5411e-19,
         2.6644e-01, 3.2757e-11, 2.7829e-08, 8.7724e-13],
        [1.0872e-14, 2.7812e-03, 9.1240e-01, 9.3382e-08, 3.8587e-08, 1.6153e-19,
         8.4814e-02, 2.7125e-12, 4.4244e-08, 2.6525e-12]], device='cuda:0')[0m
[0;30m[2020-11-30 16:09:29] [INFO] fpn epoch : 23, train acc : 0.5109782814979553, test acc : 0.48890823125839233[0m
[0;30m[2020-11-30 16:09:29] [INFO] tensor([[1.2807e-15, 1.0868e-02, 7.5923e-01, 2.3838e-08, 9.4879e-09, 4.5053e-21,
         2.2990e-01, 1.6743e-13, 3.9924e-09, 1.5922e-13],
        [3.5149e-16, 3.3792e-04, 8.6666e-01, 3.0647e-09, 1.3190e-09, 1.1207e-21,
         1.3300e-01, 2.4123e-14, 1.3067e-09, 1.9650e-14],
        [8.3456e-17, 6.1595e-03, 9.0355e-01, 7.7553e-10, 4.0405e-10, 1.6992e-22,
         9.0288e-02, 3.9941e-14, 1.7892e-09, 8.8082e-14],
        [8.6054e-15, 2.0449e-02, 5.4652e-01, 2.8907e-08, 1.6107e-08, 3.5324e-20,
         4.3303e-01, 2.2964e-12, 7.2016e-09, 7.0596e-14],
        [2.0302e-15, 2.5835e-03, 8.5416e-01, 2.7745e-08, 1.2673e-08, 1.1901e-20,
         1.4325e-01, 1.8534e-13, 1.4937e-08, 2.8723e-13]], device='cuda:0')[0m
[0;30m[2020-11-30 16:09:29] [INFO] fpn epoch : 24, train acc : 0.542391300201416, test acc : 0.5119617581367493[0m
[0;30m[2020-11-30 16:09:30] [INFO] tensor([[3.1264e-17, 7.4479e-03, 6.6180e-01, 4.8985e-09, 1.3332e-09, 4.9229e-23,
         3.3075e-01, 1.4011e-15, 3.4230e-10, 4.0630e-15],
        [1.2888e-17, 8.2469e-05, 8.2429e-01, 7.9124e-10, 2.4281e-10, 1.8847e-23,
         1.7563e-01, 1.6271e-16, 1.0997e-10, 4.0387e-16],
        [2.0463e-18, 1.6556e-03, 8.8008e-01, 1.4467e-10, 5.1705e-11, 1.6640e-24,
         1.1826e-01, 2.1563e-16, 1.3073e-10, 1.8535e-15],
        [2.7957e-16, 2.0958e-03, 4.0775e-01, 6.2941e-09, 2.4592e-09, 5.9460e-22,
         5.9015e-01, 1.7075e-14, 5.3325e-10, 1.3578e-15],
        [7.7414e-17, 3.3601e-04, 8.0390e-01, 8.4311e-09, 2.5624e-09, 2.6051e-22,
         1.9576e-01, 1.5446e-15, 1.4404e-09, 7.6177e-15]], device='cuda:0')[0m
[0;30m[2020-11-30 16:09:30] [INFO] fpn epoch : 25, train acc : 0.5859782695770264, test acc : 0.5554589033126831[0m
[0;30m[2020-11-30 16:09:31] [INFO] tensor([[2.1052e-18, 1.2998e-03, 6.7893e-01, 1.3720e-09, 3.5380e-10, 6.8281e-25,
         3.1977e-01, 8.8041e-16, 9.1978e-11, 4.7765e-16],
        [1.2409e-18, 1.8720e-05, 8.5193e-01, 2.2412e-10, 6.4026e-11, 3.0145e-25,
         1.4805e-01, 9.5100e-17, 3.3688e-11, 3.6223e-17],
        [1.2018e-19, 4.4209e-04, 8.9061e-01, 2.4656e-11, 8.6101e-12, 1.4548e-26,
         1.0895e-01, 8.7172e-17, 2.7254e-11, 1.6166e-16],
        [2.6114e-17, 4.2652e-04, 4.5337e-01, 2.0109e-09, 7.1552e-10, 1.1525e-23,
         5.4621e-01, 1.3487e-14, 2.0016e-10, 1.7232e-16],
        [7.3682e-18, 1.2821e-04, 8.2586e-01, 2.6954e-09, 8.0548e-10, 4.8398e-24,
         1.7401e-01, 1.0492e-15, 5.9179e-10, 1.0470e-15]], device='cuda:0')[0m
[0;30m[2020-11-30 16:09:31] [INFO] fpn epoch : 26, train acc : 0.6144565343856812, test acc : 0.5837320685386658[0m
[0;30m[2020-11-30 16:09:32] [INFO] tensor([[2.1001e-19, 5.5593e-04, 6.0556e-01, 4.0208e-10, 9.4033e-11, 4.2640e-26,
         3.9388e-01, 1.1536e-16, 3.6842e-11, 1.3087e-16],
        [1.5701e-19, 5.9830e-06, 8.2054e-01, 6.2090e-11, 1.8004e-11, 1.6419e-26,
         1.7945e-01, 6.4886e-18, 7.7843e-12, 5.3252e-18],
        [1.2291e-20, 1.8340e-04, 9.0244e-01, 6.7639e-12, 2.3867e-12, 6.0153e-28,
         9.7374e-02, 6.5616e-18, 6.0535e-12, 2.3943e-17],
        [2.3351e-18, 5.9730e-05, 3.8878e-01, 5.2004e-10, 1.6690e-10, 7.4370e-25,
         6.1116e-01, 9.9287e-16, 4.7897e-11, 2.5709e-17],
        [8.7990e-19, 2.8152e-05, 8.1117e-01, 9.2549e-10, 2.7306e-10, 3.1781e-25,
         1.8880e-01, 7.1896e-17, 1.6646e-10, 1.7650e-16]], device='cuda:0')[0m
[0;30m[2020-11-30 16:09:32] [INFO] fpn epoch : 27, train acc : 0.6235869526863098, test acc : 0.5798172950744629[0m
[0;30m[2020-11-30 16:09:32] [INFO] tensor([[2.7318e-20, 6.0095e-04, 6.4183e-01, 2.0655e-10, 3.8425e-11, 1.3891e-26,
         3.5757e-01, 6.1355e-17, 5.9476e-12, 2.3139e-17],
        [3.7958e-20, 9.4994e-06, 8.1719e-01, 4.2966e-11, 9.8455e-12, 5.7838e-27,
         1.8280e-01, 4.5017e-18, 2.5619e-12, 1.3304e-18],
        [2.4092e-21, 3.2807e-04, 8.9787e-01, 3.8908e-12, 1.2082e-12, 1.5904e-28,
         1.0180e-01, 3.7095e-18, 1.6208e-12, 4.8799e-18],
        [4.6092e-19, 2.6162e-04, 4.4342e-01, 3.3050e-10, 9.2059e-11, 2.6403e-25,
         5.5632e-01, 8.4414e-16, 2.0554e-11, 8.8089e-18],
        [1.9978e-19, 8.1438e-05, 7.9619e-01, 6.4657e-10, 1.6182e-10, 1.2440e-25,
         2.0373e-01, 5.3964e-17, 7.8713e-11, 6.0581e-17]], device='cuda:0')[0m
[0;30m[2020-11-30 16:09:32] [INFO] fpn epoch : 28, train acc : 0.6315217614173889, test acc : 0.5959112644195557[0m
[0;30m[2020-11-30 16:09:33] [INFO] tensor([[5.3789e-21, 6.2952e-04, 6.4913e-01, 7.7862e-11, 1.2838e-11, 1.1862e-27,
         3.5024e-01, 4.7406e-18, 8.6190e-13, 3.5700e-18],
        [8.5164e-21, 2.2916e-05, 8.2464e-01, 2.1242e-11, 3.9762e-12, 5.0255e-28,
         1.7533e-01, 5.5885e-19, 6.3105e-13, 2.9803e-19],
        [4.5640e-22, 4.1773e-04, 9.0850e-01, 1.5827e-12, 4.0355e-13, 1.4214e-29,
         9.1085e-02, 4.0333e-19, 2.9671e-13, 7.1713e-19],
        [9.3243e-20, 1.1814e-03, 4.3002e-01, 1.2805e-10, 3.0444e-11, 1.8980e-26,
         5.6880e-01, 1.0237e-16, 5.5542e-12, 2.8150e-18],
        [4.3382e-20, 1.3525e-04, 8.2728e-01, 3.3305e-10, 6.4278e-11, 1.2755e-26,
         1.7259e-01, 6.7341e-18, 2.1072e-11, 1.4642e-17]], device='cuda:0')[0m
[0;30m[2020-11-30 16:09:33] [INFO] fpn epoch : 29, train acc : 0.6441304683685303, test acc : 0.6072205305099487[0m
[0;30m[2020-11-30 16:09:34] [INFO] tensor([[1.4046e-21, 1.9192e-03, 6.3229e-01, 3.7506e-11, 5.7330e-12, 2.4450e-28,
         3.6579e-01, 2.1271e-18, 2.4552e-13, 1.2848e-18],
        [2.0083e-21, 2.3053e-05, 8.3929e-01, 1.1493e-11, 2.0071e-12, 1.0061e-28,
         1.6069e-01, 3.2055e-19, 1.7752e-13, 1.0315e-19],
        [8.3211e-23, 3.4537e-04, 8.5432e-01, 6.9279e-13, 1.5307e-13, 1.9312e-30,
         1.4534e-01, 1.9566e-19, 6.6010e-14, 1.5267e-19],
        [2.3742e-20, 1.8560e-03, 3.9246e-01, 6.8886e-11, 1.5044e-11, 4.5878e-27,
         6.0568e-01, 7.5812e-17, 2.0622e-12, 1.3243e-18],
        [1.2393e-20, 1.4072e-04, 8.2654e-01, 1.9522e-10, 3.4922e-11, 3.2516e-27,
         1.7332e-01, 5.0175e-18, 7.1686e-12, 5.2444e-18]], device='cuda:0')[0m
[0;30m[2020-11-30 16:09:34] [INFO] fpn epoch : 30, train acc : 0.6577174067497253, test acc : 0.621139645576477[0m
[0;30m[2020-11-30 16:09:35] [INFO] tensor([[5.0896e-22, 4.0943e-03, 6.7731e-01, 2.9618e-11, 4.1650e-12, 1.5081e-28,
         3.1860e-01, 5.8306e-19, 1.2972e-13, 2.9559e-19],
        [9.2691e-22, 1.0407e-04, 8.5998e-01, 8.9017e-12, 1.6529e-12, 6.8587e-29,
         1.3992e-01, 1.2051e-19, 1.1710e-13, 3.5189e-20],
        [3.1140e-23, 1.2587e-03, 9.0425e-01, 4.9141e-13, 1.0266e-13, 9.4039e-31,
         9.4486e-02, 8.0242e-20, 3.4757e-14, 4.9553e-20],
        [1.0161e-20, 2.4256e-03, 4.1288e-01, 5.7531e-11, 1.2214e-11, 3.3579e-27,
         5.8470e-01, 2.7468e-17, 1.0494e-12, 3.3093e-19],
        [5.1883e-21, 2.8139e-04, 8.7508e-01, 1.3921e-10, 2.5210e-11, 2.0130e-27,
         1.2464e-01, 2.1148e-18, 4.0427e-12, 1.3878e-18]], device='cuda:0')[0m
[0;30m[2020-11-30 16:09:35] [INFO] fpn epoch : 31, train acc : 0.6450000405311584, test acc : 0.6115702390670776[0m
[0;30m[2020-11-30 16:09:35] [INFO] tensor([[3.4761e-22, 2.0388e-03, 6.5193e-01, 1.5644e-11, 2.1947e-12, 3.2110e-29,
         3.4603e-01, 1.6176e-19, 5.5209e-14, 5.0067e-20],
        [7.8814e-22, 2.5740e-04, 8.7180e-01, 6.1432e-12, 1.1172e-12, 1.6759e-29,
         1.2794e-01, 1.9211e-20, 4.7211e-14, 8.6772e-21],
        [2.5413e-23, 1.8592e-03, 8.8546e-01, 3.2559e-13, 6.5673e-14, 1.8039e-31,
         1.1268e-01, 2.0604e-20, 1.2924e-14, 7.5711e-21],
        [7.0088e-21, 4.3884e-03, 3.5526e-01, 2.9187e-11, 6.2073e-12, 7.5283e-28,
         6.4035e-01, 7.8059e-18, 7.0111e-13, 8.4580e-20],
        [5.4186e-21, 4.6122e-04, 8.5151e-01, 1.1561e-10, 2.1166e-11, 6.1769e-28,
         1.4803e-01, 3.8238e-19, 2.6913e-12, 3.6462e-19]], device='cuda:0')[0m
[0;30m[2020-11-30 16:09:35] [INFO] fpn epoch : 32, train acc : 0.6561956405639648, test acc : 0.6185297966003418[0m
[0;30m[2020-11-30 16:09:36] [INFO] tensor([[7.9974e-22, 1.0245e-03, 7.3994e-01, 1.5034e-11, 2.3274e-12, 3.2312e-29,
         2.5903e-01, 8.2861e-20, 3.9339e-14, 1.5008e-20],
        [1.3761e-21, 2.9774e-04, 8.4881e-01, 5.5449e-12, 1.0290e-12, 1.5878e-29,
         1.5090e-01, 1.0185e-20, 3.1518e-14, 3.6034e-21],
        [3.6649e-23, 7.2826e-04, 8.6540e-01, 2.5308e-13, 4.9936e-14, 1.5055e-31,
         1.3387e-01, 6.5975e-21, 5.4030e-15, 1.7161e-21],
        [1.1351e-20, 2.3907e-03, 4.2265e-01, 1.8193e-11, 4.4198e-12, 6.0765e-28,
         5.7496e-01, 3.9054e-18, 3.2136e-13, 2.1456e-20],
        [9.4798e-21, 2.0409e-04, 8.9192e-01, 9.7569e-11, 1.7790e-11, 5.0076e-28,
         1.0788e-01, 1.6459e-19, 1.4511e-12, 9.7476e-20]], device='cuda:0')[0m
[0;30m[2020-11-30 16:09:36] [INFO] fpn epoch : 33, train acc : 0.653804361820221, test acc : 0.6172248721122742[0m
[0;30m[2020-11-30 16:09:37] [INFO] tensor([[1.1878e-21, 1.9484e-03, 6.9347e-01, 1.5193e-11, 2.6625e-12, 2.0513e-29,
         3.0458e-01, 2.1676e-21, 3.9810e-14, 2.3281e-21],
        [9.0218e-22, 1.5821e-04, 8.9803e-01, 3.4888e-12, 5.9229e-13, 8.0550e-30,
         1.0181e-01, 1.2941e-22, 1.7853e-14, 3.4746e-22],
        [3.3186e-23, 8.4142e-04, 8.6768e-01, 2.3940e-13, 4.7496e-14, 1.0691e-31,
         1.3148e-01, 1.3198e-22, 4.7794e-15, 2.3921e-22],
        [9.4729e-21, 8.8723e-04, 3.7186e-01, 1.2186e-11, 3.2023e-12, 3.7257e-28,
         6.2725e-01, 3.5055e-20, 1.7952e-13, 1.4295e-21],
        [7.6055e-21, 1.9635e-04, 8.6984e-01, 7.4543e-11, 1.3120e-11, 3.5505e-28,
         1.2996e-01, 1.8372e-21, 8.5337e-13, 9.5405e-21]], device='cuda:0')[0m
[0;30m[2020-11-30 16:09:37] [INFO] fpn epoch : 34, train acc : 0.6579347848892212, test acc : 0.6150500178337097[0m
[0;30m[2020-11-30 16:09:38] [INFO] tensor([[4.2019e-22, 1.3088e-02, 6.9519e-01, 9.6289e-12, 1.7976e-12, 1.2354e-30,
         2.9172e-01, 9.5945e-22, 5.6705e-14, 3.0278e-21],
        [3.7860e-22, 1.2279e-03, 8.9549e-01, 2.5096e-12, 4.5162e-13, 5.2907e-31,
         1.0328e-01, 9.7289e-23, 2.4516e-14, 5.0185e-22],
        [1.3763e-23, 4.8773e-03, 8.6759e-01, 1.5184e-13, 3.8549e-14, 5.9234e-33,
         1.2753e-01, 1.0311e-22, 7.6405e-15, 3.0835e-22],
        [4.3094e-21, 6.6965e-03, 3.1272e-01, 9.7390e-12, 2.6107e-12, 2.4545e-29,
         6.8058e-01, 3.0820e-20, 2.6685e-13, 1.9976e-21],
        [4.0498e-21, 1.8492e-03, 8.6931e-01, 5.4595e-11, 1.1433e-11, 2.4855e-29,
         1.2884e-01, 1.5075e-21, 1.4527e-12, 1.5337e-20]], device='cuda:0')[0m
[0;30m[2020-11-30 16:09:38] [INFO] fpn epoch : 35, train acc : 0.6519565582275391, test acc : 0.6193997263908386[0m
[0;30m[2020-11-30 16:09:38] [INFO] tensor([[3.2501e-22, 9.1466e-03, 6.6818e-01, 9.1504e-12, 1.5079e-12, 8.6677e-31,
         3.2267e-01, 5.2874e-22, 4.7153e-14, 1.7606e-21],
        [1.8444e-22, 3.5232e-04, 8.9025e-01, 1.7735e-12, 2.6952e-13, 2.4706e-31,
         1.0940e-01, 1.7754e-23, 1.2901e-14, 1.9536e-22],
        [5.9891e-24, 2.4537e-03, 8.5221e-01, 8.2253e-14, 1.9235e-14, 2.3890e-33,
         1.4534e-01, 2.0180e-23, 3.6071e-15, 9.8029e-23],
        [2.1305e-21, 7.5852e-03, 2.6682e-01, 5.8087e-12, 1.5318e-12, 1.5517e-29,
         7.2559e-01, 8.9049e-21, 1.6992e-13, 8.6439e-22],
        [1.8844e-21, 8.0271e-04, 8.4216e-01, 3.2947e-11, 6.9647e-12, 1.1469e-29,
         1.5704e-01, 3.9912e-22, 7.5283e-13, 7.0598e-21]], device='cuda:0')[0m
[0;30m[2020-11-30 16:09:38] [INFO] fpn epoch : 36, train acc : 0.6763043403625488, test acc : 0.6315789818763733[0m
[0;30m[2020-11-30 16:09:39] [INFO] tensor([[1.6415e-22, 2.1012e-03, 6.9711e-01, 4.7641e-12, 7.6057e-13, 2.2652e-31,
         3.0079e-01, 8.7878e-23, 1.4358e-14, 2.2359e-22],
        [1.6276e-22, 2.6497e-04, 8.8119e-01, 1.1797e-12, 2.0342e-13, 9.9521e-32,
         1.1854e-01, 1.1376e-23, 7.4930e-15, 6.1289e-23],
        [4.6615e-24, 1.2066e-03, 8.1256e-01, 5.4788e-14, 1.4336e-14, 1.1798e-33,
         1.8624e-01, 6.5844e-24, 1.6010e-15, 2.2906e-23],
        [1.2952e-21, 2.3331e-03, 2.6000e-01, 2.6454e-12, 7.1381e-13, 3.7258e-30,
         7.3767e-01, 1.8864e-21, 3.8972e-14, 1.0440e-22],
        [1.5296e-21, 4.0153e-04, 8.3531e-01, 2.0189e-11, 4.6708e-12, 4.4777e-30,
         1.6429e-01, 1.3692e-22, 3.1147e-13, 1.5873e-21]], device='cuda:0')[0m
[0;30m[2020-11-30 16:09:39] [INFO] fpn epoch : 37, train acc : 0.6822826266288757, test acc : 0.6337538361549377[0m
[0;30m[2020-11-30 16:09:40] [INFO] tensor([[4.7262e-23, 4.6810e-03, 7.2486e-01, 2.6038e-12, 4.4538e-13, 1.8229e-32,
         2.7045e-01, 1.5679e-22, 1.3118e-14, 1.7860e-22],
        [4.0599e-23, 4.1300e-04, 8.9173e-01, 6.4829e-13, 1.1801e-13, 7.3193e-33,
         1.0785e-01, 1.4931e-23, 7.5479e-15, 5.4957e-23],
        [1.0954e-24, 1.5430e-03, 7.6406e-01, 2.4716e-14, 7.0464e-15, 5.9027e-35,
         2.3440e-01, 9.5174e-24, 1.2882e-15, 1.4394e-23],
        [3.8586e-22, 1.8645e-03, 2.1961e-01, 1.4385e-12, 4.1003e-13, 3.1046e-31,
         7.7852e-01, 2.0997e-21, 3.3987e-14, 5.8302e-23],
        [3.7929e-22, 5.8149e-04, 8.3281e-01, 9.5175e-12, 2.3992e-12, 2.7990e-31,
         1.6661e-01, 1.3338e-22, 2.4226e-13, 9.9173e-22]], device='cuda:0')[0m
[0;30m[2020-11-30 16:09:40] [INFO] fpn epoch : 38, train acc : 0.6829348206520081, test acc : 0.6302740573883057[0m
[0;30m[2020-11-30 16:09:41] [INFO] tensor([[1.7888e-23, 4.2050e-03, 7.5697e-01, 1.3586e-12, 1.6401e-13, 3.7446e-33,
         2.3883e-01, 2.4391e-23, 4.6432e-15, 1.2028e-23],
        [1.4867e-23, 3.4739e-04, 8.9704e-01, 3.5518e-13, 5.0984e-14, 1.7227e-33,
         1.0261e-01, 2.6312e-24, 2.1823e-15, 3.0081e-24],
        [3.5604e-25, 1.7267e-03, 8.1236e-01, 1.2125e-14, 2.8662e-15, 1.2649e-35,
         1.8592e-01, 1.5384e-24, 3.7196e-16, 7.6295e-25],
        [1.4113e-22, 1.2142e-03, 2.0820e-01, 7.8085e-13, 1.7204e-13, 8.5996e-32,
         7.9058e-01, 3.2023e-22, 8.9382e-15, 2.6942e-24],
        [1.4391e-22, 3.3298e-04, 8.4655e-01, 4.9689e-12, 1.1220e-12, 7.8143e-32,
         1.5311e-01, 2.1134e-23, 7.6339e-14, 6.0544e-23]], device='cuda:0')[0m
[0;30m[2020-11-30 16:09:41] [INFO] fpn epoch : 39, train acc : 0.6871739029884338, test acc : 0.6341887712478638[0m
[0;30m[2020-11-30 16:09:41] [INFO] tensor([[2.8258e-24, 4.2803e-03, 7.8140e-01, 7.6501e-13, 7.1812e-14, 8.3798e-34,
         2.1432e-01, 8.8983e-25, 7.6620e-16, 6.5181e-25],
        [2.4289e-24, 3.2221e-04, 8.9470e-01, 1.4989e-13, 1.8688e-14, 3.5962e-34,
         1.0498e-01, 1.1102e-25, 5.2511e-16, 2.0383e-25],
        [6.9054e-26, 1.6278e-03, 8.1977e-01, 5.8781e-15, 1.2010e-15, 2.9223e-36,
         1.7861e-01, 8.4586e-26, 1.1777e-16, 6.5872e-26],
        [3.3386e-23, 1.9720e-03, 1.9904e-01, 4.6409e-13, 8.5845e-14, 2.0574e-32,
         7.9899e-01, 1.6322e-23, 3.0740e-15, 2.3699e-25],
        [3.6388e-23, 4.6054e-04, 8.2572e-01, 2.9372e-12, 6.2794e-13, 2.1022e-32,
         1.7382e-01, 1.1998e-24, 2.6922e-14, 6.4141e-24]], device='cuda:0')[0m
[0;30m[2020-11-30 16:09:41] [INFO] fpn epoch : 40, train acc : 0.686956524848938, test acc : 0.6346237659454346[0m
[0;30m[2020-11-30 16:09:42] [INFO] tensor([[6.4149e-25, 1.4310e-03, 7.7933e-01, 4.5966e-13, 3.5580e-14, 1.1553e-34,
         2.1924e-01, 1.6937e-25, 3.5643e-16, 1.9225e-25],
        [5.4873e-25, 7.6443e-05, 9.0288e-01, 9.0061e-14, 1.0030e-14, 5.7279e-35,
         9.7042e-02, 3.3241e-26, 2.2554e-16, 5.0412e-26],
        [1.4263e-26, 4.6386e-04, 7.7710e-01, 2.9521e-15, 5.4848e-16, 4.6706e-37,
         2.2244e-01, 1.5364e-26, 4.1919e-17, 1.4756e-26],
        [7.4371e-24, 5.0318e-04, 1.9222e-01, 2.7161e-13, 4.2641e-14, 3.3358e-33,
         8.0728e-01, 3.7534e-24, 1.0765e-15, 5.7527e-26],
        [9.6436e-24, 1.4477e-04, 8.2506e-01, 1.9202e-12, 3.6029e-13, 4.4702e-33,
         1.7480e-01, 3.6546e-25, 1.1101e-14, 1.6704e-24]], device='cuda:0')[0m
[0;30m[2020-11-30 16:09:42] [INFO] fpn epoch : 41, train acc : 0.6908695697784424, test acc : 0.6376685500144958[0m
[0;30m[2020-11-30 16:09:43] [INFO] tensor([[1.7029e-25, 1.0067e-03, 7.7389e-01, 3.5724e-13, 3.0007e-14, 2.3217e-35,
         2.2510e-01, 5.7646e-26, 2.1434e-16, 1.4972e-25],
        [1.3284e-25, 5.7620e-05, 9.0850e-01, 7.2568e-14, 8.1462e-15, 1.4603e-35,
         9.1445e-02, 8.6293e-27, 1.9720e-16, 5.2674e-26],
        [3.4504e-27, 3.0634e-04, 7.8994e-01, 1.8146e-15, 3.6689e-16, 1.0010e-37,
         2.0975e-01, 3.9636e-27, 3.2537e-17, 1.2230e-26],
        [2.5319e-24, 2.3363e-04, 1.7856e-01, 2.3169e-13, 4.5096e-14, 9.0732e-34,
         8.2120e-01, 1.1663e-24, 1.2623e-15, 4.9555e-26],
        [2.8295e-24, 7.0828e-05, 8.2908e-01, 1.2167e-12, 2.8545e-13, 1.0639e-33,
         1.7085e-01, 7.4544e-26, 1.1448e-14, 1.5924e-24]], device='cuda:0')[0m
[0;30m[2020-11-30 16:09:43] [INFO] fpn epoch : 42, train acc : 0.6943478584289551, test acc : 0.6341887712478638[0m
[0;30m[2020-11-30 16:09:44] [INFO] tensor([[3.2783e-26, 7.0564e-04, 7.6995e-01, 1.8771e-13, 1.2136e-14, 7.9273e-37,
         2.2934e-01, 3.5497e-27, 4.4837e-17, 7.3778e-26],
        [4.1805e-26, 5.4943e-05, 8.9559e-01, 7.1142e-14, 5.9235e-15, 1.0498e-36,
         1.0435e-01, 9.9395e-28, 1.2418e-16, 4.7312e-26],
        [8.6005e-28, 3.8867e-04, 7.8284e-01, 1.1694e-15, 1.8138e-16, 5.3683e-39,
         2.1678e-01, 4.7803e-28, 1.2035e-17, 7.5237e-27],
        [7.5860e-25, 1.9805e-04, 1.8339e-01, 2.0094e-13, 2.9464e-14, 6.9658e-35,
         8.1642e-01, 1.3474e-25, 6.8607e-16, 3.7926e-26],
        [9.0272e-25, 4.6332e-05, 8.2227e-01, 1.0515e-12, 1.8114e-13, 8.0086e-35,
         1.7768e-01, 7.2861e-27, 5.6077e-15, 1.0523e-24]], device='cuda:0')[0m
[0;30m[2020-11-30 16:09:44] [INFO] fpn epoch : 43, train acc : 0.7008695602416992, test acc : 0.6333188414573669[0m
[0;30m[2020-11-30 16:09:44] [INFO] tensor([[9.7690e-27, 4.3061e-05, 7.3073e-01, 9.2284e-14, 5.0031e-15, 2.5271e-37,
         2.6923e-01, 1.8465e-28, 6.9222e-18, 1.0438e-26],
        [2.8114e-26, 5.1004e-06, 8.9537e-01, 4.5221e-14, 4.3424e-15, 5.7433e-37,
         1.0462e-01, 7.1178e-29, 3.0414e-17, 9.0240e-27],
        [5.3023e-28, 7.8364e-05, 7.7809e-01, 6.5159e-16, 1.2971e-16, 2.6935e-39,
         2.2184e-01, 2.1985e-29, 3.3402e-18, 1.4191e-27],
        [4.3974e-25, 1.4667e-05, 1.6636e-01, 1.0121e-13, 1.6739e-14, 2.7275e-35,
         8.3362e-01, 1.0387e-26, 1.8559e-16, 7.5979e-27],
        [7.2867e-25, 7.0810e-06, 8.2310e-01, 4.5941e-13, 1.3222e-13, 3.9304e-35,
         1.7689e-01, 6.3092e-28, 2.0766e-15, 2.2429e-25]], device='cuda:0')[0m
[0;30m[2020-11-30 16:09:44] [INFO] fpn epoch : 44, train acc : 0.6770652532577515, test acc : 0.609830379486084[0m
[0;30m[2020-11-30 16:09:45] [INFO] tensor([[2.9110e-26, 2.0392e-03, 7.0575e-01, 1.6016e-13, 8.1011e-15, 1.7657e-37,
         2.9221e-01, 4.6985e-28, 1.6372e-17, 2.2059e-26],
        [9.7889e-26, 1.5915e-04, 8.5109e-01, 5.8518e-14, 6.8751e-15, 2.7159e-37,
         1.4876e-01, 1.6432e-28, 5.5536e-17, 1.5267e-26],
        [1.1614e-27, 8.6441e-04, 7.4827e-01, 6.5921e-16, 1.3941e-16, 9.5904e-40,
         2.5086e-01, 2.2039e-29, 3.5117e-18, 1.3922e-27],
        [9.6875e-25, 8.2369e-04, 1.6179e-01, 8.5642e-14, 1.8762e-14, 8.6135e-36,
         8.3739e-01, 2.0253e-26, 1.8641e-16, 1.0350e-26],
        [1.9773e-24, 1.7399e-04, 8.0601e-01, 4.3212e-13, 1.5104e-13, 1.5801e-35,
         1.9382e-01, 7.6743e-28, 2.6647e-15, 2.8168e-25]], device='cuda:0')[0m
[0;30m[2020-11-30 16:09:45] [INFO] fpn epoch : 45, train acc : 0.7069565653800964, test acc : 0.6420182585716248[0m
[0;30m[2020-11-30 16:09:46] [INFO] tensor([[7.0500e-27, 5.1987e-03, 7.7831e-01, 8.5479e-14, 4.8026e-15, 7.7567e-39,
         2.1649e-01, 3.7330e-27, 2.6220e-17, 5.3545e-26],
        [2.6005e-26, 2.1731e-04, 8.4581e-01, 4.4026e-14, 5.6040e-15, 1.5719e-38,
         1.5397e-01, 2.1581e-27, 1.3001e-16, 4.1708e-26],
        [2.4487e-28, 1.3521e-03, 7.5700e-01, 4.0375e-16, 9.1399e-17, 4.7168e-41,
         2.4165e-01, 5.0841e-28, 6.5776e-18, 3.4169e-27],
        [3.0563e-25, 1.6098e-03, 1.5513e-01, 5.8525e-14, 1.7153e-14, 6.0879e-37,
         8.4326e-01, 3.7346e-25, 4.3512e-16, 3.8492e-26],
        [4.0932e-25, 2.2899e-04, 8.3601e-01, 2.6443e-13, 1.0782e-13, 7.8678e-37,
         1.6376e-01, 1.2692e-26, 4.5612e-15, 7.7100e-25]], device='cuda:0')[0m
[0;30m[2020-11-30 16:09:46] [INFO] fpn epoch : 46, train acc : 0.7077174186706543, test acc : 0.652022659778595[0m
[0;30m[2020-11-30 16:09:47] [INFO] tensor([[4.4020e-27, 2.7442e-03, 7.6530e-01, 7.2652e-14, 4.4487e-15, 3.8495e-39,
         2.3195e-01, 1.6995e-27, 1.7005e-17, 1.9037e-26],
        [1.1530e-26, 1.6324e-04, 8.5594e-01, 2.8246e-14, 3.5436e-15, 7.7484e-39,
         1.4389e-01, 9.2152e-28, 6.9816e-17, 1.2404e-26],
        [1.0710e-28, 8.0966e-04, 7.1381e-01, 2.3336e-16, 5.1333e-17, 2.3643e-41,
         2.8538e-01, 1.4026e-28, 3.3664e-18, 9.1681e-28],
        [1.8400e-25, 8.7847e-04, 1.5622e-01, 4.1966e-14, 1.3587e-14, 3.1838e-37,
         8.4290e-01, 1.4196e-25, 2.9160e-16, 1.1290e-26],
        [2.0026e-25, 1.5495e-04, 8.1353e-01, 1.6501e-13, 7.3656e-14, 4.2116e-37,
         1.8632e-01, 3.4008e-27, 2.4762e-15, 2.3376e-25]], device='cuda:0')[0m
[0;30m[2020-11-30 16:09:47] [INFO] fpn epoch : 47, train acc : 0.720108687877655, test acc : 0.6494128108024597[0m
[0;30m[2020-11-30 16:09:47] [INFO] tensor([[9.7178e-28, 2.2692e-03, 7.7238e-01, 4.1325e-14, 2.3036e-15, 7.7857e-40,
         2.2535e-01, 3.1785e-28, 6.3010e-18, 2.0627e-27],
        [2.0517e-27, 1.1801e-04, 8.4845e-01, 8.4834e-15, 1.4152e-15, 1.1914e-39,
         1.5143e-01, 1.3161e-28, 1.9878e-17, 1.0663e-27],
        [1.8677e-29, 7.4475e-04, 7.0709e-01, 8.0461e-17, 1.9975e-17, 3.7961e-42,
         2.9216e-01, 2.1029e-29, 9.9145e-19, 1.0367e-28],
        [4.3566e-26, 1.0936e-03, 1.7332e-01, 1.8852e-14, 7.3129e-15, 6.1508e-38,
         8.2559e-01, 2.5614e-26, 9.9978e-17, 1.3006e-27],
        [4.1224e-26, 1.7134e-04, 8.0637e-01, 5.2081e-14, 3.3084e-14, 7.0768e-38,
         1.9346e-01, 4.3578e-28, 7.5504e-16, 2.8214e-26]], device='cuda:0')[0m
[0;30m[2020-11-30 16:09:47] [INFO] fpn epoch : 48, train acc : 0.7216304540634155, test acc : 0.6489778161048889[0m
[0;30m[2020-11-30 16:09:48] [INFO] tensor([[1.5772e-28, 1.4814e-03, 8.1219e-01, 1.9767e-14, 1.1567e-15, 6.7304e-41,
         1.8633e-01, 7.6827e-29, 2.6637e-18, 4.9546e-28],
        [3.3958e-28, 1.2937e-04, 8.5729e-01, 3.7642e-15, 6.6529e-16, 1.0188e-40,
         1.4258e-01, 3.6381e-29, 7.8842e-18, 2.9480e-28],
        [2.5150e-30, 8.0304e-04, 6.6296e-01, 2.8369e-17, 7.3558e-18, 2.6625e-43,
         3.3624e-01, 4.4637e-30, 3.3155e-19, 2.5795e-29],
        [9.1358e-27, 8.3283e-04, 1.5642e-01, 9.2598e-15, 3.9459e-15, 6.3842e-39,
         8.4275e-01, 7.6739e-27, 4.3147e-17, 3.8383e-28],
        [7.6994e-27, 1.4358e-04, 8.0070e-01, 2.3333e-14, 1.7086e-14, 7.2398e-39,
         1.9915e-01, 1.1668e-28, 3.2154e-16, 8.7145e-27]], device='cuda:0')[0m
[0;30m[2020-11-30 16:09:48] [INFO] fpn epoch : 49, train acc : 0.7260869741439819, test acc : 0.6437581777572632[0m
[0;30m[2020-11-30 16:09:49] [INFO] tensor([[3.5424e-29, 1.2352e-03, 7.9826e-01, 8.3154e-15, 5.2057e-16, 8.3868e-42,
         2.0050e-01, 4.1320e-29, 1.9553e-18, 1.6714e-28],
        [4.9508e-29, 8.1309e-05, 8.4277e-01, 1.3428e-15, 2.8156e-16, 1.2966e-41,
         1.5715e-01, 1.3442e-29, 4.0656e-18, 7.4196e-29],
        [3.1089e-31, 6.1539e-04, 6.6574e-01, 8.6254e-18, 2.4338e-18, 3.3631e-44,
         3.3365e-01, 1.8138e-30, 1.4506e-19, 5.8867e-30],
        [1.5883e-27, 4.4894e-04, 1.4798e-01, 3.3975e-15, 1.8679e-15, 1.1497e-39,
         8.5158e-01, 3.6877e-27, 2.9041e-17, 1.0887e-28],
        [9.6581e-28, 8.2906e-05, 7.9038e-01, 8.0559e-15, 6.8395e-15, 1.1498e-39,
         2.0954e-01, 3.8354e-29, 1.7624e-16, 2.1141e-27]], device='cuda:0')[0m
[0;30m[2020-11-30 16:09:49] [INFO] fpn epoch : 50, train acc : 0.7252174019813538, test acc : 0.6472379565238953[0m
[0;30m[2020-11-30 16:09:50] [INFO] tensor([[6.7021e-30, 2.1812e-03, 7.6712e-01, 4.6642e-15, 2.8321e-16, 9.7110e-43,
         2.3070e-01, 1.0043e-29, 7.0930e-19, 4.2383e-29],
        [8.4028e-30, 1.0283e-04, 8.5586e-01, 5.2800e-16, 1.2811e-16, 1.4433e-42,
         1.4404e-01, 2.2402e-30, 1.3447e-18, 1.4899e-29],
        [5.7179e-32, 7.0263e-04, 6.2401e-01, 3.3759e-18, 1.0924e-18, 2.8026e-45,
         3.7529e-01, 2.4094e-31, 5.3817e-20, 1.3091e-30],
        [3.2197e-28, 6.7494e-04, 1.2161e-01, 1.4966e-15, 8.2573e-16, 1.3943e-40,
         8.7771e-01, 6.4979e-28, 8.9754e-18, 2.2740e-29],
        [2.0312e-28, 1.0389e-04, 7.8648e-01, 3.7789e-15, 3.7995e-15, 1.7387e-40,
         2.1342e-01, 5.9675e-30, 6.5839e-17, 5.3644e-28]], device='cuda:0')[0m
[0;30m[2020-11-30 16:09:50] [INFO] fpn epoch : 51, train acc : 0.7250000238418579, test acc : 0.6468029618263245[0m
[0;30m[2020-11-30 16:09:50] [INFO] tensor([[1.3124e-30, 1.7123e-03, 7.6550e-01, 2.0910e-15, 1.2914e-16, 1.0930e-43,
         2.3279e-01, 2.5242e-30, 3.2679e-19, 9.6752e-30],
        [1.2099e-30, 8.9319e-05, 8.4624e-01, 2.0125e-16, 5.3521e-17, 1.4714e-43,
         1.5367e-01, 5.3581e-31, 4.5989e-19, 2.8673e-30],
        [8.0408e-33, 7.8056e-04, 6.4566e-01, 1.1568e-18, 4.2437e-19, 0.0000e+00,
         3.5356e-01, 5.8738e-32, 2.0159e-20, 3.0491e-31],
        [6.0456e-29, 4.7963e-04, 1.0836e-01, 6.0295e-16, 3.9421e-16, 1.4272e-41,
         8.9116e-01, 1.6942e-28, 3.5128e-18, 4.9422e-30],
        [3.3736e-29, 1.0538e-04, 7.8525e-01, 1.5666e-15, 1.7675e-15, 2.1256e-41,
         2.1464e-01, 1.5647e-30, 2.7590e-17, 1.4416e-28]], device='cuda:0')[0m
[0;30m[2020-11-30 16:09:50] [INFO] fpn epoch : 52, train acc : 0.7260869741439819, test acc : 0.6468029618263245[0m
[0;30m[2020-11-30 16:09:51] [INFO] tensor([[5.8109e-31, 1.7019e-03, 7.7686e-01, 1.2600e-15, 7.6325e-17, 5.8855e-44,
         2.2143e-01, 5.1722e-31, 1.0654e-19, 1.9227e-30],
        [7.0305e-31, 8.8553e-05, 8.5112e-01, 1.4428e-16, 4.4757e-17, 1.2752e-43,
         1.4879e-01, 9.8163e-32, 1.8796e-19, 6.1380e-31],
        [5.3606e-33, 6.3449e-04, 6.5639e-01, 8.1360e-19, 3.8703e-19, 0.0000e+00,
         3.4297e-01, 9.6853e-33, 9.1631e-21, 6.5003e-32],
        [3.1086e-29, 4.6546e-04, 1.0669e-01, 3.9471e-16, 2.7786e-16, 9.3943e-42,
         8.9284e-01, 2.8947e-29, 1.3098e-18, 9.8478e-31],
        [2.0558e-29, 1.0202e-04, 7.6479e-01, 1.1566e-15, 1.4848e-15, 2.0323e-41,
         2.3511e-01, 2.6833e-31, 1.2557e-17, 3.4631e-29]], device='cuda:0')[0m
[0;30m[2020-11-30 16:09:51] [INFO] fpn epoch : 53, train acc : 0.719021737575531, test acc : 0.6498477458953857[0m
[0;30m[2020-11-30 16:09:52] [INFO] tensor([[3.8822e-31, 1.3708e-03, 7.7575e-01, 1.1618e-15, 6.4554e-17, 2.1019e-44,
         2.2287e-01, 2.4224e-31, 4.8316e-20, 7.9131e-31],
        [3.0388e-31, 8.7039e-05, 8.7615e-01, 8.9983e-17, 3.3450e-17, 4.3440e-44,
         1.2377e-01, 3.6725e-32, 6.8803e-20, 1.9811e-31],
        [1.9957e-33, 5.9569e-04, 7.3842e-01, 4.1374e-19, 2.4677e-19, 0.0000e+00,
         2.6098e-01, 5.2263e-33, 3.1778e-21, 2.2438e-32],
        [1.8463e-29, 4.0363e-04, 1.1533e-01, 3.4757e-16, 2.5291e-16, 3.4878e-42,
         8.8427e-01, 1.1364e-29, 5.5204e-19, 4.0944e-31],
        [7.0720e-30, 8.2943e-05, 7.9654e-01, 6.9006e-16, 9.8884e-16, 5.8350e-42,
         2.0338e-01, 8.3417e-32, 4.3639e-18, 1.1312e-29]], device='cuda:0')[0m
[0;30m[2020-11-30 16:09:52] [INFO] fpn epoch : 54, train acc : 0.7264130711555481, test acc : 0.6476728916168213[0m
[0;30m[2020-11-30 16:09:53] [INFO] tensor([[2.5009e-30, 1.9908e-03, 5.9335e-01, 1.8441e-15, 1.2073e-16, 5.3249e-44,
         4.0466e-01, 5.0564e-32, 1.2656e-19, 4.9505e-31],
        [1.1667e-30, 1.4814e-04, 8.0311e-01, 9.1317e-17, 3.6756e-17, 7.7071e-44,
         1.9674e-01, 4.4525e-33, 9.8628e-20, 9.0991e-32],
        [5.1477e-33, 7.0390e-04, 6.5859e-01, 2.1753e-19, 1.6750e-19, 0.0000e+00,
         3.4071e-01, 3.6624e-34, 2.5604e-21, 8.1320e-33],
        [5.4373e-29, 4.6739e-04, 1.2863e-01, 2.3376e-16, 2.2470e-16, 4.2964e-42,
         8.7091e-01, 1.0035e-30, 5.1273e-19, 1.4790e-31],
        [2.3594e-29, 1.3546e-04, 7.7166e-01, 6.8602e-16, 1.0532e-15, 1.2672e-41,
         2.2821e-01, 8.2061e-33, 5.7163e-18, 7.2445e-30]], device='cuda:0')[0m
[0;30m[2020-11-30 16:09:53] [INFO] fpn epoch : 55, train acc : 0.6820652484893799, test acc : 0.625489354133606[0m
[0;30m[2020-11-30 16:09:54] [INFO] tensor([[6.4304e-30, 1.8472e-03, 8.0262e-01, 2.9379e-15, 2.5939e-16, 9.9492e-44,
         1.9554e-01, 1.3484e-31, 4.5340e-19, 1.5721e-30],
        [3.7694e-30, 1.6060e-04, 8.6806e-01, 1.7229e-16, 6.6106e-17, 1.1351e-43,
         1.3178e-01, 1.1272e-32, 2.1904e-19, 3.0516e-31],
        [1.5782e-32, 8.7203e-04, 7.7982e-01, 4.2432e-19, 3.3317e-19, 0.0000e+00,
         2.1931e-01, 1.2857e-33, 7.3565e-21, 3.3199e-32],
        [1.7344e-28, 7.8840e-04, 1.7940e-01, 5.4792e-16, 5.7303e-16, 9.0244e-42,
         8.1981e-01, 4.2899e-30, 1.2296e-18, 6.8324e-31],
        [7.9783e-29, 2.1254e-04, 8.3912e-01, 1.4495e-15, 2.0631e-15, 1.5323e-41,
         1.6067e-01, 2.9328e-32, 1.2147e-17, 2.3404e-29]], device='cuda:0')[0m
[0;30m[2020-11-30 16:09:54] [INFO] fpn epoch : 56, train acc : 0.7307608723640442, test acc : 0.6563723683357239[0m
[0;30m[2020-11-30 16:09:54] [INFO] tensor([[3.8509e-30, 2.2564e-03, 6.9266e-01, 1.9836e-15, 2.0222e-16, 3.0829e-44,
         3.0508e-01, 7.0205e-31, 4.4246e-19, 4.1886e-30],
        [3.1427e-30, 2.5405e-04, 8.3385e-01, 1.4937e-16, 6.9695e-17, 4.6243e-44,
         1.6589e-01, 8.1494e-32, 5.1389e-19, 1.5675e-30],
        [1.0757e-32, 1.1887e-03, 7.8028e-01, 3.1290e-19, 2.8071e-19, 0.0000e+00,
         2.1853e-01, 7.0550e-33, 1.0149e-20, 9.7700e-32],
        [9.2111e-29, 6.3527e-04, 1.5414e-01, 5.6760e-16, 5.8672e-16, 3.8830e-42,
         8.4522e-01, 2.9390e-29, 1.9152e-18, 2.0929e-30],
        [4.2269e-29, 2.0254e-04, 8.3394e-01, 1.0614e-15, 1.5475e-15, 5.7201e-42,
         1.6585e-01, 1.6789e-31, 1.8772e-17, 6.2420e-29]], device='cuda:0')[0m
[0;30m[2020-11-30 16:09:54] [INFO] fpn epoch : 57, train acc : 0.7339130640029907, test acc : 0.6515876650810242[0m
[0;30m[2020-11-30 16:09:55] [INFO] tensor([[1.4800e-30, 4.0105e-03, 6.3771e-01, 1.2539e-15, 1.0064e-16, 7.0065e-45,
         3.5828e-01, 2.8864e-31, 1.5440e-19, 8.3000e-31],
        [1.6636e-30, 1.5925e-04, 8.4595e-01, 9.5998e-17, 4.5555e-17, 1.4013e-44,
         1.5389e-01, 2.6157e-32, 1.6908e-19, 2.4746e-31],
        [5.5314e-33, 1.2551e-03, 7.2364e-01, 2.5876e-19, 1.8469e-19, 0.0000e+00,
         2.7510e-01, 3.6920e-33, 4.1484e-21, 1.7696e-32],
        [4.0943e-29, 4.9509e-04, 1.0712e-01, 4.1903e-16, 4.0279e-16, 1.0762e-42,
         8.9238e-01, 8.2295e-30, 7.2826e-19, 3.1919e-31],
        [2.6368e-29, 1.6405e-04, 7.9414e-01, 9.4125e-16, 1.2572e-15, 2.3724e-42,
         2.0570e-01, 6.8196e-32, 8.7035e-18, 1.1835e-29]], device='cuda:0')[0m
[0;30m[2020-11-30 16:09:55] [INFO] fpn epoch : 58, train acc : 0.7336956858634949, test acc : 0.6507177352905273[0m
[0;30m[2020-11-30 16:09:56] [INFO] tensor([[2.6069e-30, 3.5809e-03, 6.4634e-01, 1.3196e-15, 1.2292e-16, 5.6052e-45,
         3.5008e-01, 1.3284e-31, 1.3328e-19, 6.1717e-31],
        [1.5300e-30, 2.4491e-04, 8.0751e-01, 4.8204e-17, 3.2928e-17, 5.6052e-45,
         1.9224e-01, 7.0428e-33, 1.2618e-19, 1.2080e-31],
        [4.1277e-33, 1.3760e-03, 6.6746e-01, 9.2535e-20, 1.0424e-19, 0.0000e+00,
         3.3117e-01, 1.1173e-33, 2.8330e-21, 8.0785e-33],
        [3.2733e-29, 4.9222e-04, 1.0383e-01, 1.8761e-16, 2.3816e-16, 3.6013e-43,
         8.9568e-01, 2.1627e-30, 4.7050e-19, 1.1472e-31],
        [1.6679e-29, 2.3277e-04, 7.8933e-01, 3.4440e-16, 6.9500e-16, 7.7632e-43,
         2.1044e-01, 1.8451e-32, 5.1580e-18, 4.8013e-30]], device='cuda:0')[0m
[0;30m[2020-11-30 16:09:56] [INFO] fpn epoch : 59, train acc : 0.7204347848892212, test acc : 0.6407133936882019[0m
[0;30m[2020-11-30 16:09:57] [INFO] tensor([[7.2865e-31, 3.7776e-03, 5.9616e-01, 5.9048e-16, 5.5252e-17, 0.0000e+00,
         4.0006e-01, 4.0788e-32, 8.2948e-20, 2.1340e-31],
        [7.6774e-31, 4.7963e-04, 8.0262e-01, 4.1049e-17, 2.7582e-17, 0.0000e+00,
         1.9690e-01, 4.2156e-33, 1.1517e-19, 7.2412e-32],
        [1.5267e-33, 2.6778e-03, 6.0042e-01, 4.9641e-20, 5.0749e-20, 0.0000e+00,
         3.9691e-01, 5.4788e-34, 1.5685e-21, 3.3205e-33],
        [1.7130e-29, 7.9122e-04, 9.2957e-02, 1.4347e-16, 2.0117e-16, 2.1019e-44,
         9.0625e-01, 1.3203e-30, 3.4436e-19, 4.2144e-32],
        [8.4333e-30, 4.2446e-04, 7.8147e-01, 2.8333e-16, 5.6758e-16, 6.3058e-44,
         2.1811e-01, 1.0877e-32, 3.6717e-18, 2.8226e-30]], device='cuda:0')[0m
[0;30m[2020-11-30 16:09:57] [INFO] fpn epoch : 60, train acc : 0.6988043785095215, test acc : 0.6376685500144958[0m
[0;30m[2020-11-30 16:09:57] [INFO] tensor([[1.7572e-30, 5.7458e-03, 7.4120e-01, 6.6172e-16, 1.0929e-16, 0.0000e+00,
         2.5305e-01, 6.1264e-32, 1.5982e-19, 4.5987e-31],
        [7.1525e-31, 4.7242e-04, 8.4164e-01, 2.0659e-17, 2.2639e-17, 0.0000e+00,
         1.5789e-01, 5.2780e-33, 1.6007e-19, 1.4747e-31],
        [1.5678e-33, 2.2266e-03, 6.7091e-01, 2.5501e-20, 3.7818e-20, 0.0000e+00,
         3.2687e-01, 5.1017e-34, 2.0531e-21, 4.7009e-33],
        [3.0085e-29, 1.2219e-03, 1.3209e-01, 1.6928e-16, 3.2243e-16, 1.5414e-44,
         8.6669e-01, 2.9115e-30, 1.1778e-18, 1.4676e-31],
        [9.3403e-30, 5.4381e-04, 8.1863e-01, 1.9498e-16, 5.3330e-16, 2.9427e-44,
         1.8082e-01, 1.5350e-32, 6.4159e-18, 6.1608e-30]], device='cuda:0')[0m
[0;30m[2020-11-30 16:09:57] [INFO] fpn epoch : 61, train acc : 0.7275000214576721, test acc : 0.6546324491500854[0m
[0;30m[2020-11-30 16:09:58] [INFO] tensor([[2.8949e-30, 4.4694e-03, 7.5164e-01, 7.6435e-16, 1.1612e-16, 1.4013e-45,
         2.4389e-01, 1.9163e-32, 2.8953e-19, 1.0077e-31],
        [1.0612e-30, 6.7870e-04, 8.7997e-01, 2.3712e-17, 2.6917e-17, 1.4013e-45,
         1.1935e-01, 1.5776e-33, 2.7352e-19, 4.6429e-32],
        [3.3230e-33, 2.8886e-03, 7.7629e-01, 3.1777e-20, 5.4512e-20, 0.0000e+00,
         2.2082e-01, 1.5789e-34, 4.8388e-21, 1.9440e-33],
        [6.2656e-29, 9.3315e-04, 1.3745e-01, 1.8965e-16, 4.4530e-16, 1.0370e-43,
         8.6162e-01, 8.2059e-31, 1.4855e-18, 3.6873e-32],
        [1.0628e-29, 5.5572e-04, 8.5495e-01, 1.7410e-16, 4.5584e-16, 1.0650e-43,
         1.4449e-01, 3.0010e-33, 7.5648e-18, 1.1966e-30]], device='cuda:0')[0m
[0;30m[2020-11-30 16:09:58] [INFO] fpn epoch : 62, train acc : 0.7398912906646729, test acc : 0.6502827405929565[0m
[0;30m[2020-11-30 16:09:59] [INFO] tensor([[1.4806e-30, 1.9982e-03, 8.4661e-01, 7.7719e-16, 8.6439e-17, 0.0000e+00,
         1.5139e-01, 6.4930e-33, 2.2373e-19, 3.2055e-32],
        [5.5023e-31, 1.3838e-04, 9.1033e-01, 2.3288e-17, 2.6959e-17, 1.4013e-45,
         8.9536e-02, 4.7869e-34, 2.0820e-19, 1.5527e-32],
        [1.7643e-33, 8.8267e-04, 7.9958e-01, 2.9221e-20, 4.3740e-20, 0.0000e+00,
         1.9954e-01, 5.0204e-35, 3.4384e-21, 6.0642e-34],
        [5.6775e-29, 2.9954e-04, 1.3280e-01, 3.0274e-16, 5.2879e-16, 1.9198e-43,
         8.6690e-01, 3.1498e-31, 1.2643e-18, 1.3827e-32],
        [8.0387e-30, 1.4807e-04, 8.7058e-01, 1.8082e-16, 5.5340e-16, 1.5695e-43,
         1.2927e-01, 8.0426e-34, 6.4811e-18, 4.6736e-31]], device='cuda:0')[0m
[0;30m[2020-11-30 16:09:59] [INFO] fpn epoch : 63, train acc : 0.7383695840835571, test acc : 0.6498477458953857[0m
[0;30m[2020-11-30 16:10:00] [INFO] tensor([[4.7472e-31, 1.6133e-03, 8.3664e-01, 7.8307e-16, 5.8516e-17, 0.0000e+00,
         1.6174e-01, 3.9940e-34, 8.5010e-20, 2.8199e-32],
        [2.1992e-31, 5.5496e-05, 8.9413e-01, 2.2056e-17, 1.9067e-17, 0.0000e+00,
         1.0582e-01, 3.9062e-35, 8.6979e-20, 1.2942e-32],
        [5.4675e-34, 6.8765e-04, 7.7484e-01, 2.3109e-20, 2.8102e-20, 0.0000e+00,
         2.2447e-01, 7.5665e-36, 1.4786e-21, 5.8454e-34],
        [2.2905e-29, 1.3351e-04, 1.2068e-01, 3.5913e-16, 3.9367e-16, 2.5223e-44,
         8.7918e-01, 1.9503e-32, 8.1212e-19, 1.5359e-32],
        [3.9105e-30, 4.9376e-05, 8.5091e-01, 1.9365e-16, 4.9512e-16, 1.9618e-44,
         1.4904e-01, 1.0932e-34, 4.6238e-18, 4.9233e-31]], device='cuda:0')[0m
[0;30m[2020-11-30 16:10:00] [INFO] fpn epoch : 64, train acc : 0.7467391490936279, test acc : 0.6576772332191467[0m
[0;30m[2020-11-30 16:10:00] [INFO] tensor([[4.4712e-31, 6.3789e-04, 7.4143e-01, 1.4467e-15, 9.2351e-17, 0.0000e+00,
         2.5793e-01, 1.6752e-33, 1.1767e-19, 4.3313e-32],
        [1.8698e-31, 3.3354e-05, 8.8910e-01, 2.6989e-17, 2.3637e-17, 0.0000e+00,
         1.1087e-01, 2.9117e-34, 1.2367e-19, 2.7374e-32],
        [5.2655e-34, 2.6326e-04, 7.7977e-01, 3.1639e-20, 3.1983e-20, 0.0000e+00,
         2.1997e-01, 1.2939e-35, 1.3669e-21, 6.3438e-34],
        [1.9735e-29, 1.4893e-04, 1.2412e-01, 6.0491e-16, 4.2967e-16, 1.8077e-43,
         8.7573e-01, 1.5440e-31, 1.2277e-18, 4.9823e-32],
        [3.0841e-30, 3.5919e-05, 8.3130e-01, 2.2119e-16, 4.6059e-16, 1.1070e-43,
         1.6866e-01, 3.1866e-34, 5.2260e-18, 1.0362e-30]], device='cuda:0')[0m
[0;30m[2020-11-30 16:10:00] [INFO] fpn epoch : 65, train acc : 0.7428261041641235, test acc : 0.652457594871521[0m
[0;30m[2020-11-30 16:10:01] [INFO] tensor([[2.4750e-31, 7.8493e-04, 7.8384e-01, 1.0941e-15, 7.9650e-17, 0.0000e+00,
         2.1537e-01, 8.6594e-33, 8.2262e-20, 5.0048e-32],
        [1.5483e-31, 4.5235e-05, 8.8779e-01, 1.4963e-17, 1.7132e-17, 0.0000e+00,
         1.1216e-01, 1.0592e-33, 1.6862e-19, 4.1193e-32],
        [2.9667e-34, 5.8199e-04, 7.4163e-01, 1.7963e-20, 2.6502e-20, 0.0000e+00,
         2.5779e-01, 2.6847e-35, 1.4736e-21, 7.3734e-34],
        [7.2282e-30, 1.8635e-04, 1.1134e-01, 2.3505e-16, 1.7272e-16, 2.8026e-45,
         8.8847e-01, 5.3715e-31, 9.0737e-19, 4.8757e-32],
        [1.8139e-30, 5.9330e-05, 8.1371e-01, 1.0640e-16, 2.3754e-16, 2.8026e-45,
         1.8623e-01, 1.2943e-33, 8.1221e-18, 1.8074e-30]], device='cuda:0')[0m
[0;30m[2020-11-30 16:10:01] [INFO] fpn epoch : 66, train acc : 0.7530434727668762, test acc : 0.659852147102356[0m
[0;30m[2020-11-30 16:10:02] [INFO] tensor([[2.1506e-30, 8.8039e-04, 7.6341e-01, 1.1283e-15, 1.1383e-16, 0.0000e+00,
         2.3571e-01, 3.0726e-31, 6.8682e-19, 6.8874e-31],
        [1.3341e-30, 1.0904e-04, 8.8154e-01, 1.4683e-17, 2.1902e-17, 0.0000e+00,
         1.1835e-01, 1.0299e-31, 1.6378e-18, 3.5519e-31],
        [1.9556e-33, 1.7697e-03, 7.4006e-01, 1.3613e-20, 3.6269e-20, 0.0000e+00,
         2.5817e-01, 1.5471e-33, 1.2053e-20, 7.9895e-33],
        [3.9720e-29, 3.4217e-04, 9.2882e-02, 1.5460e-16, 1.8366e-16, 0.0000e+00,
         9.0678e-01, 3.0088e-29, 9.7822e-18, 5.0173e-31],
        [9.2808e-30, 1.6932e-04, 8.0028e-01, 8.5670e-17, 2.3633e-16, 0.0000e+00,
         1.9955e-01, 9.1858e-32, 6.4045e-17, 1.1389e-29]], device='cuda:0')[0m
[0;30m[2020-11-30 16:10:02] [INFO] fpn epoch : 67, train acc : 0.7553260922431946, test acc : 0.6628969311714172[0m
[0;30m[2020-11-30 16:10:03] [INFO] tensor([[3.6099e-30, 1.5855e-03, 8.1182e-01, 1.2529e-15, 9.8950e-17, 0.0000e+00,
         1.8659e-01, 3.5562e-33, 9.0310e-20, 6.2476e-32],
        [4.0768e-30, 8.9403e-05, 8.8546e-01, 3.0566e-17, 3.4109e-17, 0.0000e+00,
         1.1445e-01, 1.6225e-33, 2.3829e-19, 2.4340e-32],
        [5.5889e-33, 6.7526e-04, 7.3291e-01, 2.8306e-20, 5.7105e-20, 0.0000e+00,
         2.6642e-01, 3.3592e-35, 2.1218e-21, 5.2505e-34],
        [8.8159e-29, 1.3829e-04, 8.0953e-02, 1.9200e-16, 2.0992e-16, 1.4013e-45,
         9.1891e-01, 3.9311e-31, 1.6319e-18, 3.3321e-32],
        [4.1088e-29, 7.9112e-05, 7.8193e-01, 2.3254e-16, 4.3150e-16, 2.8026e-45,
         2.1799e-01, 1.9021e-33, 1.4222e-17, 1.1150e-30]], device='cuda:0')[0m
[0;30m[2020-11-30 16:10:03] [INFO] fpn epoch : 68, train acc : 0.759239137172699, test acc : 0.6589821577072144[0m
[0;30m[2020-11-30 16:10:03] [INFO] tensor([[2.3180e-30, 6.1997e-04, 7.8522e-01, 1.0003e-15, 1.0570e-16, 0.0000e+00,
         2.1416e-01, 3.2887e-34, 6.0246e-20, 5.4139e-33],
        [1.7448e-30, 3.4742e-05, 9.0478e-01, 1.2401e-17, 1.8108e-17, 0.0000e+00,
         9.5187e-02, 8.2756e-35, 6.9716e-20, 1.4390e-33],
        [2.2872e-33, 3.2781e-04, 7.5122e-01, 1.0574e-20, 2.9889e-20, 0.0000e+00,
         2.4845e-01, 2.2574e-36, 7.0815e-22, 3.4738e-35],
        [5.9528e-29, 6.4288e-05, 8.5530e-02, 1.1444e-16, 1.4976e-16, 0.0000e+00,
         9.1441e-01, 2.8790e-32, 6.4908e-19, 2.5727e-33],
        [1.9055e-29, 3.9583e-05, 7.7887e-01, 1.0534e-16, 2.7484e-16, 1.4013e-45,
         2.2109e-01, 1.3676e-34, 4.6143e-18, 8.2607e-32]], device='cuda:0')[0m
[0;30m[2020-11-30 16:10:03] [INFO] fpn epoch : 69, train acc : 0.7618478536605835, test acc : 0.6555023789405823[0m
[0;30m[2020-11-30 16:10:04] [INFO] tensor([[3.3460e-31, 1.1863e-03, 7.8907e-01, 5.3599e-16, 6.3132e-17, 0.0000e+00,
         2.0974e-01, 3.8970e-34, 2.9359e-20, 2.9816e-33],
        [3.7710e-31, 1.3503e-04, 8.9342e-01, 7.3076e-18, 1.1851e-17, 0.0000e+00,
         1.0644e-01, 1.2663e-34, 5.0735e-20, 1.6593e-33],
        [4.4410e-34, 1.3406e-03, 7.4953e-01, 5.3494e-21, 1.5953e-20, 0.0000e+00,
         2.4913e-01, 3.4268e-36, 4.3979e-22, 3.2538e-35],
        [1.3166e-29, 1.9638e-04, 7.8174e-02, 7.2874e-17, 9.9610e-17, 0.0000e+00,
         9.2163e-01, 4.7127e-32, 3.3615e-19, 1.7521e-33],
        [3.9871e-30, 1.4104e-04, 7.5686e-01, 5.9142e-17, 1.8279e-16, 0.0000e+00,
         2.4300e-01, 2.5881e-34, 3.3020e-18, 8.0781e-32]], device='cuda:0')[0m
[0;30m[2020-11-30 16:10:04] [INFO] fpn epoch : 70, train acc : 0.7667391300201416, test acc : 0.6594171524047852[0m
[0;30m[2020-11-30 16:10:05] [INFO] tensor([[1.4432e-31, 4.2873e-04, 7.8761e-01, 2.9110e-16, 4.1738e-17, 0.0000e+00,
         2.1196e-01, 3.4855e-35, 9.7186e-21, 3.5395e-34],
        [1.3444e-31, 6.3581e-05, 8.9605e-01, 4.3094e-18, 7.5290e-18, 0.0000e+00,
         1.0389e-01, 1.1169e-35, 1.6359e-20, 1.2817e-34],
        [1.7778e-34, 7.1247e-04, 7.1119e-01, 3.4903e-21, 1.1919e-20, 0.0000e+00,
         2.8810e-01, 3.4807e-37, 1.6426e-22, 3.0844e-36],
        [6.0997e-30, 1.0793e-04, 7.1214e-02, 4.3922e-17, 6.8938e-17, 0.0000e+00,
         9.2868e-01, 3.6061e-33, 1.3856e-19, 1.4698e-34],
        [1.4031e-30, 9.2158e-05, 7.4670e-01, 3.6135e-17, 1.2124e-16, 0.0000e+00,
         2.5320e-01, 1.9153e-35, 1.2392e-18, 7.2766e-33]], device='cuda:0')[0m
[0;30m[2020-11-30 16:10:05] [INFO] fpn epoch : 71, train acc : 0.7644565105438232, test acc : 0.6607220768928528[0m
[0;30m[2020-11-30 16:10:06] [INFO] tensor([[2.3710e-32, 1.5556e-03, 7.3815e-01, 1.2840e-16, 1.6879e-17, 0.0000e+00,
         2.6030e-01, 1.6875e-35, 4.4725e-21, 1.2799e-34],
        [1.4299e-32, 9.5641e-05, 8.9863e-01, 1.7772e-18, 2.6693e-18, 0.0000e+00,
         1.0128e-01, 5.0901e-36, 6.5075e-21, 3.8116e-35],
        [1.6371e-35, 1.1168e-03, 7.2489e-01, 1.2822e-21, 3.2068e-21, 0.0000e+00,
         2.7400e-01, 1.0027e-37, 5.4876e-23, 7.4274e-37],
        [1.0610e-30, 2.2931e-04, 7.7658e-02, 2.4064e-17, 3.5617e-17, 0.0000e+00,
         9.2211e-01, 1.9568e-33, 5.1311e-20, 4.5168e-35],
        [1.9541e-31, 1.7205e-04, 7.8245e-01, 1.7239e-17, 5.5266e-17, 0.0000e+00,
         2.1738e-01, 9.2417e-36, 5.6673e-19, 2.5871e-33]], device='cuda:0')[0m
[0;30m[2020-11-30 16:10:06] [INFO] fpn epoch : 72, train acc : 0.7707608938217163, test acc : 0.6620270013809204[0m
[0;30m[2020-11-30 16:10:06] [INFO] tensor([[1.4751e-32, 1.3996e-03, 7.6597e-01, 7.6112e-17, 1.4978e-17, 0.0000e+00,
         2.3263e-01, 1.9864e-36, 3.2343e-21, 2.8300e-35],
        [1.0080e-32, 1.3874e-04, 9.0095e-01, 7.8869e-19, 1.7618e-18, 0.0000e+00,
         9.8910e-02, 7.5285e-37, 3.8668e-21, 1.1468e-35],
        [1.2981e-35, 1.5403e-03, 7.3094e-01, 5.9701e-22, 2.2996e-21, 0.0000e+00,
         2.6752e-01, 1.9511e-38, 3.6550e-23, 1.7415e-37],
        [7.2046e-31, 3.1348e-04, 6.8406e-02, 1.1029e-17, 2.4623e-17, 0.0000e+00,
         9.3128e-01, 4.5960e-34, 2.7624e-20, 1.3503e-35],
        [1.2836e-31, 2.4074e-04, 7.4721e-01, 7.7189e-18, 3.6909e-17, 0.0000e+00,
         2.5255e-01, 1.5870e-36, 2.8432e-19, 7.9589e-34]], device='cuda:0')[0m
[0;30m[2020-11-30 16:10:06] [INFO] fpn epoch : 73, train acc : 0.7738043665885925, test acc : 0.6585472226142883[0m
[0;30m[2020-11-30 16:10:07] [INFO] tensor([[3.9587e-33, 1.0493e-03, 7.5532e-01, 5.3118e-17, 8.9147e-18, 0.0000e+00,
         2.4363e-01, 1.6017e-37, 1.1607e-21, 4.9901e-36],
        [2.2656e-33, 6.4905e-05, 9.0823e-01, 5.4316e-19, 1.0027e-18, 0.0000e+00,
         9.1709e-02, 4.7988e-38, 9.7413e-22, 1.1251e-36],
        [2.6792e-36, 7.8268e-04, 7.4179e-01, 3.5187e-22, 1.1066e-21, 0.0000e+00,
         2.5743e-01, 1.2430e-39, 8.6624e-24, 2.0896e-38],
        [2.3694e-31, 1.2529e-04, 8.0725e-02, 9.4562e-18, 1.7066e-17, 0.0000e+00,
         9.1915e-01, 5.1822e-35, 9.2389e-21, 1.9843e-36],
        [3.8296e-32, 8.6129e-05, 7.4771e-01, 6.1640e-18, 2.5390e-17, 0.0000e+00,
         2.5221e-01, 1.1879e-37, 8.2258e-20, 9.9058e-35]], device='cuda:0')[0m
[0;30m[2020-11-30 16:10:07] [INFO] fpn epoch : 74, train acc : 0.7727174162864685, test acc : 0.6555023789405823[0m
[0;30m[2020-11-30 16:10:08] [INFO] tensor([[8.8972e-34, 7.5930e-04, 7.7405e-01, 3.0203e-17, 4.7019e-18, 0.0000e+00,
         2.2519e-01, 2.2805e-38, 3.5964e-22, 7.8008e-37],
        [6.2917e-34, 6.3807e-05, 9.1301e-01, 2.5202e-19, 4.4399e-19, 0.0000e+00,
         8.6926e-02, 8.4156e-39, 4.1416e-22, 2.5137e-37],
        [6.5405e-37, 1.0382e-03, 7.1122e-01, 1.2698e-22, 4.0993e-22, 0.0000e+00,
         2.8775e-01, 2.2113e-40, 2.7367e-24, 4.1505e-39],
        [8.0915e-32, 1.5602e-04, 7.1414e-02, 4.9645e-18, 1.0128e-17, 0.0000e+00,
         9.2843e-01, 1.3791e-35, 4.6901e-21, 4.3135e-37],
        [1.3162e-32, 1.2248e-04, 7.4262e-01, 3.4064e-18, 1.4144e-17, 0.0000e+00,
         2.5726e-01, 2.7505e-38, 4.4469e-20, 2.7670e-35]], device='cuda:0')[0m
[0;30m[2020-11-30 16:10:08] [INFO] fpn epoch : 75, train acc : 0.7761956453323364, test acc : 0.659852147102356[0m
[0;30m[2020-11-30 16:10:09] [INFO] tensor([[2.3657e-34, 4.5681e-04, 7.4313e-01, 1.4164e-17, 2.6946e-18, 0.0000e+00,
         2.5642e-01, 1.5953e-38, 2.8268e-22, 3.8765e-37],
        [1.5384e-34, 3.9790e-05, 9.0511e-01, 1.1401e-19, 2.0685e-19, 0.0000e+00,
         9.4846e-02, 4.2380e-39, 2.6186e-22, 1.1836e-37],
        [1.3560e-37, 4.9160e-04, 7.3965e-01, 5.4607e-23, 1.6032e-22, 0.0000e+00,
         2.5986e-01, 1.0914e-40, 1.3374e-24, 1.3847e-39],
        [2.4776e-32, 6.9357e-05, 7.2294e-02, 2.1776e-18, 5.7529e-18, 0.0000e+00,
         9.2764e-01, 8.6618e-36, 2.9853e-21, 2.0571e-37],
        [3.6348e-33, 5.6356e-05, 7.5743e-01, 1.6247e-18, 6.7054e-18, 0.0000e+00,
         2.4251e-01, 1.0576e-38, 2.3542e-20, 1.1529e-35]], device='cuda:0')[0m
[0;30m[2020-11-30 16:10:09] [INFO] fpn epoch : 76, train acc : 0.7769565582275391, test acc : 0.6572422981262207[0m
[0;30m[2020-11-30 16:10:09] [INFO] tensor([[4.7941e-35, 4.2258e-04, 7.1632e-01, 9.9608e-18, 1.5524e-18, 0.0000e+00,
         2.8326e-01, 6.4898e-39, 1.1705e-22, 1.2117e-37],
        [3.0871e-35, 2.6087e-05, 9.1920e-01, 6.9116e-20, 9.8972e-20, 0.0000e+00,
         8.0773e-02, 1.5336e-39, 7.1172e-23, 2.7903e-38],
        [2.2585e-38, 3.7701e-04, 7.2491e-01, 2.5371e-23, 6.2524e-23, 0.0000e+00,
         2.7471e-01, 4.4465e-41, 3.9256e-25, 3.0566e-40],
        [5.4690e-33, 5.9319e-05, 7.6014e-02, 1.4539e-18, 3.2413e-18, 0.0000e+00,
         9.2393e-01, 3.1406e-36, 9.9481e-22, 5.1084e-38],
        [8.2827e-34, 6.2298e-05, 7.5657e-01, 1.0009e-18, 3.7262e-18, 0.0000e+00,
         2.4337e-01, 5.7466e-39, 1.0740e-20, 4.0864e-36]], device='cuda:0')[0m
[0;30m[2020-11-30 16:10:09] [INFO] fpn epoch : 77, train acc : 0.7785869836807251, test acc : 0.659852147102356[0m
[0;30m[2020-11-30 16:10:10] [INFO] tensor([[7.5089e-36, 5.2825e-04, 7.6040e-01, 3.3370e-18, 5.2495e-19, 0.0000e+00,
         2.3908e-01, 3.7752e-40, 3.4422e-23, 8.8337e-39],
        [4.5303e-36, 2.5644e-05, 9.3168e-01, 2.9110e-20, 2.9676e-20, 0.0000e+00,
         6.8295e-02, 5.1416e-41, 1.4008e-23, 1.1087e-39],
        [2.7266e-39, 5.1224e-04, 7.4947e-01, 9.9482e-24, 1.7436e-23, 0.0000e+00,
         2.5002e-01, 1.6465e-42, 6.4537e-26, 1.1390e-41],
        [1.1578e-33, 1.4303e-04, 7.1821e-02, 6.1322e-19, 1.0606e-18, 0.0000e+00,
         9.2804e-01, 2.0999e-37, 2.6434e-22, 2.5051e-39],
        [1.5945e-34, 9.2464e-05, 7.4463e-01, 5.6356e-19, 1.7170e-18, 0.0000e+00,
         2.5528e-01, 3.1672e-40, 2.7792e-21, 2.3931e-37]], device='cuda:0')[0m
[0;30m[2020-11-30 16:10:10] [INFO] fpn epoch : 78, train acc : 0.7808696031570435, test acc : 0.6581122279167175[0m
[0;30m[2020-11-30 16:10:11] [INFO] tensor([[1.6197e-36, 7.4741e-04, 7.2371e-01, 2.5599e-18, 3.0122e-19, 0.0000e+00,
         2.7554e-01, 7.3285e-41, 6.4852e-24, 2.0185e-39],
        [8.9511e-37, 3.0659e-05, 9.1775e-01, 1.3784e-20, 1.3095e-20, 0.0000e+00,
         8.2216e-02, 2.6765e-41, 4.9312e-24, 4.6089e-40],
        [5.2312e-40, 7.7709e-04, 6.8102e-01, 4.6510e-24, 6.7303e-24, 0.0000e+00,
         3.1820e-01, 5.2409e-43, 1.5447e-26, 3.2566e-42],
        [1.9443e-34, 1.1194e-04, 5.2604e-02, 2.1745e-19, 4.4576e-19, 0.0000e+00,
         9.4728e-01, 1.0039e-37, 6.2143e-23, 4.4785e-40],
        [4.8022e-35, 1.5830e-04, 7.3628e-01, 3.1623e-19, 9.1214e-19, 0.0000e+00,
         2.6356e-01, 1.8732e-40, 1.0116e-21, 9.1068e-38]], device='cuda:0')[0m
[0;30m[2020-11-30 16:10:11] [INFO] fpn epoch : 79, train acc : 0.7783696055412292, test acc : 0.6555023789405823[0m
[0;30m[2020-11-30 16:10:12] [INFO] tensor([[8.4097e-37, 3.9349e-03, 6.4361e-01, 1.1975e-18, 1.6483e-19, 0.0000e+00,
         3.5246e-01, 1.8341e-40, 1.7191e-23, 3.9555e-39],
        [2.5737e-37, 1.0155e-04, 9.1241e-01, 5.4576e-21, 5.0464e-21, 0.0000e+00,
         8.7485e-02, 6.0626e-41, 5.2749e-24, 3.8753e-40],
        [1.1455e-40, 1.7974e-03, 7.4061e-01, 1.3543e-24, 2.1399e-24, 0.0000e+00,
         2.5759e-01, 7.0625e-43, 1.3200e-26, 2.2547e-42],
        [1.2309e-34, 3.0667e-04, 7.8651e-02, 1.3975e-19, 3.0369e-19, 0.0000e+00,
         9.2104e-01, 4.9637e-37, 1.2389e-22, 8.2861e-40],
        [1.1549e-35, 2.9020e-04, 7.2808e-01, 1.2349e-19, 4.0206e-19, 0.0000e+00,
         2.7163e-01, 5.0692e-40, 1.0724e-21, 7.2360e-38]], device='cuda:0')[0m
[0;30m[2020-11-30 16:10:12] [INFO] fpn epoch : 80, train acc : 0.7727174162864685, test acc : 0.6572422981262207[0m
[0;30m[2020-11-30 16:10:12] [INFO] tensor([[1.5728e-37, 1.2338e-03, 7.7778e-01, 6.9598e-19, 8.9735e-20, 0.0000e+00,
         2.2098e-01, 4.2926e-41, 3.7415e-24, 5.3656e-40],
        [7.3299e-38, 6.3414e-05, 9.1725e-01, 3.0597e-21, 2.4956e-21, 0.0000e+00,
         8.2688e-02, 2.9055e-41, 2.6053e-24, 1.2343e-40],
        [3.7773e-41, 1.2094e-03, 6.9305e-01, 7.3397e-25, 1.1214e-24, 0.0000e+00,
         3.0574e-01, 3.2370e-43, 6.4045e-27, 8.0715e-43],
        [2.7012e-35, 1.6805e-04, 5.7922e-02, 5.8923e-20, 1.2210e-19, 0.0000e+00,
         9.4191e-01, 1.4789e-37, 6.3223e-23, 2.1591e-40],
        [4.4766e-36, 1.5457e-04, 7.1750e-01, 7.6682e-20, 2.6667e-19, 0.0000e+00,
         2.8234e-01, 2.6364e-40, 9.3878e-22, 2.5914e-38]], device='cuda:0')[0m
[0;30m[2020-11-30 16:10:12] [INFO] fpn epoch : 81, train acc : 0.7848913073539734, test acc : 0.6642018556594849[0m
[0;30m[2020-11-30 16:10:13] [INFO] tensor([[3.4086e-38, 1.1383e-03, 7.9266e-01, 4.6655e-19, 4.6526e-20, 0.0000e+00,
         2.0620e-01, 3.7064e-42, 1.7021e-24, 3.5947e-40],
        [1.4696e-38, 7.2300e-05, 9.0699e-01, 3.0229e-21, 1.9158e-21, 0.0000e+00,
         9.2934e-02, 2.3934e-42, 1.7036e-24, 1.1270e-40],
        [4.8149e-42, 1.2956e-03, 7.1995e-01, 5.0094e-25, 6.4782e-25, 0.0000e+00,
         2.7875e-01, 3.0829e-44, 5.3371e-27, 8.5059e-43],
        [5.2169e-36, 1.4625e-04, 5.5262e-02, 5.9621e-20, 8.8320e-20, 0.0000e+00,
         9.4459e-01, 3.1751e-38, 4.5648e-23, 1.6414e-40],
        [8.6179e-37, 1.5998e-04, 7.0212e-01, 8.7006e-20, 2.2050e-19, 0.0000e+00,
         2.9772e-01, 4.8772e-41, 1.1169e-21, 2.5324e-38]], device='cuda:0')[0m
[0;30m[2020-11-30 16:10:13] [INFO] fpn epoch : 82, train acc : 0.7791304588317871, test acc : 0.6550674438476562[0m
[0;30m[2020-11-30 16:10:14] [INFO] tensor([[2.7233e-38, 1.2197e-03, 7.8910e-01, 3.7260e-19, 4.0708e-20, 0.0000e+00,
         2.0968e-01, 2.4691e-42, 1.2265e-24, 2.0518e-40],
        [2.1091e-38, 9.5014e-05, 8.7441e-01, 3.3814e-21, 3.2016e-21, 0.0000e+00,
         1.2550e-01, 4.6005e-42, 1.5124e-24, 6.5257e-41],
        [8.5325e-42, 7.1242e-04, 6.6972e-01, 8.3136e-25, 1.4553e-24, 0.0000e+00,
         3.2957e-01, 6.1657e-44, 6.3020e-27, 3.9096e-43],
        [5.4993e-36, 1.1242e-04, 4.6010e-02, 5.4124e-20, 1.1021e-19, 0.0000e+00,
         9.5388e-01, 2.2476e-38, 3.5636e-23, 4.8853e-41],
        [1.4238e-36, 1.9769e-04, 6.3927e-01, 7.3368e-20, 3.1289e-19, 0.0000e+00,
         3.6054e-01, 5.9110e-41, 6.2497e-22, 8.6934e-39]], device='cuda:0')[0m
[0;30m[2020-11-30 16:10:14] [INFO] fpn epoch : 83, train acc : 0.7825000286102295, test acc : 0.6568073034286499[0m
[0;30m[2020-11-30 16:10:14] [INFO] tensor([[1.5103e-38, 2.8914e-03, 7.5962e-01, 3.2450e-19, 3.0339e-20, 0.0000e+00,
         2.3749e-01, 3.4052e-43, 1.6733e-24, 1.4397e-40],
        [1.5015e-38, 1.1155e-04, 8.6746e-01, 6.0722e-21, 4.0884e-21, 0.0000e+00,
         1.3243e-01, 6.5581e-43, 1.4700e-24, 3.5764e-41],
        [4.1156e-42, 5.4752e-04, 6.7377e-01, 1.2318e-24, 1.2756e-24, 0.0000e+00,
         3.2568e-01, 1.1210e-44, 4.5057e-27, 1.8357e-43],
        [3.9162e-36, 1.4165e-04, 5.4995e-02, 8.5289e-20, 1.0740e-19, 0.0000e+00,
         9.4486e-01, 2.7164e-39, 3.1167e-23, 3.4856e-41],
        [9.0572e-37, 1.6125e-04, 6.5737e-01, 1.2453e-19, 3.3255e-19, 0.0000e+00,
         3.4247e-01, 7.0836e-42, 6.2819e-22, 5.0439e-39]], device='cuda:0')[0m
[0;30m[2020-11-30 16:10:14] [INFO] fpn epoch : 84, train acc : 0.782608687877655, test acc : 0.6563723683357239[0m
[0;30m[2020-11-30 16:10:15] [INFO] tensor([[1.4821e-38, 3.6220e-04, 7.9257e-01, 3.3904e-19, 3.9578e-20, 0.0000e+00,
         2.0707e-01, 6.8804e-43, 2.0100e-24, 1.2808e-40],
        [8.0109e-39, 3.1233e-05, 8.4419e-01, 3.8946e-21, 3.1697e-21, 0.0000e+00,
         1.5578e-01, 1.3214e-42, 2.8217e-24, 5.9274e-41],
        [1.6732e-42, 2.6374e-04, 6.4661e-01, 5.6210e-25, 6.8321e-25, 0.0000e+00,
         3.5313e-01, 1.1210e-44, 5.9690e-27, 2.0319e-43],
        [2.2068e-36, 5.3014e-05, 5.0053e-02, 8.0119e-20, 1.1062e-19, 0.0000e+00,
         9.4989e-01, 3.6787e-39, 8.1769e-23, 6.0201e-41],
        [3.6577e-37, 5.4458e-05, 6.4658e-01, 7.4121e-20, 2.2528e-19, 0.0000e+00,
         3.5337e-01, 6.5034e-42, 1.0492e-21, 7.6284e-39]], device='cuda:0')[0m
[0;30m[2020-11-30 16:10:15] [INFO] fpn epoch : 85, train acc : 0.7771739363670349, test acc : 0.6485428810119629[0m
[0;30m[2020-11-30 16:10:16] [INFO] tensor([[5.1943e-39, 6.5005e-04, 6.5824e-01, 1.6109e-19, 2.1739e-20, 0.0000e+00,
         3.4111e-01, 2.0599e-43, 2.7941e-24, 2.8243e-40],
        [2.1014e-39, 4.6779e-05, 8.5808e-01, 1.8947e-21, 1.2919e-21, 0.0000e+00,
         1.4188e-01, 2.3822e-43, 3.1507e-24, 1.6662e-40],
        [3.6574e-43, 5.2879e-04, 6.0213e-01, 1.6102e-25, 1.7944e-25, 0.0000e+00,
         3.9734e-01, 2.8026e-45, 4.8023e-27, 6.1097e-43],
        [8.1200e-37, 1.0714e-04, 8.0340e-02, 5.4143e-20, 8.0980e-20, 0.0000e+00,
         9.1955e-01, 2.4721e-39, 1.9833e-22, 2.7555e-40],
        [1.1440e-37, 8.3086e-05, 6.7466e-01, 2.9670e-20, 9.1381e-20, 0.0000e+00,
         3.2526e-01, 2.3234e-42, 2.0680e-21, 3.0844e-38]], device='cuda:0')[0m
[0;30m[2020-11-30 16:10:16] [INFO] fpn epoch : 86, train acc : 0.7773913145065308, test acc : 0.6511526703834534[0m
[0;30m[2020-11-30 16:10:17] [INFO] tensor([[9.3214e-41, 2.7769e-04, 5.7556e-01, 1.6104e-19, 1.0102e-20, 0.0000e+00,
         4.2416e-01, 4.5808e-42, 3.8300e-24, 3.4805e-40],
        [7.8069e-41, 1.7683e-05, 8.3284e-01, 4.2365e-21, 1.0781e-21, 0.0000e+00,
         1.6714e-01, 1.9282e-42, 2.1412e-24, 1.2431e-40],
        [8.4078e-45, 1.9705e-04, 5.0745e-01, 3.5193e-25, 1.3539e-25, 0.0000e+00,
         4.9235e-01, 1.4013e-44, 1.2115e-27, 2.0879e-43],
        [3.6074e-38, 6.3318e-05, 5.8237e-02, 2.6379e-19, 1.1864e-19, 0.0000e+00,
         9.4170e-01, 5.1346e-38, 1.8670e-22, 6.8406e-40],
        [3.9857e-39, 4.0465e-05, 6.0060e-01, 2.0678e-19, 1.7502e-19, 0.0000e+00,
         3.9935e-01, 2.0465e-41, 1.3629e-21, 6.2856e-38]], device='cuda:0')[0m
[0;30m[2020-11-30 16:10:17] [INFO] fpn epoch : 87, train acc : 0.7242391705513, test acc : 0.6320139169692993[0m
[0;30m[2020-11-30 16:10:17] [INFO] tensor([[1.3240e-40, 1.3800e-04, 4.7273e-01, 5.7247e-19, 2.8331e-20, 0.0000e+00,
         5.2713e-01, 1.9436e-42, 2.3451e-24, 1.5807e-40],
        [1.2618e-40, 9.9147e-06, 8.0539e-01, 1.8067e-20, 2.9200e-21, 0.0000e+00,
         1.9460e-01, 2.3934e-42, 1.3313e-24, 6.7781e-41],
        [1.1210e-44, 7.0527e-05, 5.2408e-01, 1.0977e-24, 3.9799e-25, 0.0000e+00,
         4.7585e-01, 2.1019e-44, 1.3137e-27, 2.0039e-43],
        [2.5071e-38, 1.2474e-05, 3.1855e-02, 3.9870e-19, 1.2301e-19, 0.0000e+00,
         9.6813e-01, 1.6407e-38, 8.5628e-23, 2.7411e-40],
        [7.2728e-39, 1.8578e-05, 6.0190e-01, 6.5755e-19, 4.3991e-19, 0.0000e+00,
         3.9809e-01, 2.9635e-41, 1.2045e-21, 6.0659e-38]], device='cuda:0')[0m
[0;30m[2020-11-30 16:10:17] [INFO] fpn epoch : 88, train acc : 0.6664130687713623, test acc : 0.5967811942100525[0m
[0;30m[2020-11-30 16:10:18] [INFO] tensor([[1.9604e-38, 1.2435e-03, 6.3356e-01, 3.5819e-18, 2.2337e-19, 0.0000e+00,
         3.6519e-01, 1.9524e-41, 2.4116e-22, 1.2274e-38],
        [4.2229e-39, 2.0939e-05, 9.3335e-01, 3.5257e-20, 9.1586e-21, 0.0000e+00,
         6.6633e-02, 8.1696e-42, 2.5351e-23, 7.9908e-40],
        [6.5581e-43, 2.8283e-04, 7.5298e-01, 4.2748e-24, 2.5902e-24, 0.0000e+00,
         2.4674e-01, 9.1084e-44, 3.8314e-26, 4.7336e-42],
        [8.1473e-37, 1.3025e-04, 8.0589e-02, 1.1042e-18, 5.3808e-19, 0.0000e+00,
         9.1928e-01, 1.5574e-37, 2.0169e-21, 5.2139e-39],
        [1.2064e-37, 3.3641e-05, 7.6218e-01, 1.7952e-18, 1.3214e-18, 0.0000e+00,
         2.3779e-01, 8.1352e-41, 1.3138e-20, 3.9647e-37]], device='cuda:0')[0m
[0;30m[2020-11-30 16:10:18] [INFO] fpn epoch : 89, train acc : 0.7647826075553894, test acc : 0.6454980373382568[0m
[0;30m[2020-11-30 16:10:19] [INFO] tensor([[7.8104e-38, 3.9799e-03, 6.9311e-01, 8.3430e-18, 4.0298e-19, 0.0000e+00,
         3.0291e-01, 3.7675e-41, 8.0248e-23, 8.0210e-39],
        [5.2634e-38, 7.1200e-05, 8.7936e-01, 1.7463e-19, 3.6231e-20, 0.0000e+00,
         1.2056e-01, 1.6114e-41, 1.0620e-23, 4.0655e-40],
        [1.0263e-41, 1.0953e-03, 6.4493e-01, 2.9210e-23, 1.8526e-23, 0.0000e+00,
         3.5398e-01, 5.4370e-43, 3.7891e-26, 4.4029e-42],
        [2.8045e-36, 2.1304e-04, 6.1871e-02, 2.5700e-18, 9.2045e-19, 0.0000e+00,
         9.3792e-01, 2.2598e-37, 2.7732e-22, 1.7924e-39],
        [1.5328e-36, 1.1582e-04, 6.8202e-01, 5.7694e-18, 4.9832e-18, 0.0000e+00,
         3.1786e-01, 2.8188e-40, 8.1174e-21, 4.0573e-37]], device='cuda:0')[0m
[0;30m[2020-11-30 16:10:19] [INFO] fpn epoch : 90, train acc : 0.7740217447280884, test acc : 0.6550674438476562[0m
[0;30m[2020-11-30 16:10:20] [INFO] tensor([[1.8254e-37, 1.3887e-03, 7.8617e-01, 1.2838e-17, 7.5075e-19, 0.0000e+00,
         2.1244e-01, 1.8391e-40, 1.7399e-22, 3.0795e-38],
        [7.1829e-38, 3.4631e-05, 9.4529e-01, 9.8426e-20, 2.9441e-20, 0.0000e+00,
         5.4680e-02, 4.4987e-41, 1.2995e-23, 8.9982e-40],
        [2.1525e-41, 6.0375e-04, 7.7247e-01, 2.9144e-23, 2.1086e-23, 0.0000e+00,
         2.2693e-01, 1.5288e-42, 5.8566e-26, 1.1585e-41],
        [7.2455e-36, 1.3971e-04, 9.7019e-02, 3.8062e-18, 1.6202e-18, 0.0000e+00,
         9.0284e-01, 1.3397e-36, 8.4065e-22, 8.9171e-39],
        [3.1149e-36, 8.2846e-05, 7.8256e-01, 6.2331e-18, 6.1362e-18, 0.0000e+00,
         2.1735e-01, 1.1262e-39, 1.2107e-20, 8.8081e-37]], device='cuda:0')[0m
[0;30m[2020-11-30 16:10:20] [INFO] fpn epoch : 91, train acc : 0.7647826075553894, test acc : 0.6441931128501892[0m
[0;30m[2020-11-30 16:10:20] [INFO] tensor([[5.4262e-37, 5.6272e-04, 8.6265e-01, 2.4067e-17, 1.4604e-18, 0.0000e+00,
         1.3679e-01, 5.0210e-41, 3.7901e-22, 1.3518e-38],
        [1.2631e-37, 4.7504e-05, 9.2798e-01, 2.0772e-19, 5.1430e-20, 0.0000e+00,
         7.1973e-02, 2.1495e-41, 1.8137e-23, 9.7222e-40],
        [3.8718e-41, 7.4692e-04, 7.4483e-01, 5.8631e-23, 3.6914e-23, 0.0000e+00,
         2.5442e-01, 7.9313e-43, 7.8807e-26, 8.7777e-42],
        [1.7707e-35, 2.0533e-04, 1.2340e-01, 6.7954e-18, 2.8406e-18, 0.0000e+00,
         8.7640e-01, 4.2663e-37, 2.4587e-21, 9.8843e-39],
        [4.6732e-36, 1.4444e-04, 7.2604e-01, 1.1737e-17, 9.2916e-18, 0.0000e+00,
         2.7382e-01, 4.9091e-40, 1.6267e-20, 7.1424e-37]], device='cuda:0')[0m
[0;30m[2020-11-30 16:10:20] [INFO] fpn epoch : 92, train acc : 0.7718478441238403, test acc : 0.6507177352905273[0m
[0;30m[2020-11-30 16:10:21] [INFO] tensor([[1.4666e-37, 3.1209e-03, 7.2718e-01, 2.1730e-17, 9.9190e-19, 0.0000e+00,
         2.6969e-01, 1.3855e-41, 2.5244e-22, 7.5675e-39],
        [3.2892e-38, 8.9802e-05, 9.3300e-01, 2.2166e-19, 5.0017e-20, 0.0000e+00,
         6.6915e-02, 1.3991e-41, 1.6401e-23, 5.3188e-40],
        [1.2547e-41, 1.2749e-03, 6.9562e-01, 7.8325e-23, 3.4388e-23, 0.0000e+00,
         3.0311e-01, 6.2498e-43, 1.0411e-25, 6.3128e-42],
        [3.9680e-36, 3.8395e-04, 6.0135e-02, 5.4237e-18, 1.8225e-18, 0.0000e+00,
         9.3948e-01, 1.4970e-37, 2.3170e-21, 4.7559e-39],
        [1.5448e-36, 3.2029e-04, 7.3131e-01, 1.2266e-17, 8.5518e-18, 0.0000e+00,
         2.6837e-01, 2.9668e-40, 1.6393e-20, 4.3477e-37]], device='cuda:0')[0m
[0;30m[2020-11-30 16:10:21] [INFO] fpn epoch : 93, train acc : 0.7926087379455566, test acc : 0.6611570119857788[0m
[0;30m[2020-11-30 16:10:22] [INFO] tensor([[4.4780e-38, 1.5326e-03, 7.9306e-01, 1.1291e-17, 6.2510e-19, 0.0000e+00,
         2.0541e-01, 1.0486e-41, 5.5598e-23, 2.3886e-39],
        [1.4321e-38, 9.0196e-05, 9.2802e-01, 1.5266e-19, 3.7621e-20, 0.0000e+00,
         7.1886e-02, 2.5485e-41, 9.4732e-24, 3.4458e-40],
        [4.7434e-42, 1.3813e-03, 7.4684e-01, 4.0612e-23, 1.8563e-23, 0.0000e+00,
         2.5177e-01, 8.4919e-43, 4.9663e-26, 2.5728e-42],
        [1.5813e-36, 2.7872e-04, 6.0967e-02, 3.2148e-18, 1.2513e-18, 0.0000e+00,
         9.3875e-01, 1.3802e-37, 7.9763e-22, 1.9974e-39],
        [6.5954e-37, 3.0710e-04, 7.5413e-01, 7.9709e-18, 5.0272e-18, 0.0000e+00,
         2.4556e-01, 3.1874e-40, 7.0205e-21, 1.9675e-37]], device='cuda:0')[0m
[0;30m[2020-11-30 16:10:22] [INFO] fpn epoch : 94, train acc : 0.7997826337814331, test acc : 0.6637668609619141[0m
[0;30m[2020-11-30 16:10:23] [INFO] tensor([[5.0480e-38, 1.6053e-03, 7.6890e-01, 9.0449e-18, 5.3631e-19, 0.0000e+00,
         2.2949e-01, 2.4901e-42, 2.9042e-23, 7.6524e-40],
        [9.8258e-39, 9.1087e-05, 9.3541e-01, 7.1825e-20, 2.0143e-20, 0.0000e+00,
         6.4503e-02, 4.0035e-42, 3.6302e-24, 9.3696e-41],
        [3.3295e-42, 1.3537e-03, 7.1774e-01, 1.7760e-23, 8.6162e-24, 0.0000e+00,
         2.8091e-01, 1.2472e-43, 1.8114e-26, 5.2549e-43],
        [1.4340e-36, 2.8902e-04, 5.8010e-02, 1.8032e-18, 8.3265e-19, 0.0000e+00,
         9.4170e-01, 2.5461e-38, 4.3317e-22, 6.3874e-40],
        [4.8251e-37, 4.0098e-04, 7.4503e-01, 4.6661e-18, 3.0339e-18, 0.0000e+00,
         2.5457e-01, 5.1362e-41, 2.9379e-21, 7.1223e-38]], device='cuda:0')[0m
[0;30m[2020-11-30 16:10:23] [INFO] fpn epoch : 95, train acc : 0.8007608652114868, test acc : 0.6642018556594849[0m
[0;30m[2020-11-30 16:10:23] [INFO] tensor([[1.6516e-38, 7.1118e-04, 7.9308e-01, 4.8864e-18, 3.3435e-19, 0.0000e+00,
         2.0621e-01, 1.3074e-42, 1.0399e-23, 1.8401e-40],
        [3.3854e-39, 7.2770e-05, 9.3385e-01, 3.4082e-20, 1.0703e-20, 0.0000e+00,
         6.6082e-02, 1.9408e-42, 1.3297e-24, 2.5244e-41],
        [1.1785e-42, 1.3359e-03, 7.2457e-01, 7.3141e-24, 4.3899e-24, 0.0000e+00,
         2.7409e-01, 7.5670e-44, 7.8131e-27, 1.6535e-43],
        [6.0150e-37, 2.3516e-04, 5.8761e-02, 8.6717e-19, 4.9520e-19, 0.0000e+00,
         9.4100e-01, 1.3037e-38, 1.4588e-22, 1.7290e-40],
        [1.5525e-37, 3.3912e-04, 7.5944e-01, 1.8450e-18, 1.4137e-18, 0.0000e+00,
         2.4022e-01, 2.8892e-41, 1.4245e-21, 2.2380e-38]], device='cuda:0')[0m
[0;30m[2020-11-30 16:10:23] [INFO] fpn epoch : 96, train acc : 0.8054348230361938, test acc : 0.6702914237976074[0m
[0;30m[2020-11-30 16:10:24] [INFO] tensor([[1.4990e-38, 1.2046e-03, 8.0270e-01, 3.0631e-18, 2.5860e-19, 0.0000e+00,
         1.9609e-01, 3.7415e-43, 8.8892e-24, 4.9020e-41],
        [1.7401e-39, 7.6650e-05, 9.2888e-01, 2.3611e-20, 7.2575e-21, 0.0000e+00,
         7.1044e-02, 4.5402e-43, 8.9814e-25, 5.7453e-42],
        [5.4651e-43, 9.3816e-04, 6.6835e-01, 4.7175e-24, 2.4712e-24, 0.0000e+00,
         3.3071e-01, 1.5414e-44, 4.4277e-27, 2.6625e-44],
        [3.4398e-37, 1.6289e-04, 5.6675e-02, 4.5226e-19, 3.0504e-19, 0.0000e+00,
         9.4316e-01, 1.9222e-39, 8.1748e-23, 2.7087e-41],
        [7.0503e-38, 2.5617e-04, 7.7661e-01, 1.1946e-18, 8.7483e-19, 0.0000e+00,
         2.2313e-01, 4.4253e-42, 7.2706e-22, 3.6074e-39]], device='cuda:0')[0m
[0;30m[2020-11-30 16:10:24] [INFO] fpn epoch : 97, train acc : 0.8102173805236816, test acc : 0.6702914237976074[0m
[0;30m[2020-11-30 16:10:25] [INFO] tensor([[3.1856e-39, 1.6578e-03, 8.1153e-01, 1.6730e-18, 1.2276e-19, 0.0000e+00,
         1.8681e-01, 1.7376e-43, 4.3074e-24, 1.9307e-41],
        [3.4177e-40, 7.8215e-05, 9.3004e-01, 1.1560e-20, 3.6915e-21, 0.0000e+00,
         6.9880e-02, 2.4102e-43, 5.0212e-25, 2.6330e-42],
        [8.5479e-44, 1.0682e-03, 6.8253e-01, 1.6549e-24, 8.8100e-25, 0.0000e+00,
         3.1640e-01, 5.6052e-45, 1.9439e-27, 9.8091e-45],
        [8.3171e-38, 1.7770e-04, 5.0117e-02, 2.3228e-19, 1.5771e-19, 0.0000e+00,
         9.4971e-01, 1.4382e-39, 4.2746e-23, 1.2819e-41],
        [1.5292e-38, 2.8206e-04, 7.8324e-01, 6.2841e-19, 4.3336e-19, 0.0000e+00,
         2.1648e-01, 2.5139e-42, 4.7685e-22, 1.7969e-39]], device='cuda:0')[0m
[0;30m[2020-11-30 16:10:25] [INFO] fpn epoch : 98, train acc : 0.8084782958030701, test acc : 0.6650717854499817[0m
[0;30m[2020-11-30 16:10:26] [INFO] tensor([[5.0024e-39, 1.7580e-03, 7.5365e-01, 1.8794e-18, 1.6868e-19, 0.0000e+00,
         2.4459e-01, 2.3822e-44, 4.2460e-24, 5.7902e-42],
        [2.7616e-40, 7.4279e-05, 9.2306e-01, 8.0208e-21, 2.8246e-21, 0.0000e+00,
         7.6862e-02, 3.0829e-44, 2.9758e-25, 4.8345e-43],
        [8.8282e-44, 9.3950e-04, 6.2964e-01, 1.3970e-24, 8.5656e-25, 0.0000e+00,
         3.6942e-01, 1.4013e-45, 1.7381e-27, 2.8026e-45],
        [9.0979e-38, 1.6957e-04, 3.9573e-02, 1.3203e-19, 1.1270e-19, 0.0000e+00,
         9.6026e-01, 1.5693e-40, 2.3997e-23, 2.1019e-42],
        [1.4766e-38, 3.7558e-04, 7.5303e-01, 4.6988e-19, 3.8759e-19, 0.0000e+00,
         2.4660e-01, 4.2459e-43, 3.6511e-22, 4.6593e-40]], device='cuda:0')[0m
[0;30m[2020-11-30 16:10:26] [INFO] fpn epoch : 99, train acc : 0.8131521940231323, test acc : 0.6676816344261169[0m
[0;30m[2020-11-30 16:10:26] [INFO] tensor([[6.1997e-40, 2.4870e-03, 7.2031e-01, 1.2474e-18, 1.1214e-19, 0.0000e+00,
         2.7721e-01, 9.6690e-44, 5.7595e-24, 1.7541e-41],
        [3.9927e-41, 1.0532e-04, 9.2685e-01, 5.5082e-21, 1.7501e-21, 0.0000e+00,
         7.3044e-02, 1.2612e-43, 4.4305e-25, 1.9604e-42],
        [9.8091e-45, 1.3789e-03, 6.3807e-01, 6.3850e-25, 3.7473e-25, 0.0000e+00,
         3.6056e-01, 2.8026e-45, 1.5548e-27, 7.0065e-45],
        [1.7063e-38, 3.2632e-04, 3.8348e-02, 9.5709e-20, 8.7504e-20, 0.0000e+00,
         9.6133e-01, 1.1659e-39, 4.1749e-23, 1.0574e-41],
        [2.4694e-39, 6.0273e-04, 7.3525e-01, 2.8247e-19, 2.3531e-19, 0.0000e+00,
         2.6415e-01, 1.7740e-42, 5.2107e-22, 1.6950e-39]], device='cuda:0')[0m
[0;30m[2020-11-30 16:10:26] [INFO] fpn epoch : 100, train acc : 0.807391345500946, test acc : 0.6646367907524109[0m
[0;30m[2020-11-30 16:10:27] [INFO] mlp epoch : 1, train acc : 0.4640217423439026, test acc : 0.46933451294898987[0m
[0;30m[2020-11-30 16:10:27] [INFO] mlp epoch : 2, train acc : 0.46880435943603516, test acc : 0.47629404067993164[0m
[0;30m[2020-11-30 16:10:28] [INFO] mlp epoch : 3, train acc : 0.49097827076911926, test acc : 0.4876033067703247[0m
[0;30m[2020-11-30 16:10:28] [INFO] mlp epoch : 4, train acc : 0.5056521892547607, test acc : 0.4915180504322052[0m
[0;30m[2020-11-30 16:10:28] [INFO] mlp epoch : 5, train acc : 0.5225000381469727, test acc : 0.5193562507629395[0m
[0;30m[2020-11-30 16:10:29] [INFO] mlp epoch : 6, train acc : 0.5386956930160522, test acc : 0.5350152254104614[0m
[0;30m[2020-11-30 16:10:29] [INFO] mlp epoch : 7, train acc : 0.5695652365684509, test acc : 0.5580687522888184[0m
[0;30m[2020-11-30 16:10:29] [INFO] mlp epoch : 8, train acc : 0.5990217328071594, test acc : 0.5837320685386658[0m
[0;30m[2020-11-30 16:10:30] [INFO] mlp epoch : 9, train acc : 0.6127173900604248, test acc : 0.5933014750480652[0m
[0;30m[2020-11-30 16:10:30] [INFO] mlp epoch : 10, train acc : 0.6104347705841064, test acc : 0.5893867015838623[0m
[0;30m[2020-11-30 16:10:30] [INFO] mlp epoch : 11, train acc : 0.630760908126831, test acc : 0.6133101582527161[0m
[0;30m[2020-11-30 16:10:31] [INFO] mlp epoch : 12, train acc : 0.6323913335800171, test acc : 0.6107003092765808[0m
[0;30m[2020-11-30 16:10:31] [INFO] mlp epoch : 13, train acc : 0.6466304659843445, test acc : 0.6167899370193481[0m
[0;30m[2020-11-30 16:10:31] [INFO] mlp epoch : 14, train acc : 0.654347836971283, test acc : 0.6246194243431091[0m
[0;30m[2020-11-30 16:10:32] [INFO] mlp epoch : 15, train acc : 0.6607608795166016, test acc : 0.625489354133606[0m
[0;30m[2020-11-30 16:10:32] [INFO] mlp epoch : 16, train acc : 0.6670652031898499, test acc : 0.6307089924812317[0m
[0;30m[2020-11-30 16:10:32] [INFO] mlp epoch : 17, train acc : 0.6656522154808044, test acc : 0.6294041275978088[0m
[0;30m[2020-11-30 16:10:33] [INFO] mlp epoch : 18, train acc : 0.6706522107124329, test acc : 0.6398434042930603[0m
[0;30m[2020-11-30 16:10:33] [INFO] mlp epoch : 19, train acc : 0.6781522035598755, test acc : 0.6376685500144958[0m
[0;30m[2020-11-30 16:10:34] [INFO] mlp epoch : 20, train acc : 0.6828261017799377, test acc : 0.6433231830596924[0m
[0;30m[2020-11-30 16:10:34] [INFO] mlp epoch : 21, train acc : 0.6888043880462646, test acc : 0.6498477458953857[0m
[0;30m[2020-11-30 16:10:34] [INFO] mlp epoch : 22, train acc : 0.6930434703826904, test acc : 0.6559373736381531[0m
[0;30m[2020-11-30 16:10:35] [INFO] mlp epoch : 23, train acc : 0.7020652294158936, test acc : 0.660287082195282[0m
[0;30m[2020-11-30 16:10:35] [INFO] mlp epoch : 24, train acc : 0.7094565629959106, test acc : 0.6676816344261169[0m
[0;30m[2020-11-30 16:10:35] [INFO] mlp epoch : 25, train acc : 0.7178261280059814, test acc : 0.6768160462379456[0m
[0;30m[2020-11-30 16:10:36] [INFO] mlp epoch : 26, train acc : 0.7228261232376099, test acc : 0.6768160462379456[0m
[0;30m[2020-11-30 16:10:36] [INFO] mlp epoch : 27, train acc : 0.7263043522834778, test acc : 0.6763810515403748[0m
[0;30m[2020-11-30 16:10:36] [INFO] mlp epoch : 28, train acc : 0.7366304397583008, test acc : 0.6850804686546326[0m
[0;30m[2020-11-30 16:10:37] [INFO] mlp epoch : 29, train acc : 0.7338043451309204, test acc : 0.6881253123283386[0m
[0;30m[2020-11-30 16:10:37] [INFO] mlp epoch : 30, train acc : 0.741847813129425, test acc : 0.6903001666069031[0m
[0;30m[2020-11-30 16:10:37] [INFO] mlp epoch : 31, train acc : 0.7376087307929993, test acc : 0.6898651719093323[0m
[0;30m[2020-11-30 16:10:38] [INFO] mlp epoch : 32, train acc : 0.7379348278045654, test acc : 0.6937799453735352[0m
[0;30m[2020-11-30 16:10:38] [INFO] mlp epoch : 33, train acc : 0.7384783029556274, test acc : 0.6903001666069031[0m
[0;30m[2020-11-30 16:10:38] [INFO] mlp epoch : 34, train acc : 0.7403261065483093, test acc : 0.6894301772117615[0m
[0;30m[2020-11-30 16:10:39] [INFO] mlp epoch : 35, train acc : 0.7517391443252563, test acc : 0.6963897347450256[0m
[0;30m[2020-11-30 16:10:39] [INFO] mlp epoch : 36, train acc : 0.7663043737411499, test acc : 0.7011744379997253[0m
[0;30m[2020-11-30 16:10:40] [INFO] mlp epoch : 37, train acc : 0.7679347991943359, test acc : 0.705959141254425[0m
[0;30m[2020-11-30 16:10:40] [INFO] mlp epoch : 38, train acc : 0.7732608914375305, test acc : 0.7072640657424927[0m
[0;30m[2020-11-30 16:10:40] [INFO] mlp epoch : 39, train acc : 0.7761956453323364, test acc : 0.7055241465568542[0m
[0;30m[2020-11-30 16:10:41] [INFO] mlp epoch : 40, train acc : 0.780978262424469, test acc : 0.702479362487793[0m
[0;30m[2020-11-30 16:10:41] [INFO] mlp epoch : 41, train acc : 0.7805435061454773, test acc : 0.702479362487793[0m
[0;30m[2020-11-30 16:10:41] [INFO] mlp epoch : 42, train acc : 0.786195695400238, test acc : 0.7020443677902222[0m
[0;30m[2020-11-30 16:10:42] [INFO] mlp epoch : 43, train acc : 0.7922826409339905, test acc : 0.7072640657424927[0m
[0;30m[2020-11-30 16:10:42] [INFO] mlp epoch : 44, train acc : 0.7898913025856018, test acc : 0.6989995837211609[0m
[0;30m[2020-11-30 16:10:42] [INFO] mlp epoch : 45, train acc : 0.7960869669914246, test acc : 0.7076990008354187[0m
[0;30m[2020-11-30 16:10:43] [INFO] mlp epoch : 46, train acc : 0.8009783029556274, test acc : 0.7050892114639282[0m
[0;30m[2020-11-30 16:10:43] [INFO] mlp epoch : 47, train acc : 0.8029348254203796, test acc : 0.702914297580719[0m
[0;30m[2020-11-30 16:10:43] [INFO] mlp epoch : 48, train acc : 0.8065217733383179, test acc : 0.7072640657424927[0m
[0;30m[2020-11-30 16:10:44] [INFO] mlp epoch : 49, train acc : 0.8083695769309998, test acc : 0.702914297580719[0m
[0;30m[2020-11-30 16:10:44] [INFO] mlp epoch : 50, train acc : 0.8123913407325745, test acc : 0.7055241465568542[0m
[0;30m[2020-11-30 16:10:44] [INFO] mlp epoch : 51, train acc : 0.8151087164878845, test acc : 0.7050892114639282[0m
[0;30m[2020-11-30 16:10:45] [INFO] mlp epoch : 52, train acc : 0.8157609105110168, test acc : 0.7016094326972961[0m
[0;30m[2020-11-30 16:10:45] [INFO] mlp epoch : 53, train acc : 0.818260908126831, test acc : 0.7055241465568542[0m
[0;30m[2020-11-30 16:10:46] [INFO] mlp epoch : 54, train acc : 0.8231521844863892, test acc : 0.7068290710449219[0m
[0;30m[2020-11-30 16:10:46] [INFO] mlp epoch : 55, train acc : 0.8243478536605835, test acc : 0.7120487093925476[0m
[0;30m[2020-11-30 16:10:46] [INFO] mlp epoch : 56, train acc : 0.8234782814979553, test acc : 0.702914297580719[0m
[0;30m[2020-11-30 16:10:47] [INFO] mlp epoch : 57, train acc : 0.8235870003700256, test acc : 0.710308849811554[0m
[0;30m[2020-11-30 16:10:47] [INFO] mlp epoch : 58, train acc : 0.82750004529953, test acc : 0.702479362487793[0m
[0;30m[2020-11-30 16:10:47] [INFO] mlp epoch : 59, train acc : 0.8263043761253357, test acc : 0.7068290710449219[0m
[0;30m[2020-11-30 16:10:48] [INFO] mlp epoch : 60, train acc : 0.8310869932174683, test acc : 0.7033492922782898[0m
[0;30m[2020-11-30 16:10:48] [INFO] mlp epoch : 61, train acc : 0.8289130330085754, test acc : 0.7033492922782898[0m
[0;30m[2020-11-30 16:10:48] [INFO] mlp epoch : 62, train acc : 0.8327174186706543, test acc : 0.7007394433021545[0m
[0;30m[2020-11-30 16:10:49] [INFO] mlp epoch : 63, train acc : 0.8310869932174683, test acc : 0.7050892114639282[0m
[0;30m[2020-11-30 16:10:49] [INFO] mlp epoch : 64, train acc : 0.8148913383483887, test acc : 0.6876903176307678[0m
[0;30m[2020-11-30 16:10:49] [INFO] mlp epoch : 65, train acc : 0.8276087045669556, test acc : 0.6981296539306641[0m
[0;30m[2020-11-30 16:10:50] [INFO] mlp epoch : 66, train acc : 0.7515217661857605, test acc : 0.6428882479667664[0m
[0;30m[2020-11-30 16:10:50] [INFO] mlp epoch : 67, train acc : 0.8117391467094421, test acc : 0.7020443677902222[0m
[0;30m[2020-11-30 16:10:50] [INFO] mlp epoch : 68, train acc : 0.828586995601654, test acc : 0.7068290710449219[0m
[0;30m[2020-11-30 16:10:51] [INFO] mlp epoch : 69, train acc : 0.8500000238418579, test acc : 0.7146585583686829[0m
[0;30m[2020-11-30 16:10:51] [INFO] mlp epoch : 70, train acc : 0.8461956977844238, test acc : 0.7177033424377441[0m
[0;30m[2020-11-30 16:10:51] [INFO] mlp epoch : 71, train acc : 0.8588043451309204, test acc : 0.7207481861114502[0m
[0;30m[2020-11-30 16:10:52] [INFO] mlp epoch : 72, train acc : 0.8608695864677429, test acc : 0.7207481861114502[0m
[0;30m[2020-11-30 16:10:52] [INFO] mlp epoch : 73, train acc : 0.8656522035598755, test acc : 0.7203131914138794[0m
[0;30m[2020-11-30 16:10:53] [INFO] mlp epoch : 74, train acc : 0.8659783005714417, test acc : 0.7194432616233826[0m
[0;30m[2020-11-30 16:10:53] [INFO] mlp epoch : 75, train acc : 0.8713043928146362, test acc : 0.722053050994873[0m
[0;30m[2020-11-30 16:10:53] [INFO] mlp epoch : 76, train acc : 0.8705434799194336, test acc : 0.7150935530662537[0m
[0;30m[2020-11-30 16:10:54] [INFO] mlp epoch : 77, train acc : 0.8748913407325745, test acc : 0.7172684073448181[0m
[0;30m[2020-11-30 16:10:54] [INFO] mlp epoch : 78, train acc : 0.8758695721626282, test acc : 0.7203131914138794[0m
[0;30m[2020-11-30 16:10:54] [INFO] mlp epoch : 79, train acc : 0.8756521940231323, test acc : 0.7181383371353149[0m
[0;30m[2020-11-30 16:10:55] [INFO] mlp epoch : 80, train acc : 0.8753260970115662, test acc : 0.7181383371353149[0m
[0;30m[2020-11-30 16:10:55] [INFO] mlp epoch : 81, train acc : 0.8777174353599548, test acc : 0.7190082669258118[0m
[0;30m[2020-11-30 16:10:55] [INFO] mlp epoch : 82, train acc : 0.8761956691741943, test acc : 0.7168334126472473[0m
[0;30m[2020-11-30 16:10:56] [INFO] mlp epoch : 83, train acc : 0.880217432975769, test acc : 0.7172684073448181[0m
[0;30m[2020-11-30 16:10:56] [INFO] mlp epoch : 84, train acc : 0.8843478560447693, test acc : 0.7211831212043762[0m
[0;30m[2020-11-30 16:10:56] [INFO] mlp epoch : 85, train acc : 0.879130482673645, test acc : 0.7207481861114502[0m
[0;30m[2020-11-30 16:10:57] [INFO] mlp epoch : 86, train acc : 0.8808695673942566, test acc : 0.7190082669258118[0m
[0;30m[2020-11-30 16:10:57] [INFO] mlp epoch : 87, train acc : 0.8805434703826904, test acc : 0.722053050994873[0m
[0;30m[2020-11-30 16:10:57] [INFO] mlp epoch : 88, train acc : 0.8856521844863892, test acc : 0.722053050994873[0m
[0;30m[2020-11-30 16:10:58] [INFO] mlp epoch : 89, train acc : 0.8851087093353271, test acc : 0.7168334126472473[0m
[0;30m[2020-11-30 16:10:58] [INFO] mlp epoch : 90, train acc : 0.885869562625885, test acc : 0.7198781967163086[0m
[0;30m[2020-11-30 16:10:58] [INFO] mlp epoch : 91, train acc : 0.8824999928474426, test acc : 0.7181383371353149[0m
[0;30m[2020-11-30 16:10:59] [INFO] mlp epoch : 92, train acc : 0.8829348087310791, test acc : 0.7190082669258118[0m
[0;30m[2020-11-30 16:10:59] [INFO] mlp epoch : 93, train acc : 0.8815217614173889, test acc : 0.7129186987876892[0m
[0;30m[2020-11-30 16:11:00] [INFO] mlp epoch : 94, train acc : 0.8829348087310791, test acc : 0.7159634828567505[0m
[0;30m[2020-11-30 16:11:00] [INFO] mlp epoch : 95, train acc : 0.875, test acc : 0.7155284881591797[0m
[0;30m[2020-11-30 16:11:00] [INFO] mlp epoch : 96, train acc : 0.8669565320014954, test acc : 0.7111787796020508[0m
[0;30m[2020-11-30 16:11:01] [INFO] mlp epoch : 97, train acc : 0.8509782552719116, test acc : 0.7020443677902222[0m
[0;30m[2020-11-30 16:11:01] [INFO] mlp epoch : 98, train acc : 0.8681522011756897, test acc : 0.7120487093925476[0m
[0;30m[2020-11-30 16:11:01] [INFO] mlp epoch : 99, train acc : 0.872826099395752, test acc : 0.7185733318328857[0m
[0;30m[2020-11-30 16:11:02] [INFO] mlp epoch : 100, train acc : 0.8753260970115662, test acc : 0.702914297580719[0m
[0;30m[2020-11-30 16:11:02] [INFO] finished[0m
