[0;30m[2020-12-01 10:40:30] [INFO] dataset : esr[0m
[0;30m[2020-12-01 10:40:30] [INFO] prototype number : 500[0m
[0;30m[2020-12-01 10:40:30] [INFO] batch_size : 3000[0m
[0;30m[2020-12-01 10:40:30] [INFO] epoch_size : 500[0m
[0;34m[2020-12-01 10:40:33] [DEBUG] =====starting on ['esr']=======[0m
[0;32m[2020-12-01 10:40:33] [WARNING] =====Mission: Classification=======[0m
[0;32m[2020-12-01 10:40:33] [WARNING] =====k_fold: 1=======[0m
[0;30m[2020-12-01 10:41:12] [INFO] Accuracy of training data using SVM: 0.5829347968101501[0m
[0;30m[2020-12-01 10:41:12] [INFO] Accuracy of test data using SVM: 0.5637233853340149[0m
[0;30m[2020-12-01 10:42:12] [INFO] tensor([[3.9013e-32, 8.5116e-12, 1.7044e-27,  ..., 1.8147e-22, 1.6922e-31,
         1.8352e-13],
        [1.5991e-34, 1.8407e-15, 1.9883e-30,  ..., 9.6374e-24, 1.0213e-34,
         2.6354e-18],
        [8.1765e-32, 5.4199e-11, 5.6628e-26,  ..., 6.4044e-22, 1.5895e-30,
         4.5811e-13],
        [7.2277e-31, 5.7006e-11, 1.5492e-25,  ..., 2.6124e-21, 3.2645e-30,
         2.5311e-13],
        [1.3899e-31, 1.8664e-11, 1.8690e-26,  ..., 2.2478e-23, 3.3327e-30,
         1.7520e-12]], device='cuda:0')[0m
[0;30m[2020-12-01 10:42:13] [INFO] fpn epoch : 1, train acc : 0.4652174115180969, test acc : 0.45193561911582947[0m
[0;30m[2020-12-01 10:42:17] [INFO] tensor([[2.1593e-31, 1.9369e-11, 9.6501e-28,  ..., 6.0975e-22, 4.0896e-31,
         2.2721e-13],
        [9.0382e-34, 4.1605e-15, 1.0992e-30,  ..., 3.2080e-23, 2.1771e-34,
         3.4953e-18],
        [2.8379e-31, 7.9859e-11, 2.1524e-26,  ..., 1.4853e-21, 2.4583e-30,
         3.7743e-13],
        [2.0088e-30, 7.0067e-11, 4.3088e-26,  ..., 3.9575e-21, 3.7762e-30,
         1.5103e-13],
        [3.9666e-31, 2.1927e-11, 6.4055e-27,  ..., 4.3928e-23, 3.8726e-30,
         1.0773e-12]], device='cuda:0')[0m
[0;30m[2020-12-01 10:42:17] [INFO] fpn epoch : 2, train acc : 0.5068478584289551, test acc : 0.48020878434181213[0m
[0;30m[2020-12-01 10:42:21] [INFO] tensor([[1.9957e-30, 1.6375e-11, 1.0562e-27,  ..., 8.7809e-22, 2.6989e-31,
         2.2551e-13],
        [1.7559e-32, 6.8169e-15, 2.0872e-30,  ..., 7.8166e-23, 2.5657e-34,
         6.9017e-18],
        [3.4086e-30, 9.0899e-11, 3.1441e-26,  ..., 3.0815e-21, 2.1718e-30,
         5.3742e-13],
        [1.5791e-29, 5.0686e-11, 4.0246e-26,  ..., 4.5519e-21, 2.1810e-30,
         1.2707e-13],
        [4.2861e-30, 2.1130e-11, 1.0051e-26,  ..., 7.5520e-23, 3.0160e-30,
         1.2089e-12]], device='cuda:0')[0m
[0;30m[2020-12-01 10:42:21] [INFO] fpn epoch : 3, train acc : 0.47119566798210144, test acc : 0.4580252468585968[0m
[0;30m[2020-12-01 10:42:25] [INFO] tensor([[1.3180e-29, 2.9745e-11, 2.0473e-27,  ..., 1.5108e-21, 6.1028e-31,
         4.0760e-13],
        [7.6118e-32, 8.4357e-15, 2.4617e-30,  ..., 7.9041e-23, 3.6199e-34,
         8.7019e-18],
        [1.8630e-29, 1.3669e-10, 5.0815e-26,  ..., 4.6334e-21, 3.9224e-30,
         8.1982e-13],
        [1.1611e-28, 9.9108e-11, 9.1607e-26,  ..., 8.1005e-21, 5.5917e-30,
         2.3262e-13],
        [2.9050e-29, 3.7439e-11, 2.2027e-26,  ..., 1.3590e-22, 6.8549e-30,
         2.1643e-12]], device='cuda:0')[0m
[0;30m[2020-12-01 10:42:25] [INFO] fpn epoch : 4, train acc : 0.4504348039627075, test acc : 0.4327968657016754[0m
[0;30m[2020-12-01 10:42:29] [INFO] tensor([[2.7786e-29, 4.3183e-11, 2.6159e-27,  ..., 1.5614e-21, 1.5307e-30,
         5.2392e-13],
        [2.4143e-31, 2.1973e-14, 4.9346e-30,  ..., 1.2743e-22, 1.4369e-33,
         1.9790e-17],
        [3.4289e-29, 1.7204e-10, 5.6176e-26,  ..., 4.2632e-21, 8.0889e-30,
         9.2059e-13],
        [3.5441e-28, 2.0512e-10, 1.7990e-25,  ..., 1.1836e-20, 2.0662e-29,
         3.9386e-13],
        [6.7361e-29, 6.3787e-11, 3.4769e-26,  ..., 1.7347e-22, 1.9995e-29,
         3.3034e-12]], device='cuda:0')[0m
[0;30m[2020-12-01 10:42:29] [INFO] fpn epoch : 5, train acc : 0.5132609009742737, test acc : 0.5058721303939819[0m
[0;30m[2020-12-01 10:42:33] [INFO] tensor([[3.8714e-29, 6.0683e-11, 4.0052e-27,  ..., 1.2580e-21, 4.8267e-30,
         6.1649e-13],
        [3.3922e-31, 3.6580e-14, 7.8445e-30,  ..., 1.0570e-22, 4.9516e-33,
         2.6901e-17],
        [4.9577e-29, 2.3705e-10, 8.4039e-26,  ..., 3.4670e-21, 2.4433e-29,
         1.0620e-12],
        [7.6945e-28, 4.4720e-10, 4.3523e-25,  ..., 1.4359e-20, 1.0083e-28,
         6.3673e-13],
        [9.5859e-29, 9.5651e-11, 5.9781e-26,  ..., 1.6050e-22, 6.9451e-29,
         4.1434e-12]], device='cuda:0')[0m
[0;30m[2020-12-01 10:42:33] [INFO] fpn epoch : 6, train acc : 0.5031521916389465, test acc : 0.48542845249176025[0m
[0;30m[2020-12-01 10:42:37] [INFO] tensor([[5.0979e-29, 1.0566e-10, 7.0207e-27,  ..., 1.4980e-21, 1.9941e-29,
         1.1283e-12],
        [1.6547e-31, 2.7695e-14, 5.1924e-30,  ..., 4.8757e-23, 8.1300e-33,
         2.0904e-17],
        [5.1274e-29, 3.0755e-10, 1.0965e-25,  ..., 3.2011e-21, 7.4219e-29,
         1.4700e-12],
        [1.4630e-27, 9.5547e-10, 1.0545e-24,  ..., 2.2529e-20, 5.6566e-28,
         1.4267e-12],
        [1.0766e-28, 1.3425e-10, 8.2682e-26,  ..., 1.6424e-22, 2.3503e-28,
         6.0870e-12]], device='cuda:0')[0m
[0;30m[2020-12-01 10:42:38] [INFO] fpn epoch : 7, train acc : 0.5620652437210083, test acc : 0.5428447127342224[0m
[0;30m[2020-12-01 10:42:42] [INFO] tensor([[5.1364e-29, 1.3534e-10, 9.5475e-27,  ..., 1.5674e-21, 6.6131e-29,
         1.5189e-12],
        [8.1825e-32, 1.9587e-14, 3.5105e-30,  ..., 2.6322e-23, 1.4355e-32,
         1.5464e-17],
        [4.1037e-29, 3.0736e-10, 1.1475e-25,  ..., 2.6926e-21, 1.9156e-28,
         1.5533e-12],
        [2.1714e-27, 1.5046e-09, 2.0422e-24,  ..., 3.2074e-20, 2.5659e-27,
         2.5486e-12],
        [7.7097e-29, 1.1546e-10, 7.2651e-26,  ..., 1.2289e-22, 5.3787e-28,
         5.5498e-12]], device='cuda:0')[0m
[0;30m[2020-12-01 10:42:42] [INFO] fpn epoch : 8, train acc : 0.5859782695770264, test acc : 0.5619834661483765[0m
[0;30m[2020-12-01 10:42:46] [INFO] tensor([[4.6133e-29, 1.4666e-10, 1.1163e-26,  ..., 1.4837e-21, 1.7504e-28,
         1.5470e-12],
        [6.4713e-32, 1.9719e-14, 3.8306e-30,  ..., 2.2224e-23, 3.6375e-32,
         1.4471e-17],
        [3.0793e-29, 2.8938e-10, 1.1665e-25,  ..., 2.2574e-21, 4.4169e-28,
         1.3679e-12],
        [2.5298e-27, 2.0258e-09, 3.3343e-24,  ..., 4.0885e-20, 8.3273e-27,
         3.4299e-12],
        [6.6484e-29, 1.1536e-10, 7.7611e-26,  ..., 1.1241e-22, 1.3168e-27,
         5.2497e-12]], device='cuda:0')[0m
[0;30m[2020-12-01 10:42:46] [INFO] fpn epoch : 9, train acc : 0.5990217328071594, test acc : 0.5789473652839661[0m
[0;30m[2020-12-01 10:42:50] [INFO] tensor([[3.9511e-29, 1.5021e-10, 1.2015e-26,  ..., 1.4844e-21, 3.2654e-28,
         1.5474e-12],
        [6.4092e-32, 2.3743e-14, 5.0882e-30,  ..., 2.4056e-23, 8.5710e-32,
         1.6381e-17],
        [2.5122e-29, 2.8977e-10, 1.2405e-25,  ..., 2.2029e-21, 8.2580e-28,
         1.3241e-12],
        [2.3849e-27, 2.2366e-09, 4.2604e-24,  ..., 4.5560e-20, 1.7067e-26,
         3.9077e-12],
        [5.5161e-29, 1.0969e-10, 7.6793e-26,  ..., 1.0314e-22, 2.3277e-27,
         4.8585e-12]], device='cuda:0')[0m
[0;30m[2020-12-01 10:42:50] [INFO] fpn epoch : 10, train acc : 0.6073912978172302, test acc : 0.5872118473052979[0m
[0;30m[2020-12-01 10:42:55] [INFO] tensor([[3.5293e-29, 1.4820e-10, 1.2655e-26,  ..., 1.6984e-21, 4.6980e-28,
         1.5363e-12],
        [6.9624e-32, 2.8386e-14, 7.1219e-30,  ..., 3.1309e-23, 1.6498e-31,
         1.9083e-17],
        [2.2400e-29, 2.8967e-10, 1.3739e-25,  ..., 2.5114e-21, 1.2457e-27,
         1.3065e-12],
        [1.9758e-27, 2.0144e-09, 4.2921e-24,  ..., 4.7397e-20, 2.2406e-26,
         3.7164e-12],
        [5.2328e-29, 1.1369e-10, 8.2712e-26,  ..., 1.1823e-22, 3.7006e-27,
         5.0905e-12]], device='cuda:0')[0m
[0;30m[2020-12-01 10:42:55] [INFO] fpn epoch : 11, train acc : 0.614130437374115, test acc : 0.586341917514801[0m
[0;30m[2020-12-01 10:42:59] [INFO] tensor([[3.0687e-29, 1.6322e-10, 1.3155e-26,  ..., 1.9923e-21, 5.8603e-28,
         1.6060e-12],
        [7.8010e-32, 3.9043e-14, 1.0156e-29,  ..., 4.5363e-23, 2.7886e-31,
         2.4491e-17],
        [1.9909e-29, 3.2466e-10, 1.5078e-25,  ..., 3.0027e-21, 1.6269e-27,
         1.3865e-12],
        [1.4048e-27, 1.8154e-09, 3.7218e-24,  ..., 4.5154e-20, 2.2649e-26,
         3.3186e-12],
        [4.8797e-29, 1.2928e-10, 8.9753e-26,  ..., 1.4004e-22, 5.0745e-27,
         5.6781e-12]], device='cuda:0')[0m
[0;30m[2020-12-01 10:42:59] [INFO] fpn epoch : 12, train acc : 0.6023913025856018, test acc : 0.5650283098220825[0m
[0;30m[2020-12-01 10:43:03] [INFO] tensor([[2.3384e-29, 1.5818e-10, 1.0757e-26,  ..., 2.0951e-21, 5.3231e-28,
         1.4863e-12],
        [6.5885e-32, 4.0713e-14, 9.3336e-30,  ..., 5.1403e-23, 2.8552e-31,
         2.3781e-17],
        [1.6458e-29, 3.3963e-10, 1.3897e-25,  ..., 3.4304e-21, 1.6259e-27,
         1.3888e-12],
        [1.0009e-27, 1.6582e-09, 2.9046e-24,  ..., 4.4476e-20, 1.9515e-26,
         3.0392e-12],
        [4.3392e-29, 1.3924e-10, 8.3039e-26,  ..., 1.5968e-22, 5.4547e-27,
         6.0430e-12]], device='cuda:0')[0m
[0;30m[2020-12-01 10:43:03] [INFO] fpn epoch : 13, train acc : 0.591847836971283, test acc : 0.5619834661483765[0m
[0;30m[2020-12-01 10:43:07] [INFO] tensor([[1.9140e-29, 1.6228e-10, 8.1524e-27,  ..., 2.1976e-21, 4.4471e-28,
         1.4597e-12],
        [5.7522e-32, 4.5031e-14, 7.4963e-30,  ..., 5.7469e-23, 2.5663e-31,
         2.4087e-17],
        [1.3546e-29, 3.4709e-10, 1.0935e-25,  ..., 3.6252e-21, 1.3875e-27,
         1.3684e-12],
        [7.3955e-28, 1.5746e-09, 2.0914e-24,  ..., 4.2446e-20, 1.4814e-26,
         2.8156e-12],
        [3.6732e-29, 1.4117e-10, 6.6173e-26,  ..., 1.6315e-22, 4.7548e-27,
         6.0347e-12]], device='cuda:0')[0m
[0;30m[2020-12-01 10:43:07] [INFO] fpn epoch : 14, train acc : 0.6222826242446899, test acc : 0.5880817770957947[0m
[0;30m[2020-12-01 10:43:12] [INFO] tensor([[1.7411e-29, 1.7476e-10, 6.2102e-27,  ..., 2.3073e-21, 3.6835e-28,
         1.4830e-12],
        [6.2071e-32, 5.8707e-14, 6.5557e-30,  ..., 7.1930e-23, 2.5578e-31,
         2.7836e-17],
        [1.2193e-29, 3.6718e-10, 8.4705e-26,  ..., 3.7752e-21, 1.1587e-27,
         1.3746e-12],
        [5.9541e-28, 1.5735e-09, 1.4611e-24,  ..., 4.0230e-20, 1.0809e-26,
         2.6323e-12],
        [3.2660e-29, 1.4291e-10, 5.1494e-26,  ..., 1.6113e-22, 3.9028e-27,
         5.8901e-12]], device='cuda:0')[0m
[0;30m[2020-12-01 10:43:12] [INFO] fpn epoch : 15, train acc : 0.6458695530891418, test acc : 0.6128751635551453[0m
[0;30m[2020-12-01 10:43:16] [INFO] tensor([[1.5359e-29, 1.7254e-10, 4.8685e-27,  ..., 2.2878e-21, 2.9424e-28,
         1.4225e-12],
        [5.7164e-32, 6.0839e-14, 5.1711e-30,  ..., 7.4032e-23, 2.1938e-31,
         2.6208e-17],
        [1.0517e-29, 3.5925e-10, 6.6460e-26,  ..., 3.6813e-21, 9.3048e-28,
         1.2980e-12],
        [4.9938e-28, 1.5422e-09, 1.0930e-24,  ..., 3.8727e-20, 8.1108e-27,
         2.4967e-12],
        [2.9809e-29, 1.4301e-10, 4.2897e-26,  ..., 1.5960e-22, 3.3339e-27,
         5.7725e-12]], device='cuda:0')[0m
[0;30m[2020-12-01 10:43:16] [INFO] fpn epoch : 16, train acc : 0.6360869407653809, test acc : 0.6054806709289551[0m
[0;30m[2020-12-01 10:43:20] [INFO] tensor([[1.1621e-29, 1.5768e-10, 3.7763e-27,  ..., 2.0362e-21, 2.2154e-28,
         1.3083e-12],
        [3.9801e-32, 5.3225e-14, 3.6682e-30,  ..., 6.0759e-23, 1.5605e-31,
         2.1509e-17],
        [7.8774e-30, 3.3106e-10, 5.2075e-26,  ..., 3.2397e-21, 7.0954e-28,
         1.1874e-12],
        [3.9331e-28, 1.5009e-09, 8.8332e-25,  ..., 3.6109e-20, 6.2965e-27,
         2.4433e-12],
        [2.2835e-29, 1.3079e-10, 3.4377e-26,  ..., 1.3908e-22, 2.6096e-27,
         5.3131e-12]], device='cuda:0')[0m
[0;30m[2020-12-01 10:43:20] [INFO] fpn epoch : 17, train acc : 0.6561956405639648, test acc : 0.617659866809845[0m
[0;30m[2020-12-01 10:43:24] [INFO] tensor([[8.4922e-30, 1.4145e-10, 3.1531e-27,  ..., 1.7579e-21, 1.6705e-28,
         1.2117e-12],
        [2.7711e-32, 4.6960e-14, 2.9745e-30,  ..., 5.0116e-23, 1.1767e-31,
         1.8676e-17],
        [5.5747e-30, 2.9457e-10, 4.2953e-26,  ..., 2.7037e-21, 5.3034e-28,
         1.0721e-12],
        [2.9035e-28, 1.3847e-09, 7.4176e-25,  ..., 3.1700e-20, 4.8001e-27,
         2.3208e-12],
        [1.7321e-29, 1.2087e-10, 3.0163e-26,  ..., 1.2027e-22, 2.0566e-27,
         5.0674e-12]], device='cuda:0')[0m
[0;30m[2020-12-01 10:43:24] [INFO] fpn epoch : 18, train acc : 0.6463043689727783, test acc : 0.6033058166503906[0m
[0;30m[2020-12-01 10:43:28] [INFO] tensor([[6.2497e-30, 1.2729e-10, 2.6083e-27,  ..., 1.5647e-21, 1.2818e-28,
         1.1340e-12],
        [2.1738e-32, 4.6323e-14, 2.6802e-30,  ..., 4.7051e-23, 9.8132e-32,
         1.8272e-17],
        [4.0976e-30, 2.6927e-10, 3.5943e-26,  ..., 2.3999e-21, 4.1440e-28,
         1.0037e-12],
        [2.1285e-28, 1.2474e-09, 6.1302e-25,  ..., 2.8072e-20, 3.6872e-27,
         2.1474e-12],
        [1.3824e-29, 1.1639e-10, 2.7219e-26,  ..., 1.1108e-22, 1.7201e-27,
         5.0976e-12]], device='cuda:0')[0m
[0;30m[2020-12-01 10:43:28] [INFO] fpn epoch : 19, train acc : 0.6269565224647522, test acc : 0.5902566313743591[0m
[0;30m[2020-12-01 10:43:32] [INFO] tensor([[4.7552e-30, 1.1860e-10, 2.0796e-27,  ..., 1.4052e-21, 1.0458e-28,
         1.0828e-12],
        [1.8418e-32, 4.9552e-14, 2.4173e-30,  ..., 4.6765e-23, 8.8510e-32,
         1.9084e-17],
        [3.2292e-30, 2.6069e-10, 3.0096e-26,  ..., 2.2421e-21, 3.5419e-28,
         9.8888e-13],
        [1.6313e-28, 1.1654e-09, 5.0135e-25,  ..., 2.5376e-20, 3.0249e-27,
         2.0236e-12],
        [1.0877e-29, 1.0943e-10, 2.2502e-26,  ..., 9.9810e-23, 1.4465e-27,
         4.9726e-12]], device='cuda:0')[0m
[0;30m[2020-12-01 10:43:32] [INFO] fpn epoch : 20, train acc : 0.6289130449295044, test acc : 0.5885167717933655[0m
[0;30m[2020-12-01 10:43:37] [INFO] tensor([[3.9512e-30, 1.1350e-10, 1.7189e-27,  ..., 1.2971e-21, 9.2298e-29,
         1.0481e-12],
        [1.7690e-32, 5.5669e-14, 2.3235e-30,  ..., 4.9897e-23, 8.8635e-32,
         2.0858e-17],
        [2.8136e-30, 2.6100e-10, 2.6169e-26,  ..., 2.1734e-21, 3.2850e-28,
         9.9625e-13],
        [1.3490e-28, 1.0966e-09, 4.1197e-25,  ..., 2.3000e-20, 2.6260e-27,
         1.9046e-12],
        [9.1885e-30, 1.0379e-10, 1.8776e-26,  ..., 9.1760e-23, 1.2872e-27,
         4.8346e-12]], device='cuda:0')[0m
[0;30m[2020-12-01 10:43:37] [INFO] fpn epoch : 21, train acc : 0.654891312122345, test acc : 0.6093953847885132[0m
[0;30m[2020-12-01 10:43:41] [INFO] tensor([[3.3876e-30, 1.1092e-10, 1.5621e-27,  ..., 1.2071e-21, 8.8597e-29,
         1.0387e-12],
        [1.6744e-32, 6.1059e-14, 2.3854e-30,  ..., 5.1269e-23, 9.1380e-32,
         2.2533e-17],
        [2.4485e-30, 2.5942e-10, 2.4303e-26,  ..., 2.0554e-21, 3.2018e-28,
         1.0004e-12],
        [1.1610e-28, 1.0624e-09, 3.7052e-25,  ..., 2.1128e-20, 2.4798e-27,
         1.8524e-12],
        [7.7001e-30, 9.7383e-11, 1.6637e-26,  ..., 8.2356e-23, 1.1999e-27,
         4.6536e-12]], device='cuda:0')[0m
[0;30m[2020-12-01 10:43:41] [INFO] fpn epoch : 22, train acc : 0.6613043546676636, test acc : 0.6233144998550415[0m
[0;30m[2020-12-01 10:43:45] [INFO] tensor([[2.8466e-30, 1.0433e-10, 1.4808e-27,  ..., 1.1286e-21, 8.5031e-29,
         1.0131e-12],
        [1.4139e-32, 5.8393e-14, 2.3348e-30,  ..., 4.7842e-23, 8.6085e-32,
         2.1933e-17],
        [2.0394e-30, 2.4373e-10, 2.3098e-26,  ..., 1.9116e-21, 3.0391e-28,
         9.6939e-13],
        [9.9188e-29, 1.0029e-09, 3.5023e-25,  ..., 1.9753e-20, 2.4010e-27,
         1.8016e-12],
        [6.6275e-30, 9.2773e-11, 1.6063e-26,  ..., 7.7083e-23, 1.1785e-27,
         4.6343e-12]], device='cuda:0')[0m
[0;30m[2020-12-01 10:43:45] [INFO] fpn epoch : 23, train acc : 0.6558696031570435, test acc : 0.6280992031097412[0m
[0;30m[2020-12-01 10:43:49] [INFO] tensor([[2.3287e-30, 9.7092e-11, 1.4293e-27,  ..., 1.0300e-21, 8.0303e-29,
         9.7999e-13],
        [1.1797e-32, 5.6119e-14, 2.3738e-30,  ..., 4.4687e-23, 8.2017e-32,
         2.1822e-17],
        [1.6557e-30, 2.2631e-10, 2.2326e-26,  ..., 1.7435e-21, 2.8361e-28,
         9.2948e-13],
        [8.3980e-29, 9.5677e-10, 3.4738e-25,  ..., 1.8426e-20, 2.3485e-27,
         1.7712e-12],
        [5.6786e-30, 8.9006e-11, 1.6116e-26,  ..., 7.1827e-23, 1.1640e-27,
         4.6544e-12]], device='cuda:0')[0m
[0;30m[2020-12-01 10:43:49] [INFO] fpn epoch : 24, train acc : 0.6626086831092834, test acc : 0.6259243488311768[0m
[0;30m[2020-12-01 10:43:53] [INFO] tensor([[1.8836e-30, 8.9352e-11, 1.3853e-27,  ..., 9.2634e-22, 7.5313e-29,
         9.2981e-13],
        [9.9321e-33, 5.4141e-14, 2.4717e-30,  ..., 4.2112e-23, 7.9610e-32,
         2.1728e-17],
        [1.3497e-30, 2.1045e-10, 2.1872e-26,  ..., 1.5911e-21, 2.6534e-28,
         8.8323e-13],
        [7.1141e-29, 9.1303e-10, 3.4924e-25,  ..., 1.7246e-20, 2.2615e-27,
         1.7320e-12],
        [4.9888e-30, 8.7320e-11, 1.6851e-26,  ..., 6.8740e-23, 1.1827e-27,
         4.7469e-12]], device='cuda:0')[0m
[0;30m[2020-12-01 10:43:53] [INFO] fpn epoch : 25, train acc : 0.6658695936203003, test acc : 0.6215745806694031[0m
[0;30m[2020-12-01 10:43:57] [INFO] tensor([[1.4772e-30, 8.1389e-11, 1.3099e-27,  ..., 8.1210e-22, 6.9994e-29,
         8.7142e-13],
        [7.8696e-33, 5.0517e-14, 2.4451e-30,  ..., 3.7594e-23, 7.4375e-32,
         2.0721e-17],
        [1.0886e-30, 1.9706e-10, 2.1339e-26,  ..., 1.4420e-21, 2.5078e-28,
         8.4554e-13],
        [5.8762e-29, 8.6979e-10, 3.4535e-25,  ..., 1.5912e-20, 2.1588e-27,
         1.6831e-12],
        [4.2584e-30, 8.4794e-11, 1.7334e-26,  ..., 6.4421e-23, 1.1925e-27,
         4.7978e-12]], device='cuda:0')[0m
[0;30m[2020-12-01 10:43:57] [INFO] fpn epoch : 26, train acc : 0.6507608890533447, test acc : 0.61026531457901[0m
[0;30m[2020-12-01 10:44:00] [INFO] tensor([[1.1558e-30, 7.3610e-11, 1.1553e-27,  ..., 7.1671e-22, 6.3067e-29,
         8.1778e-13],
        [5.7106e-33, 4.3232e-14, 2.0431e-30,  ..., 3.1336e-23, 6.1726e-32,
         1.8130e-17],
        [8.8600e-31, 1.8489e-10, 1.9676e-26,  ..., 1.3350e-21, 2.3298e-28,
         8.2001e-13],
        [4.7991e-29, 8.1582e-10, 3.1759e-25,  ..., 1.4670e-20, 1.9884e-27,
         1.6240e-12],
        [3.5602e-30, 8.0462e-11, 1.6398e-26,  ..., 5.9793e-23, 1.1467e-27,
         4.7660e-12]], device='cuda:0')[0m
[0;30m[2020-12-01 10:44:00] [INFO] fpn epoch : 27, train acc : 0.6246739029884338, test acc : 0.5893867015838623[0m
[0;30m[2020-12-01 10:44:04] [INFO] tensor([[9.5160e-31, 7.0230e-11, 9.8291e-28,  ..., 6.5675e-22, 5.7075e-29,
         7.9913e-13],
        [4.2254e-33, 3.7812e-14, 1.5631e-30,  ..., 2.6685e-23, 4.9889e-32,
         1.6027e-17],
        [7.4952e-31, 1.7975e-10, 1.7242e-26,  ..., 1.2689e-21, 2.1516e-28,
         8.1698e-13],
        [4.0461e-29, 7.9311e-10, 2.7883e-25,  ..., 1.3727e-20, 1.8259e-27,
         1.6050e-12],
        [2.9819e-30, 7.6575e-11, 1.4259e-26,  ..., 5.5195e-23, 1.0541e-27,
         4.6848e-12]], device='cuda:0')[0m
[0;30m[2020-12-01 10:44:04] [INFO] fpn epoch : 28, train acc : 0.6080434918403625, test acc : 0.5711178779602051[0m
[0;30m[2020-12-01 10:44:08] [INFO] tensor([[8.6574e-31, 7.0985e-11, 8.5499e-28,  ..., 6.4850e-22, 5.1923e-29,
         8.1564e-13],
        [3.9302e-33, 3.9082e-14, 1.3585e-30,  ..., 2.7690e-23, 4.5626e-32,
         1.6524e-17],
        [6.9999e-31, 1.8406e-10, 1.5333e-26,  ..., 1.2974e-21, 1.9958e-28,
         8.4704e-13],
        [3.5469e-29, 7.7476e-10, 2.3487e-25,  ..., 1.3028e-20, 1.5983e-27,
         1.5670e-12],
        [2.6825e-30, 7.4953e-11, 1.2323e-26,  ..., 5.3396e-23, 9.4596e-28,
         4.6645e-12]], device='cuda:0')[0m
[0;30m[2020-12-01 10:44:08] [INFO] fpn epoch : 29, train acc : 0.636413037776947, test acc : 0.5954763293266296[0m
[0;30m[2020-12-01 10:44:12] [INFO] tensor([[8.1355e-31, 7.1272e-11, 7.9425e-28,  ..., 6.5341e-22, 4.6304e-29,
         8.4066e-13],
        [4.2781e-33, 4.4899e-14, 1.4260e-30,  ..., 3.2312e-23, 4.5618e-32,
         1.9115e-17],
        [6.6717e-31, 1.8550e-10, 1.4431e-26,  ..., 1.3309e-21, 1.8003e-28,
         8.7908e-13],
        [3.1376e-29, 7.3543e-10, 2.0471e-25,  ..., 1.2289e-20, 1.3345e-27,
         1.5117e-12],
        [2.4089e-30, 7.0983e-11, 1.0985e-26,  ..., 5.0409e-23, 8.0784e-28,
         4.5430e-12]], device='cuda:0')[0m
[0;30m[2020-12-01 10:44:12] [INFO] fpn epoch : 30, train acc : 0.6692391633987427, test acc : 0.6263592839241028[0m
[0;30m[2020-12-01 10:44:16] [INFO] tensor([[7.2849e-31, 6.8959e-11, 7.7014e-28,  ..., 6.3269e-22, 4.1193e-29,
         8.4110e-13],
        [4.7001e-33, 5.2349e-14, 1.6895e-30,  ..., 3.8126e-23, 4.8927e-32,
         2.2675e-17],
        [5.9053e-31, 1.7676e-10, 1.3931e-26,  ..., 1.2788e-21, 1.5900e-28,
         8.6723e-13],
        [2.7438e-29, 6.9550e-10, 1.9358e-25,  ..., 1.1597e-20, 1.1432e-27,
         1.4746e-12],
        [2.1211e-30, 6.7114e-11, 1.0430e-26,  ..., 4.6794e-23, 7.1511e-28,
         4.4497e-12]], device='cuda:0')[0m
[0;30m[2020-12-01 10:44:16] [INFO] fpn epoch : 31, train acc : 0.6529347896575928, test acc : 0.6246194243431091[0m
[0;30m[2020-12-01 10:44:20] [INFO] tensor([[6.1840e-31, 6.6908e-11, 7.5791e-28,  ..., 5.7924e-22, 3.6342e-29,
         8.3228e-13],
        [4.5603e-33, 5.7677e-14, 1.9588e-30,  ..., 4.0876e-23, 5.0082e-32,
         2.5589e-17],
        [4.9061e-31, 1.6786e-10, 1.3542e-26,  ..., 1.1565e-21, 1.3900e-28,
         8.4033e-13],
        [2.3215e-29, 6.7080e-10, 1.8908e-25,  ..., 1.0577e-20, 1.0004e-27,
         1.4516e-12],
        [1.8276e-30, 6.5557e-11, 1.0341e-26,  ..., 4.2853e-23, 6.5119e-28,
         4.4663e-12]], device='cuda:0')[0m
[0;30m[2020-12-01 10:44:20] [INFO] fpn epoch : 32, train acc : 0.6580435037612915, test acc : 0.6294041275978088[0m
[0;30m[2020-12-01 10:44:23] [INFO] tensor([[4.9721e-31, 6.3424e-11, 7.3893e-28,  ..., 5.0518e-22, 3.1356e-29,
         7.9896e-13],
        [3.9484e-33, 5.8466e-14, 2.1416e-30,  ..., 3.9958e-23, 4.7762e-32,
         2.6741e-17],
        [3.8938e-31, 1.5879e-10, 1.3247e-26,  ..., 1.0173e-21, 1.2075e-28,
         8.0376e-13],
        [1.9076e-29, 6.4660e-10, 1.8669e-25,  ..., 9.4262e-21, 8.8074e-28,
         1.4227e-12],
        [1.5460e-30, 6.4644e-11, 1.0586e-26,  ..., 3.9104e-23, 6.0191e-28,
         4.5063e-12]], device='cuda:0')[0m
[0;30m[2020-12-01 10:44:24] [INFO] fpn epoch : 33, train acc : 0.6717391610145569, test acc : 0.6298390626907349[0m
[0;30m[2020-12-01 10:44:27] [INFO] tensor([[3.9737e-31, 6.0434e-11, 7.4122e-28,  ..., 4.4060e-22, 2.8310e-29,
         7.7089e-13],
        [3.1258e-33, 5.4968e-14, 2.1924e-30,  ..., 3.5275e-23, 4.3053e-32,
         2.5800e-17],
        [3.0659e-31, 1.5081e-10, 1.3254e-26,  ..., 8.8007e-22, 1.0876e-28,
         7.7186e-13],
        [1.5838e-29, 6.3328e-10, 1.9363e-25,  ..., 8.5600e-21, 8.1812e-28,
         1.4203e-12],
        [1.2697e-30, 6.2570e-11, 1.0937e-26,  ..., 3.4900e-23, 5.6788e-28,
         4.4599e-12]], device='cuda:0')[0m
[0;30m[2020-12-01 10:44:27] [INFO] fpn epoch : 34, train acc : 0.6594565510749817, test acc : 0.6120052337646484[0m
[0;30m[2020-12-01 10:44:32] [INFO] tensor([[3.1238e-31, 5.6307e-11, 6.9662e-28,  ..., 3.8598e-22, 2.5608e-29,
         7.3298e-13],
        [2.2115e-33, 4.6285e-14, 1.8888e-30,  ..., 2.8252e-23, 3.4896e-32,
         2.2301e-17],
        [2.4374e-31, 1.4315e-10, 1.2703e-26,  ..., 7.8191e-22, 1.0002e-28,
         7.4683e-13],
        [1.2990e-29, 6.0706e-10, 1.9053e-25,  ..., 7.8662e-21, 7.6404e-28,
         1.3936e-12],
        [1.0574e-30, 6.1375e-11, 1.0920e-26,  ..., 3.2325e-23, 5.5603e-28,
         4.4980e-12]], device='cuda:0')[0m
[0;30m[2020-12-01 10:44:32] [INFO] fpn epoch : 35, train acc : 0.6318478584289551, test acc : 0.594171404838562[0m
[0;30m[2020-12-01 10:44:36] [INFO] tensor([[2.4277e-31, 5.2640e-11, 5.9458e-28,  ..., 3.3511e-22, 2.2889e-29,
         6.9179e-13],
        [1.4458e-33, 3.6863e-14, 1.3677e-30,  ..., 2.1264e-23, 2.6307e-32,
         1.8044e-17],
        [1.9830e-31, 1.3989e-10, 1.1369e-26,  ..., 7.0869e-22, 9.3478e-29,
         7.3911e-13],
        [1.0684e-29, 5.9272e-10, 1.7408e-25,  ..., 7.2002e-21, 7.1825e-28,
         1.3755e-12],
        [8.4842e-31, 5.8856e-11, 9.6438e-27,  ..., 2.9184e-23, 5.2375e-28,
         4.3820e-12]], device='cuda:0')[0m
[0;30m[2020-12-01 10:44:36] [INFO] fpn epoch : 36, train acc : 0.6085869669914246, test acc : 0.5728577971458435[0m
[0;30m[2020-12-01 10:44:40] [INFO] tensor([[2.0623e-31, 5.2770e-11, 5.1101e-28,  ..., 3.1590e-22, 2.1071e-29,
         6.8487e-13],
        [1.1314e-33, 3.3832e-14, 1.0611e-30,  ..., 1.8913e-23, 2.2058e-32,
         1.6417e-17],
        [1.7580e-31, 1.4479e-10, 1.0128e-26,  ..., 6.9134e-22, 8.9230e-29,
         7.5993e-13],
        [8.9920e-30, 5.8650e-10, 1.4878e-25,  ..., 6.6719e-21, 6.5671e-28,
         1.3394e-12],
        [7.1047e-31, 5.7409e-11, 8.1426e-27,  ..., 2.7278e-23, 4.8118e-28,
         4.2506e-12]], device='cuda:0')[0m
[0;30m[2020-12-01 10:44:40] [INFO] fpn epoch : 37, train acc : 0.6256521940231323, test acc : 0.5880817770957947[0m
[0;30m[2020-12-01 10:44:44] [INFO] tensor([[1.8725e-31, 5.3226e-11, 4.6692e-28,  ..., 3.1475e-22, 1.9053e-29,
         6.9724e-13],
        [1.1207e-33, 3.6382e-14, 1.0157e-30,  ..., 2.0255e-23, 2.1097e-32,
         1.7594e-17],
        [1.6418e-31, 1.4833e-10, 9.4949e-27,  ..., 6.9978e-22, 8.2792e-29,
         7.9118e-13],
        [7.7117e-30, 5.6243e-10, 1.2757e-25,  ..., 6.2336e-21, 5.6520e-28,
         1.2827e-12],
        [6.0950e-31, 5.4004e-11, 7.0021e-27,  ..., 2.5310e-23, 4.1543e-28,
         4.0479e-12]], device='cuda:0')[0m
[0;30m[2020-12-01 10:44:44] [INFO] fpn epoch : 38, train acc : 0.6714130640029907, test acc : 0.6224445700645447[0m
[0;30m[2020-12-01 10:44:49] [INFO] tensor([[1.6730e-31, 5.1956e-11, 4.5021e-28,  ..., 3.0701e-22, 1.6855e-29,
         7.0174e-13],
        [1.2420e-33, 4.3238e-14, 1.1851e-30,  ..., 2.3824e-23, 2.2534e-32,
         2.1170e-17],
        [1.4541e-31, 1.4242e-10, 9.1448e-27,  ..., 6.6809e-22, 7.3016e-29,
         7.8662e-13],
        [6.5276e-30, 5.2187e-10, 1.1577e-25,  ..., 5.7407e-21, 4.7580e-28,
         1.2177e-12],
        [5.1875e-31, 5.0001e-11, 6.3597e-27,  ..., 2.2949e-23, 3.5545e-28,
         3.8613e-12]], device='cuda:0')[0m
[0;30m[2020-12-01 10:44:49] [INFO] fpn epoch : 39, train acc : 0.6604347825050354, test acc : 0.6272292137145996[0m
[0;30m[2020-12-01 10:44:53] [INFO] tensor([[1.3936e-31, 5.0400e-11, 4.3427e-28,  ..., 2.7896e-22, 1.4541e-29,
         6.9647e-13],
        [1.0580e-33, 4.3463e-14, 1.2031e-30,  ..., 2.2488e-23, 2.0166e-32,
         2.1874e-17],
        [1.1750e-31, 1.3377e-10, 8.6451e-27,  ..., 5.8269e-22, 6.1764e-29,
         7.5678e-13],
        [5.3520e-30, 4.9864e-10, 1.0989e-25,  ..., 5.1342e-21, 4.0717e-28,
         1.1809e-12],
        [4.2863e-31, 4.8116e-11, 6.0072e-27,  ..., 2.0458e-23, 3.1026e-28,
         3.8159e-12]], device='cuda:0')[0m
[0;30m[2020-12-01 10:44:53] [INFO] fpn epoch : 40, train acc : 0.6579347848892212, test acc : 0.6298390626907349[0m
[0;30m[2020-12-01 10:44:58] [INFO] tensor([[1.0690e-31, 4.7768e-11, 4.0622e-28,  ..., 2.3755e-22, 1.2261e-29,
         6.6241e-13],
        [8.1023e-34, 4.1724e-14, 1.1772e-30,  ..., 1.9999e-23, 1.7408e-32,
         2.1444e-17],
        [8.9222e-32, 1.2675e-10, 8.0734e-27,  ..., 4.9207e-22, 5.2493e-29,
         7.1774e-13],
        [4.1503e-30, 4.8029e-10, 1.0498e-25,  ..., 4.4524e-21, 3.5377e-28,
         1.1401e-12],
        [3.4271e-31, 4.7464e-11, 5.7897e-27,  ..., 1.8166e-23, 2.7727e-28,
         3.8020e-12]], device='cuda:0')[0m
[0;30m[2020-12-01 10:44:58] [INFO] fpn epoch : 41, train acc : 0.6708695888519287, test acc : 0.6341887712478638[0m
[0;30m[2020-12-01 10:45:02] [INFO] tensor([[8.1332e-32, 4.6023e-11, 3.9867e-28,  ..., 2.0271e-22, 1.0977e-29,
         6.3877e-13],
        [6.1673e-34, 4.0360e-14, 1.1920e-30,  ..., 1.7517e-23, 1.5679e-32,
         2.0859e-17],
        [6.6660e-32, 1.2157e-10, 7.8491e-27,  ..., 4.1377e-22, 4.6947e-29,
         6.8654e-13],
        [3.1989e-30, 4.7189e-10, 1.0604e-25,  ..., 3.9127e-21, 3.2578e-28,
         1.1210e-12],
        [2.6319e-31, 4.6223e-11, 5.6922e-27,  ..., 1.5649e-23, 2.5358e-28,
         3.7257e-12]], device='cuda:0')[0m
[0;30m[2020-12-01 10:45:02] [INFO] fpn epoch : 42, train acc : 0.6757608652114868, test acc : 0.6285341382026672[0m
[0;30m[2020-12-01 10:45:07] [INFO] tensor([[6.0996e-32, 4.2281e-11, 3.7454e-28,  ..., 1.7166e-22, 9.7353e-30,
         6.0453e-13],
        [4.5346e-34, 3.6253e-14, 1.1063e-30,  ..., 1.4547e-23, 1.3460e-32,
         1.9303e-17],
        [5.0683e-32, 1.1415e-10, 7.5001e-27,  ..., 3.5426e-22, 4.2584e-29,
         6.6069e-13],
        [2.5113e-30, 4.5843e-10, 1.0675e-25,  ..., 3.5499e-21, 3.0637e-28,
         1.1173e-12],
        [2.1052e-31, 4.5451e-11, 5.6762e-27,  ..., 1.3994e-23, 2.4232e-28,
         3.7649e-12]], device='cuda:0')[0m
[0;30m[2020-12-01 10:45:07] [INFO] fpn epoch : 43, train acc : 0.6521739363670349, test acc : 0.6085254549980164[0m
[0;30m[2020-12-01 10:45:11] [INFO] tensor([[4.6596e-32, 3.8879e-11, 3.2792e-28,  ..., 1.4599e-22, 8.6077e-30,
         5.7503e-13],
        [3.0501e-34, 2.9566e-14, 8.4842e-31,  ..., 1.1015e-23, 1.0386e-32,
         1.6414e-17],
        [4.0085e-32, 1.0934e-10, 6.8006e-27,  ..., 3.1158e-22, 3.9250e-29,
         6.5089e-13],
        [2.0249e-30, 4.4907e-10, 1.0080e-25,  ..., 3.2381e-21, 2.8655e-28,
         1.1231e-12],
        [1.7053e-31, 4.4221e-11, 5.2415e-27,  ..., 1.2543e-23, 2.2895e-28,
         3.7669e-12]], device='cuda:0')[0m
[0;30m[2020-12-01 10:45:11] [INFO] fpn epoch : 44, train acc : 0.6164130568504333, test acc : 0.5780774354934692[0m
[0;30m[2020-12-01 10:45:15] [INFO] tensor([[3.8759e-32, 3.8514e-11, 2.7565e-28,  ..., 1.3235e-22, 7.9502e-30,
         5.6606e-13],
        [2.1101e-34, 2.4547e-14, 5.8221e-31,  ..., 8.5204e-24, 7.8681e-33,
         1.3593e-17],
        [3.4686e-32, 1.1206e-10, 5.8998e-27,  ..., 2.9338e-22, 3.7640e-29,
         6.6327e-13],
        [1.7241e-30, 4.5689e-10, 8.8030e-26,  ..., 3.0170e-21, 2.7022e-28,
         1.1251e-12],
        [1.4480e-31, 4.4187e-11, 4.4642e-27,  ..., 1.1630e-23, 2.1567e-28,
         3.7347e-12]], device='cuda:0')[0m
[0;30m[2020-12-01 10:45:15] [INFO] fpn epoch : 45, train acc : 0.5972826480865479, test acc : 0.559808611869812[0m
[0;30m[2020-12-01 10:45:20] [INFO] tensor([[3.5467e-32, 3.9886e-11, 2.2805e-28,  ..., 1.3154e-22, 7.3050e-30,
         5.7808e-13],
        [1.9431e-34, 2.5335e-14, 4.5877e-31,  ..., 8.5045e-24, 7.0083e-33,
         1.3599e-17],
        [3.3545e-32, 1.2018e-10, 5.0711e-27,  ..., 3.0539e-22, 3.6143e-29,
         7.0416e-13],
        [1.5162e-30, 4.5714e-10, 7.0793e-26,  ..., 2.8747e-21, 2.4072e-28,
         1.0970e-12],
        [1.2597e-31, 4.2802e-11, 3.4573e-27,  ..., 1.0861e-23, 1.8635e-28,
         3.5472e-12]], device='cuda:0')[0m
[0;30m[2020-12-01 10:45:20] [INFO] fpn epoch : 46, train acc : 0.6407608985900879, test acc : 0.5950413346290588[0m
[0;30m[2020-12-01 10:45:24] [INFO] tensor([[3.2815e-32, 3.9765e-11, 2.0044e-28,  ..., 1.3407e-22, 6.2504e-30,
         5.9154e-13],
        [2.1919e-34, 3.0147e-14, 4.6955e-31,  ..., 1.0215e-23, 7.0038e-33,
         1.6197e-17],
        [3.1496e-32, 1.2085e-10, 4.5493e-27,  ..., 3.1589e-22, 3.1567e-29,
         7.2755e-13],
        [1.2761e-30, 4.2180e-10, 5.6986e-26,  ..., 2.6842e-21, 1.8963e-28,
         1.0269e-12],
        [1.0993e-31, 3.9827e-11, 2.7935e-27,  ..., 1.0045e-23, 1.4934e-28,
         3.3543e-12]], device='cuda:0')[0m
[0;30m[2020-12-01 10:45:24] [INFO] fpn epoch : 47, train acc : 0.6746739149093628, test acc : 0.6307089924812317[0m
[0;30m[2020-12-01 10:45:28] [INFO] tensor([[2.7694e-32, 3.9442e-11, 1.8487e-28,  ..., 1.2514e-22, 5.1115e-30,
         5.9844e-13],
        [2.1270e-34, 3.4754e-14, 5.0008e-31,  ..., 1.0965e-23, 6.5465e-33,
         1.8668e-17],
        [2.4781e-32, 1.1498e-10, 4.0909e-27,  ..., 2.8306e-22, 2.5098e-29,
         7.0496e-13],
        [9.7031e-31, 3.9871e-10, 4.9920e-26,  ..., 2.3856e-21, 1.4673e-28,
         9.8175e-13],
        [8.8065e-32, 3.7280e-11, 2.3755e-27,  ..., 8.6029e-24, 1.1591e-28,
         3.1926e-12]], device='cuda:0')[0m
[0;30m[2020-12-01 10:45:28] [INFO] fpn epoch : 48, train acc : 0.6547825932502747, test acc : 0.6215745806694031[0m
[0;30m[2020-12-01 10:45:32] [INFO] tensor([[2.0891e-32, 3.8204e-11, 1.6156e-28,  ..., 1.0628e-22, 3.9326e-30,
         5.7902e-13],
        [1.6206e-34, 3.4612e-14, 4.5751e-31,  ..., 9.7734e-24, 5.2018e-33,
         1.8730e-17],
        [1.7964e-32, 1.0946e-10, 3.5291e-27,  ..., 2.3643e-22, 1.9234e-29,
         6.6682e-13],
        [6.9624e-31, 3.8696e-10, 4.3644e-26,  ..., 2.0346e-21, 1.1368e-28,
         9.4363e-13],
        [6.8591e-32, 3.7003e-11, 2.0876e-27,  ..., 7.4153e-24, 9.2615e-29,
         3.1865e-12]], device='cuda:0')[0m
[0;30m[2020-12-01 10:45:32] [INFO] fpn epoch : 49, train acc : 0.6619565486907959, test acc : 0.6267942786216736[0m
[0;30m[2020-12-01 10:45:37] [INFO] tensor([[1.5039e-32, 3.7319e-11, 1.4383e-28,  ..., 8.7285e-23, 3.1645e-30,
         5.5931e-13],
        [1.1773e-34, 3.3933e-14, 4.1871e-31,  ..., 8.2119e-24, 4.2377e-33,
         1.8390e-17],
        [1.2843e-32, 1.0607e-10, 3.1252e-27,  ..., 1.9197e-22, 1.5480e-29,
         6.3452e-13],
        [5.1748e-31, 3.9796e-10, 4.0909e-26,  ..., 1.7682e-21, 9.6602e-29,
         9.5504e-13],
        [5.1944e-32, 3.7069e-11, 1.8795e-27,  ..., 6.2206e-24, 7.7147e-29,
         3.1840e-12]], device='cuda:0')[0m
[0;30m[2020-12-01 10:45:37] [INFO] fpn epoch : 50, train acc : 0.6801087260246277, test acc : 0.6337538361549377[0m
[0;30m[2020-12-01 10:45:41] [INFO] tensor([[1.0136e-32, 3.4659e-11, 1.2114e-28,  ..., 6.8937e-23, 2.4058e-30,
         5.2579e-13],
        [7.9910e-35, 3.1522e-14, 3.5290e-31,  ..., 6.4293e-24, 3.1947e-33,
         1.7316e-17],
        [8.9256e-33, 1.0108e-10, 2.7140e-27,  ..., 1.5476e-22, 1.2188e-29,
         6.0746e-13],
        [3.6622e-31, 3.9227e-10, 3.6628e-26,  ..., 1.4941e-21, 7.8280e-29,
         9.4462e-13],
        [3.7617e-32, 3.6328e-11, 1.6361e-27,  ..., 5.0788e-24, 6.1983e-29,
         3.1598e-12]], device='cuda:0')[0m
[0;30m[2020-12-01 10:45:41] [INFO] fpn epoch : 51, train acc : 0.6660869717597961, test acc : 0.6120052337646484[0m
[0;30m[2020-12-01 10:45:45] [INFO] tensor([[6.5283e-33, 3.1544e-11, 8.9752e-29,  ..., 5.3762e-23, 1.7274e-30,
         4.8388e-13],
        [4.6877e-35, 2.6255e-14, 2.3274e-31,  ..., 4.5403e-24, 2.0310e-33,
         1.4448e-17],
        [6.1110e-33, 9.6713e-11, 2.1298e-27,  ..., 1.2712e-22, 9.3394e-30,
         5.8478e-13],
        [2.4618e-31, 3.7392e-10, 2.8671e-26,  ..., 1.2367e-21, 5.9661e-29,
         9.0172e-13],
        [2.6313e-32, 3.5348e-11, 1.2644e-27,  ..., 4.1409e-24, 4.7471e-29,
         3.0883e-12]], device='cuda:0')[0m
[0;30m[2020-12-01 10:45:45] [INFO] fpn epoch : 52, train acc : 0.6379348039627075, test acc : 0.5954763293266296[0m
[0;30m[2020-12-01 10:45:50] [INFO] tensor([[4.5247e-33, 3.0730e-11, 6.2212e-29,  ..., 4.3887e-23, 1.3057e-30,
         4.5687e-13],
        [2.6069e-35, 2.0810e-14, 1.2579e-31,  ..., 3.0249e-24, 1.1996e-33,
         1.0957e-17],
        [4.4981e-33, 9.7847e-11, 1.5439e-27,  ..., 1.0870e-22, 7.4638e-30,
         5.7367e-13],
        [1.7852e-31, 3.8114e-10, 2.1125e-26,  ..., 1.0677e-21, 4.7535e-29,
         8.8352e-13],
        [1.8803e-32, 3.4634e-11, 8.6757e-28,  ..., 3.3901e-24, 3.6051e-29,
         2.9173e-12]], device='cuda:0')[0m
[0;30m[2020-12-01 10:45:50] [INFO] fpn epoch : 53, train acc : 0.6093478202819824, test acc : 0.5702479481697083[0m
[0;30m[2020-12-01 10:45:54] [INFO] tensor([[3.5830e-33, 3.1172e-11, 4.3546e-29,  ..., 3.9436e-23, 1.0246e-30,
         4.4804e-13],
        [1.9269e-35, 1.9603e-14, 7.6398e-32,  ..., 2.5204e-24, 8.4381e-34,
         9.7236e-18],
        [3.7879e-33, 1.0257e-10, 1.1293e-27,  ..., 1.0222e-22, 6.1605e-30,
         5.8278e-13],
        [1.3717e-31, 3.7713e-10, 1.4556e-26,  ..., 9.3624e-22, 3.6231e-29,
         8.3125e-13],
        [1.4422e-32, 3.2892e-11, 5.6303e-28,  ..., 2.8460e-24, 2.6495e-29,
         2.6485e-12]], device='cuda:0')[0m
[0;30m[2020-12-01 10:45:54] [INFO] fpn epoch : 54, train acc : 0.636413037776947, test acc : 0.5959112644195557[0m
[0;30m[2020-12-01 10:45:58] [INFO] tensor([[2.9996e-33, 3.0238e-11, 3.4355e-29,  ..., 3.7654e-23, 7.6381e-31,
         4.4429e-13],
        [1.8905e-35, 2.1881e-14, 6.5327e-32,  ..., 2.6997e-24, 7.0446e-34,
         1.0652e-17],
        [3.2612e-33, 1.0050e-10, 9.1073e-28,  ..., 9.9234e-23, 4.7261e-30,
         5.8515e-13],
        [1.0444e-31, 3.4029e-10, 1.0523e-26,  ..., 8.2501e-22, 2.4767e-29,
         7.5033e-13],
        [1.1780e-32, 3.0437e-11, 4.1637e-28,  ..., 2.4997e-24, 1.8869e-29,
         2.4538e-12]], device='cuda:0')[0m
[0;30m[2020-12-01 10:45:58] [INFO] fpn epoch : 55, train acc : 0.6826087236404419, test acc : 0.6285341382026672[0m
[0;30m[2020-12-01 10:46:03] [INFO] tensor([[2.4494e-33, 2.9870e-11, 3.0918e-29,  ..., 3.4530e-23, 5.7600e-31,
         4.4270e-13],
        [1.8274e-35, 2.5625e-14, 6.7795e-32,  ..., 2.8701e-24, 6.1444e-34,
         1.2115e-17],
        [2.5833e-33, 9.5264e-11, 7.9809e-28,  ..., 8.7505e-23, 3.4794e-30,
         5.6222e-13],
        [7.7877e-32, 3.1384e-10, 8.7219e-27,  ..., 7.0947e-22, 1.7276e-29,
         6.8945e-13],
        [9.3367e-33, 2.8594e-11, 3.5187e-28,  ..., 2.1105e-24, 1.3632e-29,
         2.3110e-12]], device='cuda:0')[0m
[0;30m[2020-12-01 10:46:03] [INFO] fpn epoch : 56, train acc : 0.6615217328071594, test acc : 0.6280992031097412[0m
[0;30m[2020-12-01 10:46:07] [INFO] tensor([[1.8923e-33, 2.9160e-11, 2.7320e-29,  ..., 2.9375e-23, 4.4406e-31,
         4.2801e-13],
        [1.3309e-35, 2.4043e-14, 5.7382e-32,  ..., 2.3641e-24, 4.5017e-34,
         1.1219e-17],
        [1.9723e-33, 9.1012e-11, 6.9302e-28,  ..., 7.2941e-23, 2.6569e-30,
         5.3324e-13],
        [5.8145e-32, 3.0180e-10, 7.5520e-27,  ..., 5.9975e-22, 1.3061e-29,
         6.5098e-13],
        [7.4445e-33, 2.8142e-11, 3.1294e-28,  ..., 1.7924e-24, 1.0770e-29,
         2.2654e-12]], device='cuda:0')[0m
[0;30m[2020-12-01 10:46:07] [INFO] fpn epoch : 57, train acc : 0.6634782552719116, test acc : 0.6267942786216736[0m
[0;30m[2020-12-01 10:46:11] [INFO] tensor([[1.4998e-33, 2.8655e-11, 2.5351e-29,  ..., 2.4993e-23, 3.8486e-31,
         4.1338e-13],
        [9.5218e-36, 2.1624e-14, 4.9068e-32,  ..., 1.8708e-24, 3.5614e-34,
         1.0040e-17],
        [1.5563e-33, 8.8503e-11, 6.3465e-28,  ..., 6.1135e-23, 2.2771e-30,
         5.0758e-13],
        [4.7231e-32, 3.0719e-10, 7.2247e-27,  ..., 5.3379e-22, 1.1576e-29,
         6.4756e-13],
        [6.1240e-33, 2.8180e-11, 2.9407e-28,  ..., 1.5547e-24, 9.6869e-30,
         2.2469e-12]], device='cuda:0')[0m
[0;30m[2020-12-01 10:46:11] [INFO] fpn epoch : 58, train acc : 0.6813043355941772, test acc : 0.6354936957359314[0m
[0;30m[2020-12-01 10:46:15] [INFO] tensor([[1.1941e-33, 2.7545e-11, 2.4268e-29,  ..., 2.1237e-23, 3.3960e-31,
         3.9725e-13],
        [7.3479e-36, 2.0452e-14, 4.6259e-32,  ..., 1.5633e-24, 3.0503e-34,
         9.5308e-18],
        [1.2452e-33, 8.5374e-11, 6.0799e-28,  ..., 5.1536e-23, 2.0078e-30,
         4.8652e-13],
        [3.8919e-32, 3.0906e-10, 7.2852e-27,  ..., 4.8030e-22, 1.0595e-29,
         6.4679e-13],
        [5.0752e-33, 2.7928e-11, 2.8672e-28,  ..., 1.3496e-24, 8.9300e-30,
         2.2300e-12]], device='cuda:0')[0m
[0;30m[2020-12-01 10:46:15] [INFO] fpn epoch : 59, train acc : 0.6773912906646729, test acc : 0.6220095753669739[0m
[0;30m[2020-12-01 10:46:20] [INFO] tensor([[8.9471e-34, 2.5645e-11, 2.2155e-29,  ..., 1.7851e-23, 2.8058e-31,
         3.7274e-13],
        [5.2463e-36, 1.8384e-14, 4.0619e-32,  ..., 1.2698e-24, 2.3854e-34,
         8.6125e-18],
        [9.6325e-34, 8.1540e-11, 5.6887e-28,  ..., 4.4004e-23, 1.6967e-30,
         4.6670e-13],
        [2.9762e-32, 2.9698e-10, 6.9828e-27,  ..., 4.2531e-22, 8.9940e-30,
         6.2266e-13],
        [4.0835e-33, 2.7485e-11, 2.7461e-28,  ..., 1.1811e-24, 7.8981e-30,
         2.2002e-12]], device='cuda:0')[0m
[0;30m[2020-12-01 10:46:20] [INFO] fpn epoch : 60, train acc : 0.653804361820221, test acc : 0.6124402284622192[0m
[0;30m[2020-12-01 10:46:24] [INFO] tensor([[6.7081e-34, 2.4662e-11, 1.8821e-29,  ..., 1.5240e-23, 2.3626e-31,
         3.5029e-13],
        [3.3940e-36, 1.5442e-14, 2.9665e-32,  ..., 9.6122e-25, 1.7160e-34,
         7.0778e-18],
        [7.5347e-34, 8.0924e-11, 4.9767e-28,  ..., 3.8617e-23, 1.4647e-30,
         4.5443e-13],
        [2.3116e-32, 2.9759e-10, 6.3496e-27,  ..., 3.8685e-22, 7.7743e-30,
         6.1039e-13],
        [3.2652e-33, 2.7426e-11, 2.4159e-28,  ..., 1.0473e-24, 7.0179e-30,
         2.1397e-12]], device='cuda:0')[0m
[0;30m[2020-12-01 10:46:24] [INFO] fpn epoch : 61, train acc : 0.6234782934188843, test acc : 0.5841670632362366[0m
[0;30m[2020-12-01 10:46:28] [INFO] tensor([[5.7329e-34, 2.4900e-11, 1.5378e-29,  ..., 1.4204e-23, 2.1756e-31,
         3.3857e-13],
        [2.5497e-36, 1.3898e-14, 2.0874e-32,  ..., 8.0801e-25, 1.3696e-34,
         6.0425e-18],
        [6.7121e-34, 8.4176e-11, 4.1916e-28,  ..., 3.7302e-23, 1.3807e-30,
         4.5703e-13],
        [1.9873e-32, 3.0316e-10, 5.3970e-27,  ..., 3.6840e-22, 7.0670e-30,
         5.9378e-13],
        [2.7574e-33, 2.6714e-11, 1.9059e-28,  ..., 9.5082e-25, 6.3063e-30,
         1.9942e-12]], device='cuda:0')[0m
[0;30m[2020-12-01 10:46:28] [INFO] fpn epoch : 62, train acc : 0.6191304326057434, test acc : 0.5802522897720337[0m
[0;30m[2020-12-01 10:46:32] [INFO] tensor([[5.3998e-34, 2.5030e-11, 1.3112e-29,  ..., 1.4416e-23, 1.9619e-31,
         3.3857e-13],
        [2.4451e-36, 1.4125e-14, 1.7493e-32,  ..., 8.3119e-25, 1.2227e-34,
         5.9319e-18],
        [6.4343e-34, 8.5310e-11, 3.6223e-28,  ..., 3.8540e-23, 1.2533e-30,
         4.6407e-13],
        [1.7319e-32, 2.8673e-10, 4.3405e-27,  ..., 3.5151e-22, 5.8000e-30,
         5.5134e-13],
        [2.4857e-33, 2.5473e-11, 1.5434e-28,  ..., 9.0432e-25, 5.4424e-30,
         1.8745e-12]], device='cuda:0')[0m
[0;30m[2020-12-01 10:46:32] [INFO] fpn epoch : 63, train acc : 0.6688043475151062, test acc : 0.61026531457901[0m
[0;30m[2020-12-01 10:46:37] [INFO] tensor([[4.8547e-34, 2.4526e-11, 1.2200e-29,  ..., 1.4157e-23, 1.5909e-31,
         3.3943e-13],
        [2.5769e-36, 1.6261e-14, 1.9101e-32,  ..., 9.5756e-25, 1.1621e-34,
         6.7806e-18],
        [5.6355e-34, 8.1324e-11, 3.3235e-28,  ..., 3.6953e-23, 9.9287e-31,
         4.5445e-13],
        [1.4056e-32, 2.5863e-10, 3.6696e-27,  ..., 3.1979e-22, 4.1849e-30,
         5.0257e-13],
        [2.1090e-33, 2.3538e-11, 1.3474e-28,  ..., 8.1136e-25, 4.2462e-30,
         1.7645e-12]], device='cuda:0')[0m
[0;30m[2020-12-01 10:46:37] [INFO] fpn epoch : 64, train acc : 0.6781522035598755, test acc : 0.6333188414573669[0m
[0;30m[2020-12-01 10:46:41] [INFO] tensor([[3.8473e-34, 2.3566e-11, 1.1225e-29,  ..., 1.2232e-23, 1.2118e-31,
         3.2731e-13],
        [2.1039e-36, 1.6592e-14, 1.8715e-32,  ..., 8.7776e-25, 9.5677e-35,
         6.8789e-18],
        [4.3684e-34, 7.6121e-11, 3.0133e-28,  ..., 3.1072e-23, 7.3703e-31,
         4.2853e-13],
        [1.0702e-32, 2.4310e-10, 3.3063e-27,  ..., 2.7308e-22, 3.0533e-30,
         4.6686e-13],
        [1.6353e-33, 2.2038e-11, 1.2048e-28,  ..., 6.7186e-25, 3.2250e-30,
         1.6703e-12]], device='cuda:0')[0m
[0;30m[2020-12-01 10:46:41] [INFO] fpn epoch : 65, train acc : 0.6630434989929199, test acc : 0.6259243488311768[0m
[0;30m[2020-12-01 10:46:45] [INFO] tensor([[2.9082e-34, 2.2527e-11, 9.9509e-30,  ..., 1.0089e-23, 9.8569e-32,
         3.0806e-13],
        [1.5123e-36, 1.5638e-14, 1.6492e-32,  ..., 7.2257e-25, 7.8753e-35,
         6.4021e-18],
        [3.3361e-34, 7.3216e-11, 2.6883e-28,  ..., 2.5664e-23, 5.9512e-31,
         4.0452e-13],
        [8.1796e-33, 2.3884e-10, 3.0293e-27,  ..., 2.3246e-22, 2.5149e-30,
         4.4551e-13],
        [1.2598e-33, 2.1342e-11, 1.0804e-28,  ..., 5.6089e-25, 2.6991e-30,
         1.6057e-12]], device='cuda:0')[0m
[0;30m[2020-12-01 10:46:45] [INFO] fpn epoch : 66, train acc : 0.6730434894561768, test acc : 0.625489354133606[0m
[0;30m[2020-12-01 10:46:49] [INFO] tensor([[2.2851e-34, 2.2161e-11, 9.6395e-30,  ..., 8.6723e-24, 8.8874e-32,
         3.0026e-13],
        [1.1246e-36, 1.5105e-14, 1.5934e-32,  ..., 6.1129e-25, 7.0333e-35,
         6.0769e-18],
        [2.5844e-34, 7.1251e-11, 2.5631e-28,  ..., 2.1614e-23, 5.1889e-31,
         3.8785e-13],
        [6.4738e-33, 2.4105e-10, 3.0324e-27,  ..., 2.0590e-22, 2.2907e-30,
         4.3917e-13],
        [1.0174e-33, 2.1635e-11, 1.0688e-28,  ..., 4.9334e-25, 2.5158e-30,
         1.6257e-12]], device='cuda:0')[0m
[0;30m[2020-12-01 10:46:50] [INFO] fpn epoch : 67, train acc : 0.6868478655815125, test acc : 0.6346237659454346[0m
[0;30m[2020-12-01 10:46:54] [INFO] tensor([[1.7677e-34, 2.1258e-11, 9.5498e-30,  ..., 7.4659e-24, 7.8016e-32,
         2.9253e-13],
        [8.1137e-37, 1.3973e-14, 1.5457e-32,  ..., 5.0342e-25, 5.9283e-35,
         5.6431e-18],
        [1.9933e-34, 6.8904e-11, 2.5436e-28,  ..., 1.8475e-23, 4.4878e-31,
         3.7895e-13],
        [4.9809e-33, 2.3627e-10, 3.0940e-27,  ..., 1.8306e-22, 2.0085e-30,
         4.3052e-13],
        [8.2569e-34, 2.1862e-11, 1.1092e-28,  ..., 4.3898e-25, 2.3473e-30,
         1.6722e-12]], device='cuda:0')[0m
[0;30m[2020-12-01 10:46:54] [INFO] fpn epoch : 68, train acc : 0.6822826266288757, test acc : 0.6259243488311768[0m
[0;30m[2020-12-01 10:46:58] [INFO] tensor([[1.3073e-34, 2.0124e-11, 8.6370e-30,  ..., 6.3967e-24, 6.6869e-32,
         2.7770e-13],
        [5.3842e-37, 1.2080e-14, 1.2842e-32,  ..., 3.9576e-25, 4.5817e-35,
         4.8872e-18],
        [1.5044e-34, 6.6659e-11, 2.3474e-28,  ..., 1.6007e-23, 3.8509e-31,
         3.6708e-13],
        [3.7579e-33, 2.3225e-10, 2.9367e-27,  ..., 1.6534e-22, 1.7352e-30,
         4.2071e-13],
        [6.4958e-34, 2.1703e-11, 1.0496e-28,  ..., 3.8846e-25, 2.1255e-30,
         1.6651e-12]], device='cuda:0')[0m
[0;30m[2020-12-01 10:46:58] [INFO] fpn epoch : 69, train acc : 0.661195695400238, test acc : 0.6120052337646484[0m
[0;30m[2020-12-01 10:47:02] [INFO] tensor([[1.0022e-34, 1.9749e-11, 7.5293e-30,  ..., 5.6552e-24, 5.9813e-32,
         2.6260e-13],
        [3.4438e-37, 1.0072e-14, 9.4007e-33,  ..., 3.0212e-25, 3.3907e-35,
         3.9114e-18],
        [1.1783e-34, 6.6505e-11, 2.0771e-28,  ..., 1.4367e-23, 3.4131e-31,
         3.5522e-13],
        [3.0080e-33, 2.3850e-10, 2.7237e-27,  ..., 1.5493e-22, 1.5672e-30,
         4.1318e-13],
        [5.2409e-34, 2.1854e-11, 9.3553e-29,  ..., 3.5263e-25, 1.9586e-30,
         1.6246e-12]], device='cuda:0')[0m
[0;30m[2020-12-01 10:47:02] [INFO] fpn epoch : 70, train acc : 0.6195652484893799, test acc : 0.575032651424408[0m
[0;30m[2020-12-01 10:47:07] [INFO] tensor([[8.5313e-35, 1.9259e-11, 6.2478e-30,  ..., 5.2795e-24, 5.5323e-32,
         2.4741e-13],
        [2.5184e-37, 8.4378e-15, 6.4954e-33,  ..., 2.4239e-25, 2.6283e-35,
         3.1188e-18],
        [1.0657e-34, 6.8205e-11, 1.8081e-28,  ..., 1.4194e-23, 3.2392e-31,
         3.5458e-13],
        [2.7067e-33, 2.4501e-10, 2.4283e-27,  ..., 1.5367e-22, 1.4729e-30,
         4.0350e-13],
        [4.6142e-34, 2.1338e-11, 7.8239e-29,  ..., 3.3307e-25, 1.8120e-30,
         1.5360e-12]], device='cuda:0')[0m
[0;30m[2020-12-01 10:47:07] [INFO] fpn epoch : 71, train acc : 0.5995652079582214, test acc : 0.5589386820793152[0m
[0;30m[2020-12-01 10:47:11] [INFO] tensor([[8.2262e-35, 1.8916e-11, 5.1581e-30,  ..., 5.5205e-24, 4.8546e-32,
         2.4342e-13],
        [2.5404e-37, 8.5388e-15, 5.3745e-33,  ..., 2.5725e-25, 2.3746e-35,
         3.1173e-18],
        [1.0844e-34, 7.0129e-11, 1.5620e-28,  ..., 1.5614e-23, 2.9426e-31,
         3.6782e-13],
        [2.5229e-33, 2.3500e-10, 1.9493e-27,  ..., 1.5590e-22, 1.2169e-30,
         3.8138e-13],
        [4.2796e-34, 1.9756e-11, 6.0279e-29,  ..., 3.2421e-25, 1.5078e-30,
         1.4116e-12]], device='cuda:0')[0m
[0;30m[2020-12-01 10:47:11] [INFO] fpn epoch : 72, train acc : 0.6530435085296631, test acc : 0.6041757464408875[0m
[0;30m[2020-12-01 10:47:15] [INFO] tensor([[7.5363e-35, 1.8802e-11, 4.6443e-30,  ..., 5.8593e-24, 3.7294e-32,
         2.4380e-13],
        [3.0450e-37, 1.0868e-14, 6.2531e-33,  ..., 3.5260e-25, 2.3953e-35,
         3.9052e-18],
        [9.7077e-35, 6.8022e-11, 1.3846e-28,  ..., 1.6317e-23, 2.2231e-31,
         3.6176e-13],
        [2.0254e-33, 2.0858e-10, 1.5246e-27,  ..., 1.4818e-22, 8.1627e-31,
         3.3683e-13],
        [3.7718e-34, 1.8543e-11, 4.9262e-29,  ..., 3.1402e-25, 1.1246e-30,
         1.3335e-12]], device='cuda:0')[0m
[0;30m[2020-12-01 10:47:15] [INFO] fpn epoch : 73, train acc : 0.676630437374115, test acc : 0.6315789818763733[0m
[0;30m[2020-12-01 10:47:20] [INFO] tensor([[6.2396e-35, 1.8556e-11, 4.2709e-30,  ..., 5.3202e-24, 2.7527e-32,
         2.3745e-13],
        [2.7149e-37, 1.1600e-14, 6.2655e-33,  ..., 3.4368e-25, 1.9410e-35,
         4.0170e-18],
        [7.7680e-35, 6.4434e-11, 1.2369e-28,  ..., 1.4231e-23, 1.5934e-31,
         3.4073e-13],
        [1.5885e-33, 1.9616e-10, 1.3298e-27,  ..., 1.2958e-22, 5.7405e-31,
         3.0855e-13],
        [3.0348e-34, 1.7191e-11, 4.2148e-29,  ..., 2.6447e-25, 8.0385e-31,
         1.2336e-12]], device='cuda:0')[0m
[0;30m[2020-12-01 10:47:20] [INFO] fpn epoch : 74, train acc : 0.6515217423439026, test acc : 0.61026531457901[0m
[0;30m[2020-12-01 10:47:24] [INFO] tensor([[4.9171e-35, 1.8221e-11, 3.8196e-30,  ..., 4.6276e-24, 2.2962e-32,
         2.2887e-13],
        [2.0059e-37, 1.0761e-14, 5.4223e-33,  ..., 2.8231e-25, 1.5691e-35,
         3.7013e-18],
        [6.2344e-35, 6.3227e-11, 1.1085e-28,  ..., 1.2319e-23, 1.3264e-31,
         3.2862e-13],
        [1.2969e-33, 1.9831e-10, 1.2242e-27,  ..., 1.1653e-22, 4.9154e-31,
         3.0396e-13],
        [2.4953e-34, 1.7237e-11, 3.8913e-29,  ..., 2.3578e-25, 7.0040e-31,
         1.2233e-12]], device='cuda:0')[0m
[0;30m[2020-12-01 10:47:24] [INFO] fpn epoch : 75, train acc : 0.6726087331771851, test acc : 0.625489354133606[0m
[0;30m[2020-12-01 10:47:28] [INFO] tensor([[3.9747e-35, 1.8652e-11, 4.1044e-30,  ..., 4.2838e-24, 2.1693e-32,
         2.3200e-13],
        [1.5480e-37, 1.0526e-14, 5.7528e-33,  ..., 2.5147e-25, 1.4463e-35,
         3.6316e-18],
        [4.9280e-35, 6.2634e-11, 1.1432e-28,  ..., 1.0919e-23, 1.2001e-31,
         3.2055e-13],
        [1.0691e-33, 2.1075e-10, 1.3528e-27,  ..., 1.1266e-22, 4.7580e-31,
         3.1356e-13],
        [2.1763e-34, 1.8810e-11, 4.3969e-29,  ..., 2.3093e-25, 7.1027e-31,
         1.3206e-12]], device='cuda:0')[0m
[0;30m[2020-12-01 10:47:28] [INFO] fpn epoch : 76, train acc : 0.689130425453186, test acc : 0.6328838467597961[0m
[0;30m[2020-12-01 10:47:32] [INFO] tensor([[3.1443e-35, 1.8247e-11, 4.5874e-30,  ..., 3.7550e-24, 1.8980e-32,
         2.2988e-13],
        [1.1001e-37, 9.3200e-15, 5.9161e-33,  ..., 1.9679e-25, 1.1513e-35,
         3.2668e-18],
        [3.8994e-35, 6.1111e-11, 1.2565e-28,  ..., 9.3288e-24, 1.0385e-31,
         3.1447e-13],
        [8.5493e-34, 2.1315e-10, 1.5660e-27,  ..., 1.0309e-22, 4.2465e-31,
         3.1447e-13],
        [1.8480e-34, 1.9438e-11, 5.1358e-29,  ..., 2.1095e-25, 6.6890e-31,
         1.3883e-12]], device='cuda:0')[0m
[0;30m[2020-12-01 10:47:32] [INFO] fpn epoch : 77, train acc : 0.6671739220619202, test acc : 0.6124402284622192[0m
[0;30m[2020-12-01 10:47:37] [INFO] tensor([[2.4022e-35, 1.6992e-11, 4.0213e-30,  ..., 3.2241e-24, 1.6075e-32,
         2.1383e-13],
        [7.8871e-38, 8.1942e-15, 4.8846e-33,  ..., 1.5906e-25, 8.9834e-36,
         2.8639e-18],
        [3.1314e-35, 5.9719e-11, 1.1538e-28,  ..., 8.3293e-24, 9.1472e-32,
         3.0587e-13],
        [6.8499e-34, 2.0905e-10, 1.4766e-27,  ..., 9.5394e-23, 3.7533e-31,
         3.0654e-13],
        [1.5327e-34, 1.9331e-11, 4.7799e-29,  ..., 1.9153e-25, 6.1056e-31,
         1.3750e-12]], device='cuda:0')[0m
[0;30m[2020-12-01 10:47:37] [INFO] fpn epoch : 78, train acc : 0.6372826099395752, test acc : 0.594606339931488[0m
[0;30m[2020-12-01 10:47:41] [INFO] tensor([[1.9413e-35, 1.7339e-11, 3.1685e-30,  ..., 2.9810e-24, 1.4897e-32,
         2.0584e-13],
        [5.4883e-38, 7.2755e-15, 3.2753e-33,  ..., 1.2977e-25, 6.9583e-36,
         2.3852e-18],
        [2.6639e-35, 6.3080e-11, 9.4666e-29,  ..., 8.0429e-24, 8.6803e-32,
         3.0602e-13],
        [5.7108e-34, 2.1741e-10, 1.2154e-27,  ..., 9.1431e-23, 3.5114e-31,
         2.9945e-13],
        [1.2509e-34, 1.9444e-11, 3.6808e-29,  ..., 1.7672e-25, 5.4633e-31,
         1.2991e-12]], device='cuda:0')[0m
[0;30m[2020-12-01 10:47:41] [INFO] fpn epoch : 79, train acc : 0.6281521916389465, test acc : 0.5837320685386658[0m
[0;30m[2020-12-01 10:47:45] [INFO] tensor([[1.8005e-35, 1.7471e-11, 2.7838e-30,  ..., 2.9834e-24, 1.3588e-32,
         2.0352e-13],
        [4.8228e-38, 6.9157e-15, 2.6104e-33,  ..., 1.2024e-25, 5.8378e-36,
         2.2002e-18],
        [2.5507e-35, 6.4446e-11, 8.4382e-29,  ..., 8.1778e-24, 7.9875e-32,
         3.0909e-13],
        [5.0703e-34, 2.1165e-10, 1.0327e-27,  ..., 8.8337e-23, 2.9965e-31,
         2.8159e-13],
        [1.0907e-34, 1.7918e-11, 2.9273e-29,  ..., 1.6173e-25, 4.5692e-31,
         1.1774e-12]], device='cuda:0')[0m
[0;30m[2020-12-01 10:47:45] [INFO] fpn epoch : 80, train acc : 0.6681522130966187, test acc : 0.6154850125312805[0m
[0;30m[2020-12-01 10:47:49] [INFO] tensor([[1.5777e-35, 1.6577e-11, 2.4823e-30,  ..., 3.0097e-24, 1.0629e-32,
         1.9610e-13],
        [5.5609e-38, 8.3555e-15, 2.9833e-33,  ..., 1.5656e-25, 5.8802e-36,
         2.6582e-18],
        [2.1854e-35, 5.9277e-11, 7.3399e-29,  ..., 7.9894e-24, 6.0782e-32,
         2.8876e-13],
        [4.0806e-34, 1.8569e-10, 8.3443e-28,  ..., 8.2941e-23, 2.1256e-31,
         2.4775e-13],
        [9.4976e-35, 1.6792e-11, 2.4826e-29,  ..., 1.5511e-25, 3.6125e-31,
         1.1140e-12]], device='cuda:0')[0m
[0;30m[2020-12-01 10:47:49] [INFO] fpn epoch : 81, train acc : 0.689673900604248, test acc : 0.6359286904335022[0m
[0;30m[2020-12-01 10:47:54] [INFO] tensor([[1.2218e-35, 1.5871e-11, 2.0471e-30,  ..., 2.5699e-24, 7.6883e-33,
         1.8440e-13],
        [4.6434e-38, 8.9016e-15, 2.7482e-33,  ..., 1.4762e-25, 4.8126e-36,
         2.7286e-18],
        [1.6731e-35, 5.5862e-11, 6.0595e-29,  ..., 6.6774e-24, 4.4059e-32,
         2.6823e-13],
        [3.0643e-34, 1.7169e-10, 6.6489e-28,  ..., 6.8782e-23, 1.4947e-31,
         2.2270e-13],
        [7.0501e-35, 1.5353e-11, 1.9154e-29,  ..., 1.2462e-25, 2.5687e-31,
         9.9977e-13]], device='cuda:0')[0m
[0;30m[2020-12-01 10:47:54] [INFO] fpn epoch : 82, train acc : 0.6702173948287964, test acc : 0.6298390626907349[0m
[0;30m[2020-12-01 10:47:58] [INFO] tensor([[9.0947e-36, 1.5185e-11, 1.6680e-30,  ..., 2.1064e-24, 5.9870e-33,
         1.7308e-13],
        [3.1278e-38, 7.9214e-15, 2.1128e-33,  ..., 1.1148e-25, 3.5732e-36,
         2.3710e-18],
        [1.2697e-35, 5.4278e-11, 5.0423e-29,  ..., 5.5025e-24, 3.4908e-32,
         2.5496e-13],
        [2.3087e-34, 1.6611e-10, 5.4738e-28,  ..., 5.7126e-23, 1.1717e-31,
         2.0859e-13],
        [5.2149e-35, 1.4510e-11, 1.5571e-29,  ..., 1.0129e-25, 2.0171e-31,
         9.2800e-13]], device='cuda:0')[0m
[0;30m[2020-12-01 10:47:58] [INFO] fpn epoch : 83, train acc : 0.6710869669914246, test acc : 0.6285341382026672[0m
[0;30m[2020-12-01 10:48:02] [INFO] tensor([[7.1226e-36, 1.5076e-11, 1.6553e-30,  ..., 1.9154e-24, 5.1989e-33,
         1.7086e-13],
        [2.5284e-38, 8.1147e-15, 2.2152e-33,  ..., 1.0432e-25, 3.2879e-36,
         2.3983e-18],
        [9.6010e-36, 5.1939e-11, 4.7672e-29,  ..., 4.7437e-24, 2.8820e-32,
         2.4060e-13],
        [1.7747e-34, 1.6403e-10, 5.3566e-28,  ..., 5.2077e-23, 9.9774e-32,
         2.0187e-13],
        [4.2491e-35, 1.5012e-11, 1.5882e-29,  ..., 9.4418e-26, 1.8708e-31,
         9.5133e-13]], device='cuda:0')[0m
[0;30m[2020-12-01 10:48:02] [INFO] fpn epoch : 84, train acc : 0.6873913407325745, test acc : 0.6389734745025635[0m
[0;30m[2020-12-01 10:48:06] [INFO] tensor([[5.7366e-36, 1.4794e-11, 1.7201e-30,  ..., 1.6849e-24, 4.3885e-33,
         1.6809e-13],
        [1.8582e-38, 7.3301e-15, 2.1706e-33,  ..., 8.3214e-26, 2.5760e-36,
         2.1602e-18],
        [7.5752e-36, 4.9792e-11, 4.8072e-29,  ..., 3.9981e-24, 2.3563e-32,
         2.3060e-13],
        [1.4013e-34, 1.6162e-10, 5.5663e-28,  ..., 4.6101e-23, 8.3103e-32,
         1.9614e-13],
        [3.6423e-35, 1.5634e-11, 1.7212e-29,  ..., 8.5950e-26, 1.7111e-31,
         9.9059e-13]], device='cuda:0')[0m
[0;30m[2020-12-01 10:48:06] [INFO] fpn epoch : 85, train acc : 0.6931521892547607, test acc : 0.6346237659454346[0m
[0;30m[2020-12-01 10:48:11] [INFO] tensor([[4.3933e-36, 1.4127e-11, 1.5720e-30,  ..., 1.4344e-24, 3.7343e-33,
         1.6073e-13],
        [1.3333e-38, 6.5314e-15, 1.8320e-33,  ..., 6.5874e-26, 2.0211e-36,
         1.9173e-18],
        [5.8339e-36, 4.8226e-11, 4.4629e-29,  ..., 3.4000e-24, 2.0161e-32,
         2.2377e-13],
        [1.1047e-34, 1.6032e-10, 5.2968e-28,  ..., 4.1208e-23, 7.2024e-32,
         1.9210e-13],
        [2.9863e-35, 1.5884e-11, 1.6517e-29,  ..., 7.6254e-26, 1.5734e-31,
         9.9867e-13]], device='cuda:0')[0m
[0;30m[2020-12-01 10:48:11] [INFO] fpn epoch : 86, train acc : 0.678804337978363, test acc : 0.6241844296455383[0m
[0;30m[2020-12-01 10:48:15] [INFO] tensor([[3.2011e-36, 1.3670e-11, 1.3621e-30,  ..., 1.2421e-24, 3.2588e-33,
         1.5113e-13],
        [8.5472e-39, 5.5686e-15, 1.3605e-33,  ..., 5.0360e-26, 1.5156e-36,
         1.5770e-18],
        [4.3847e-36, 4.8233e-11, 3.9926e-29,  ..., 3.0150e-24, 1.7962e-32,
         2.1803e-13],
        [8.5005e-35, 1.6164e-10, 4.8284e-28,  ..., 3.8002e-23, 6.4638e-32,
         1.8588e-13],
        [2.3411e-35, 1.6250e-11, 1.4978e-29,  ..., 6.9297e-26, 1.4606e-31,
         9.8975e-13]], device='cuda:0')[0m
[0;30m[2020-12-01 10:48:15] [INFO] fpn epoch : 87, train acc : 0.6494565606117249, test acc : 0.6076555252075195[0m
[0;30m[2020-12-01 10:48:19] [INFO] tensor([[2.5226e-36, 1.3320e-11, 1.1363e-30,  ..., 1.0822e-24, 2.8941e-33,
         1.3847e-13],
        [5.4733e-39, 4.3249e-15, 8.8816e-34,  ..., 3.5036e-26, 1.0407e-36,
         1.1380e-18],
        [3.6635e-36, 4.9669e-11, 3.5000e-29,  ..., 2.7607e-24, 1.6566e-32,
         2.1202e-13],
        [7.2741e-35, 1.6817e-10, 4.3594e-28,  ..., 3.5764e-23, 5.9834e-32,
         1.8011e-13],
        [1.8642e-35, 1.5508e-11, 1.2384e-29,  ..., 6.0355e-26, 1.2678e-31,
         9.0294e-13]], device='cuda:0')[0m
[0;30m[2020-12-01 10:48:19] [INFO] fpn epoch : 88, train acc : 0.6123912930488586, test acc : 0.567203164100647[0m
